#
# There is insufficient memory for the Java Runtime Environment to continue.
# Native memory allocation (malloc) failed to allocate 971376 bytes for Chunk::new
# Possible reasons:
#   The system is out of physical RAM or swap space
#   The process is running with CompressedOops enabled, and the Java Heap may be blocking the growth of the native heap
# Possible solutions:
#   Reduce memory load on the system
#   Increase physical memory or swap space
#   Check if swap backing store is full
#   Decrease Java heap size (-Xmx/-Xms)
#   Decrease number of Java threads
#   Decrease Java thread stack sizes (-Xss)
#   Set larger code cache with -XX:ReservedCodeCacheSize=
#   JVM is running with Unscaled Compressed Oops mode in which the Java heap is
#     placed in the first 4GB address space. The Java Heap base address is the
#     maximum limit for the native heap growth. Please use -XX:HeapBaseMinAddress
#     to set the Java Heap base and to place the Java Heap above 4GB virtual address.
# This output file may be truncated or incomplete.
#
#  Out of Memory Error (./src/hotspot/share/memory/arena.cpp:197), pid=7256, tid=1568
#
# JRE version: OpenJDK Runtime Environment (11.0.12+7) (build 11.0.12+7-b1504.28-7817840)
# Java VM: OpenJDK 64-Bit Server VM (11.0.12+7-b1504.28-7817840, mixed mode, tiered, compressed oops, g1 gc, windows-amd64)
# No core dump will be written. Minidumps are not enabled by default on client versions of Windows
#

---------------  S U M M A R Y ------------

Command Line: --add-opens=java.base/java.util=ALL-UNNAMED --add-opens=java.base/java.lang=ALL-UNNAMED --add-opens=java.base/java.lang.invoke=ALL-UNNAMED --add-opens=java.base/java.util=ALL-UNNAMED --add-opens=java.prefs/java.util.prefs=ALL-UNNAMED --add-opens=java.prefs/java.util.prefs=ALL-UNNAMED --add-opens=java.base/java.nio.charset=ALL-UNNAMED --add-opens=java.base/java.net=ALL-UNNAMED --add-opens=java.base/java.util.concurrent.atomic=ALL-UNNAMED -Xmx2048m -Dfile.encoding=UTF-8 -Duser.country=RU -Duser.language=ru -Duser.variant org.gradle.launcher.daemon.bootstrap.GradleDaemon 7.3.3

Host: Intel(R) Core(TM) i3-7020U CPU @ 2.30GHz, 4 cores, 7G,  Windows 10 , 64 bit Build 19041 (10.0.19041.1889)
Time: Wed Oct 26 01:26:19 2022 Центральная Азия (зима) elapsed time: 24.632042 seconds (0d 0h 0m 24s)

---------------  T H R E A D  ---------------

Current thread (0x000002a2fdce6000):  JavaThread "C2 CompilerThread1" daemon [_thread_in_native, id=1568, stack(0x000000bb45600000,0x000000bb45700000)]


Current CompileTask:
C2:  24632 9075   !   4       org.gradle.api.internal.attributes.DefaultImmutableAttributesFactory::doConcatIsolatable (128 bytes)

Stack: [0x000000bb45600000,0x000000bb45700000]
Native frames: (J=compiled Java code, j=interpreted, Vv=VM code, C=native code)
V  [jvm.dll+0x5fbcea]
V  [jvm.dll+0x731905]
V  [jvm.dll+0x732f1d]
V  [jvm.dll+0x7335d3]
V  [jvm.dll+0x247bf8]
V  [jvm.dll+0xc018c]
V  [jvm.dll+0xc06cc]
V  [jvm.dll+0x35b31d]
V  [jvm.dll+0x19d0bc]
V  [jvm.dll+0x20070e]
V  [jvm.dll+0x1ff794]
V  [jvm.dll+0x18868c]
V  [jvm.dll+0x20e0d7]
V  [jvm.dll+0x20c901]
V  [jvm.dll+0x6f9b7f]
V  [jvm.dll+0x6f26a5]
V  [jvm.dll+0x5fabf6]
C  [ucrtbase.dll+0x21bb2]
C  [KERNEL32.DLL+0x17034]
C  [ntdll.dll+0x526a1]


---------------  P R O C E S S  ---------------

Threads class SMR info:
_java_thread_list=0x000002a2ff930ea0, length=87, elements={
0x000002a2df20e000, 0x000002a2faeca000, 0x000002a2faecd800, 0x000002a2faeec000,
0x000002a2faeef800, 0x000002a2faef1800, 0x000002a2faef2800, 0x000002a2faefa000,
0x000002a2faefe000, 0x000002a2fb9c7000, 0x000002a2fecca000, 0x000002a2fecc9000,
0x000002a2fecc8000, 0x000002a2feccd000, 0x000002a2feccc800, 0x000002a2fecce800,
0x000002a2fecce000, 0x000002a2fecca800, 0x000002a2feccb800, 0x000002a2fdaf9800,
0x000002a2fdafc000, 0x000002a2fdafd000, 0x000002a2fdaf7800, 0x000002a2fdafe000,
0x000002a2fdafa800, 0x000002a2fdaf8000, 0x000002a2fdafb800, 0x000002a2fdafe800,
0x000002a2fdaf9000, 0x000002a2fdb05000, 0x000002a2fdb00800, 0x000002a2fdaff800,
0x000002a2fdb06000, 0x000002a281a34000, 0x000002a281a2f800, 0x000002a281a32000,
0x000002a281a30000, 0x000002a281a31000, 0x000002a281a32800, 0x000002a281a33800,
0x000002a281a2e800, 0x000002a281a38800, 0x000002a281a3b000, 0x000002a281a36800,
0x000002a281a37800, 0x000002a281a39000, 0x000002a281a3a000, 0x000002a281a35000,
0x000002a281a3b800, 0x000002a281a36000, 0x000002a281a3c800, 0x000002a281a3d000,
0x000002a2feec1800, 0x000002a2feec0800, 0x000002a2feec4800, 0x000002a2feec8000,
0x000002a2feec5800, 0x000002a2feec3000, 0x000002a2feec6800, 0x000002a2feec7000,
0x000002a2feec4000, 0x000002a2feec2000, 0x000002a2feec9800, 0x000002a2feeca800,
0x000002a2feecc000, 0x000002a2feecd000, 0x000002a2feec9000, 0x000002a2feecf800,
0x000002a2feecd800, 0x000002a2feece800, 0x000002a2feecb000, 0x000002a2fe6f5000,
0x000002a2fe6f2800, 0x000002a2fe6f3800, 0x000002a2fe6f6000, 0x000002a2fe6f7800,
0x000002a2fe6f7000, 0x000002a2fe6f8800, 0x000002a2fe6f9000, 0x000002a2fdce6000,
0x000002a2fe6f4800, 0x000002a2fe6fb000, 0x000002a2fe6fc800, 0x000002a2fe6fe000,
0x000002a2fe6fd800, 0x000002a2fe6ff000, 0x000002a2fe700000
}

Java Threads: ( => current thread )
  0x000002a2df20e000 JavaThread "main" [_thread_blocked, id=1444, stack(0x000000bb43300000,0x000000bb43400000)]
  0x000002a2faeca000 JavaThread "Reference Handler" daemon [_thread_blocked, id=7340, stack(0x000000bb43a00000,0x000000bb43b00000)]
  0x000002a2faecd800 JavaThread "Finalizer" daemon [_thread_blocked, id=7876, stack(0x000000bb43b00000,0x000000bb43c00000)]
  0x000002a2faeec000 JavaThread "Signal Dispatcher" daemon [_thread_blocked, id=5416, stack(0x000000bb43c00000,0x000000bb43d00000)]
  0x000002a2faeef800 JavaThread "Attach Listener" daemon [_thread_blocked, id=3056, stack(0x000000bb43d00000,0x000000bb43e00000)]
  0x000002a2faef1800 JavaThread "Service Thread" daemon [_thread_blocked, id=9620, stack(0x000000bb43e00000,0x000000bb43f00000)]
  0x000002a2faef2800 JavaThread "C2 CompilerThread0" daemon [_thread_in_native, id=7600, stack(0x000000bb43f00000,0x000000bb44000000)]
  0x000002a2faefa000 JavaThread "C1 CompilerThread0" daemon [_thread_blocked, id=7564, stack(0x000000bb44000000,0x000000bb44100000)]
  0x000002a2faefe000 JavaThread "Sweeper thread" daemon [_thread_blocked, id=6340, stack(0x000000bb44100000,0x000000bb44200000)]
  0x000002a2fb9c7000 JavaThread "Common-Cleaner" daemon [_thread_blocked, id=6532, stack(0x000000bb44200000,0x000000bb44300000)]
  0x000002a2fecca000 JavaThread "Daemon health stats" [_thread_blocked, id=6544, stack(0x000000bb44800000,0x000000bb44900000)]
  0x000002a2fecc9000 JavaThread "Incoming local TCP Connector on port 65525" [_thread_in_native, id=144, stack(0x000000bb44500000,0x000000bb44600000)]
  0x000002a2fecc8000 JavaThread "Daemon periodic checks" [_thread_blocked, id=6276, stack(0x000000bb44900000,0x000000bb44a00000)]
  0x000002a2feccd000 JavaThread "Daemon" [_thread_blocked, id=2736, stack(0x000000bb44a00000,0x000000bb44b00000)]
  0x000002a2feccc800 JavaThread "Handler for socket connection from /127.0.0.1:65525 to /127.0.0.1:65526" [_thread_in_native, id=4676, stack(0x000000bb44b00000,0x000000bb44c00000)]
  0x000002a2fecce800 JavaThread "Cancel handler" [_thread_blocked, id=7964, stack(0x000000bb44c00000,0x000000bb44d00000)]
  0x000002a2fecce000 JavaThread "Daemon worker" [_thread_blocked, id=6128, stack(0x000000bb44d00000,0x000000bb44e00000)]
  0x000002a2fecca800 JavaThread "Asynchronous log dispatcher for DefaultDaemonConnection: socket connection from /127.0.0.1:65525 to /127.0.0.1:65526" [_thread_blocked, id=5984, stack(0x000000bb44e00000,0x000000bb44f00000)]
  0x000002a2feccb800 JavaThread "Stdin handler" [_thread_blocked, id=68, stack(0x000000bb44f00000,0x000000bb45000000)]
  0x000002a2fdaf9800 JavaThread "Daemon client event forwarder" [_thread_blocked, id=3708, stack(0x000000bb45000000,0x000000bb45100000)]
  0x000002a2fdafc000 JavaThread "Cache worker for journal cache (C:\Users\Sultan\.gradle\caches\journal-1)" [_thread_blocked, id=5832, stack(0x000000bb45200000,0x000000bb45300000)]
  0x000002a2fdafd000 JavaThread "File lock request listener" [_thread_in_native, id=1660, stack(0x000000bb45300000,0x000000bb45400000)]
  0x000002a2fdaf7800 JavaThread "Cache worker for file hash cache (C:\Users\Sultan\.gradle\caches\7.3.3\fileHashes)" [_thread_blocked, id=72, stack(0x000000bb45400000,0x000000bb45500000)]
  0x000002a2fdafe000 JavaThread "Cache worker for file hash cache (F:\NeobisProjects\TourGuide\.gradle\7.3.3\fileHashes)" [_thread_blocked, id=2256, stack(0x000000bb45500000,0x000000bb45600000)]
  0x000002a2fdafa800 JavaThread "File watcher server" daemon [_thread_in_native, id=9412, stack(0x000000bb45700000,0x000000bb45800000)]
  0x000002a2fdaf8000 JavaThread "File watcher consumer" daemon [_thread_blocked, id=7572, stack(0x000000bb45800000,0x000000bb45900000)]
  0x000002a2fdafb800 JavaThread "Cache worker for checksums cache (F:\NeobisProjects\TourGuide\.gradle\7.3.3\checksums)" [_thread_blocked, id=7944, stack(0x000000bb45900000,0x000000bb45a00000)]
  0x000002a2fdafe800 JavaThread "Cache worker for cache directory md-supplier (C:\Users\Sultan\.gradle\caches\7.3.3\md-supplier)" [_thread_blocked, id=4576, stack(0x000000bb45a00000,0x000000bb45b00000)]
  0x000002a2fdaf9000 JavaThread "Cache worker for cache directory md-rule (C:\Users\Sultan\.gradle\caches\7.3.3\md-rule)" [_thread_blocked, id=4064, stack(0x000000bb45b00000,0x000000bb45c00000)]
  0x000002a2fdb05000 JavaThread "Cache worker for execution history cache (C:\Users\Sultan\.gradle\caches\7.3.3\executionHistory)" [_thread_blocked, id=1956, stack(0x000000bb45c00000,0x000000bb45d00000)]
  0x000002a2fdb00800 JavaThread "jar transforms" [_thread_blocked, id=10192, stack(0x000000bb45d00000,0x000000bb45e00000)]
  0x000002a2fdaff800 JavaThread "Cache worker for file content cache (C:\Users\Sultan\.gradle\caches\7.3.3\fileContent)" [_thread_blocked, id=10656, stack(0x000000bb45e00000,0x000000bb45f00000)]
  0x000002a2fdb06000 JavaThread "jar transforms Thread 2" [_thread_blocked, id=4712, stack(0x000000bb45f00000,0x000000bb46000000)]
  0x000002a281a34000 JavaThread "Cache worker for dependencies-accessors (F:\NeobisProjects\TourGuide\.gradle\7.3.3\dependencies-accessors)" [_thread_blocked, id=5788, stack(0x000000bb46000000,0x000000bb46100000)]
  0x000002a281a2f800 JavaThread "jar transforms Thread 3" [_thread_blocked, id=10216, stack(0x000000bb46100000,0x000000bb46200000)]
  0x000002a281a32000 JavaThread "Cache worker for Build Output Cleanup Cache (F:\NeobisProjects\TourGuide\.gradle\buildOutputCleanup)" [_thread_blocked, id=848, stack(0x000000bb46200000,0x000000bb46300000)]
  0x000002a281a30000 JavaThread "Unconstrained build operations" [_thread_blocked, id=11212, stack(0x000000bb46300000,0x000000bb46400000)]
  0x000002a281a31000 JavaThread "Unconstrained build operations Thread 2" [_thread_blocked, id=9108, stack(0x000000bb46400000,0x000000bb46500000)]
  0x000002a281a32800 JavaThread "Unconstrained build operations Thread 3" [_thread_blocked, id=5044, stack(0x000000bb46500000,0x000000bb46600000)]
  0x000002a281a33800 JavaThread "Unconstrained build operations Thread 4" [_thread_blocked, id=11128, stack(0x000000bb46600000,0x000000bb46700000)]
  0x000002a281a2e800 JavaThread "Unconstrained build operations Thread 5" [_thread_blocked, id=1760, stack(0x000000bb46700000,0x000000bb46800000)]
  0x000002a281a38800 JavaThread "Unconstrained build operations Thread 6" [_thread_blocked, id=8680, stack(0x000000bb46800000,0x000000bb46900000)]
  0x000002a281a3b000 JavaThread "Unconstrained build operations Thread 7" [_thread_blocked, id=3256, stack(0x000000bb46900000,0x000000bb46a00000)]
  0x000002a281a36800 JavaThread "Unconstrained build operations Thread 8" [_thread_blocked, id=2148, stack(0x000000bb46a00000,0x000000bb46b00000)]
  0x000002a281a37800 JavaThread "Unconstrained build operations Thread 9" [_thread_blocked, id=7084, stack(0x000000bb46b00000,0x000000bb46c00000)]
  0x000002a281a39000 JavaThread "Unconstrained build operations Thread 10" [_thread_blocked, id=10144, stack(0x000000bb46c00000,0x000000bb46d00000)]
  0x000002a281a3a000 JavaThread "Unconstrained build operations Thread 11" [_thread_blocked, id=9440, stack(0x000000bb46d00000,0x000000bb46e00000)]
  0x000002a281a35000 JavaThread "Unconstrained build operations Thread 12" [_thread_blocked, id=7672, stack(0x000000bb46e00000,0x000000bb46f00000)]
  0x000002a281a3b800 JavaThread "Unconstrained build operations Thread 13" [_thread_blocked, id=9864, stack(0x000000bb46f00000,0x000000bb47000000)]
  0x000002a281a36000 JavaThread "Unconstrained build operations Thread 14" [_thread_blocked, id=3428, stack(0x000000bb47000000,0x000000bb47100000)]
  0x000002a281a3c800 JavaThread "Unconstrained build operations Thread 15" [_thread_blocked, id=4552, stack(0x000000bb47100000,0x000000bb47200000)]
  0x000002a281a3d000 JavaThread "Unconstrained build operations Thread 16" [_thread_blocked, id=2428, stack(0x000000bb47200000,0x000000bb47300000)]
  0x000002a2feec1800 JavaThread "Unconstrained build operations Thread 17" [_thread_blocked, id=5720, stack(0x000000bb47300000,0x000000bb47400000)]
  0x000002a2feec0800 JavaThread "Unconstrained build operations Thread 18" [_thread_blocked, id=6292, stack(0x000000bb47400000,0x000000bb47500000)]
  0x000002a2feec4800 JavaThread "Unconstrained build operations Thread 19" [_thread_blocked, id=2748, stack(0x000000bb47500000,0x000000bb47600000)]
  0x000002a2feec8000 JavaThread "Unconstrained build operations Thread 20" [_thread_blocked, id=10700, stack(0x000000bb47600000,0x000000bb47700000)]
  0x000002a2feec5800 JavaThread "Unconstrained build operations Thread 21" [_thread_blocked, id=4272, stack(0x000000bb47700000,0x000000bb47800000)]
  0x000002a2feec3000 JavaThread "Unconstrained build operations Thread 22" [_thread_blocked, id=1548, stack(0x000000bb47800000,0x000000bb47900000)]
  0x000002a2feec6800 JavaThread "Unconstrained build operations Thread 23" [_thread_blocked, id=4188, stack(0x000000bb47900000,0x000000bb47a00000)]
  0x000002a2feec7000 JavaThread "Unconstrained build operations Thread 24" [_thread_blocked, id=11044, stack(0x000000bb47a00000,0x000000bb47b00000)]
  0x000002a2feec4000 JavaThread "Unconstrained build operations Thread 25" [_thread_blocked, id=10432, stack(0x000000bb47b00000,0x000000bb47c00000)]
  0x000002a2feec2000 JavaThread "Unconstrained build operations Thread 26" [_thread_blocked, id=9140, stack(0x000000bb47c00000,0x000000bb47d00000)]
  0x000002a2feec9800 JavaThread "Unconstrained build operations Thread 27" [_thread_blocked, id=1960, stack(0x000000bb47d00000,0x000000bb47e00000)]
  0x000002a2feeca800 JavaThread "Unconstrained build operations Thread 28" [_thread_blocked, id=2904, stack(0x000000bb47e00000,0x000000bb47f00000)]
  0x000002a2feecc000 JavaThread "Unconstrained build operations Thread 29" [_thread_blocked, id=11236, stack(0x000000bb47f00000,0x000000bb48000000)]
  0x000002a2feecd000 JavaThread "Unconstrained build operations Thread 30" [_thread_blocked, id=10912, stack(0x000000bb48000000,0x000000bb48100000)]
  0x000002a2feec9000 JavaThread "Unconstrained build operations Thread 31" [_thread_blocked, id=1068, stack(0x000000bb48100000,0x000000bb48200000)]
  0x000002a2feecf800 JavaThread "Unconstrained build operations Thread 32" [_thread_blocked, id=8644, stack(0x000000bb48200000,0x000000bb48300000)]
  0x000002a2feecd800 JavaThread "Unconstrained build operations Thread 33" [_thread_blocked, id=10096, stack(0x000000bb48300000,0x000000bb48400000)]
  0x000002a2feece800 JavaThread "Unconstrained build operations Thread 34" [_thread_blocked, id=3268, stack(0x000000bb48400000,0x000000bb48500000)]
  0x000002a2feecb000 JavaThread "Unconstrained build operations Thread 35" [_thread_blocked, id=11152, stack(0x000000bb48500000,0x000000bb48600000)]
  0x000002a2fe6f5000 JavaThread "Unconstrained build operations Thread 36" [_thread_blocked, id=6188, stack(0x000000bb48600000,0x000000bb48700000)]
  0x000002a2fe6f2800 JavaThread "Unconstrained build operations Thread 37" [_thread_blocked, id=10916, stack(0x000000bb48700000,0x000000bb48800000)]
  0x000002a2fe6f3800 JavaThread "Unconstrained build operations Thread 38" [_thread_blocked, id=4396, stack(0x000000bb48800000,0x000000bb48900000)]
  0x000002a2fe6f6000 JavaThread "Unconstrained build operations Thread 39" [_thread_blocked, id=8164, stack(0x000000bb48900000,0x000000bb48a00000)]
  0x000002a2fe6f7800 JavaThread "Unconstrained build operations Thread 40" [_thread_blocked, id=10996, stack(0x000000bb48a00000,0x000000bb48b00000)]
  0x000002a2fe6f7000 JavaThread "jar transforms Thread 4" [_thread_blocked, id=5124, stack(0x000000bb48b00000,0x000000bb48c00000)]
  0x000002a2fe6f8800 JavaThread "Memory manager" [_thread_blocked, id=9184, stack(0x000000bb48c00000,0x000000bb48d00000)]
  0x000002a2fe6f9000 JavaThread "build event listener" [_thread_blocked, id=5392, stack(0x000000bb48d00000,0x000000bb48e00000)]
=>0x000002a2fdce6000 JavaThread "C2 CompilerThread1" daemon [_thread_in_native, id=1568, stack(0x000000bb45600000,0x000000bb45700000)]
  0x000002a2fe6f4800 JavaThread "build event listener" [_thread_blocked, id=10716, stack(0x000000bb48e00000,0x000000bb48f00000)]
  0x000002a2fe6fb000 JavaThread "pool-3-thread-1" [_thread_blocked, id=5252, stack(0x000000bb48f00000,0x000000bb49000000)]
  0x000002a2fe6fc800 JavaThread "build event listener" [_thread_blocked, id=11228, stack(0x000000bb49000000,0x000000bb49100000)]
  0x000002a2fe6fe000 JavaThread "Execution worker for ':'" [_thread_blocked, id=5528, stack(0x000000bb49100000,0x000000bb49200000)]
  0x000002a2fe6fd800 JavaThread "Execution worker for ':' Thread 2" [_thread_blocked, id=3300, stack(0x000000bb49200000,0x000000bb49300000)]
  0x000002a2fe6ff000 JavaThread "Execution worker for ':' Thread 3" [_thread_blocked, id=9552, stack(0x000000bb49300000,0x000000bb49400000)]
  0x000002a2fe700000 JavaThread "Cache worker for execution history cache (F:\NeobisProjects\TourGuide\.gradle\7.3.3\executionHistory)" [_thread_blocked, id=5168, stack(0x000000bb49400000,0x000000bb49500000)]

Other Threads:
  0x000002a2faec5800 VMThread "VM Thread" [stack: 0x000000bb43900000,0x000000bb43a00000] [id=9652]
  0x000002a2fb9cb000 WatcherThread [stack: 0x000000bb44300000,0x000000bb44400000] [id=9608]
  0x000002a2e12e0000 GCTaskThread "GC Thread#0" [stack: 0x000000bb43400000,0x000000bb43500000] [id=7860]
  0x000002a2fc1f9000 GCTaskThread "GC Thread#1" [stack: 0x000000bb44600000,0x000000bb44700000] [id=10952]
  0x000002a2fc32f000 GCTaskThread "GC Thread#2" [stack: 0x000000bb44700000,0x000000bb44800000] [id=10692]
  0x000002a2fe084000 GCTaskThread "GC Thread#3" [stack: 0x000000bb45100000,0x000000bb45200000] [id=4192]
  0x000002a2e1312000 ConcurrentGCThread "G1 Main Marker" [stack: 0x000000bb43500000,0x000000bb43600000] [id=11144]
  0x000002a2e1313000 ConcurrentGCThread "G1 Conc#0" [stack: 0x000000bb43600000,0x000000bb43700000] [id=4848]
  0x000002a2e13a5000 ConcurrentGCThread "G1 Refine#0" [stack: 0x000000bb43700000,0x000000bb43800000] [id=7032]
  0x000002a2e13a6000 ConcurrentGCThread "G1 Young RemSet Sampling" [stack: 0x000000bb43800000,0x000000bb43900000] [id=1164]

Threads with active compile tasks:
C2 CompilerThread0  24740 9303       4       sun.security.provider.DigestBase::engineUpdate (189 bytes)
C2 CompilerThread1  24740 9075   !   4       org.gradle.api.internal.attributes.DefaultImmutableAttributesFactory::doConcatIsolatable (128 bytes)

VM state:at safepoint (normal execution)

VM Mutex/Monitor currently owned by a thread:  ([mutex/lock_event])
[0x000002a2df20a5d0] Threads_lock - owner thread: 0x000002a2faec5800
[0x000002a2df20b7d0] Heap_lock - owner thread: 0x000002a2fdaf7800

Heap address: 0x0000000080000000, size: 2048 MB, Compressed Oops mode: 32-bit
Narrow klass base: 0x0000000000000000, Narrow klass shift: 3
Compressed class space size: 1073741824 Address: 0x0000000100000000

Heap:
 garbage-first heap   total 189440K, used 141622K [0x0000000080000000, 0x0000000100000000)
  region size 1024K, 73 young (74752K), 4 survivors (4096K)
 Metaspace       used 88644K, capacity 90709K, committed 91080K, reserved 1128448K
  class space    used 11454K, capacity 12248K, committed 12364K, reserved 1048576K
Heap Regions: E=young(eden), S=young(survivor), O=old, HS=humongous(starts), HC=humongous(continues), CS=collection set, F=free, A=archive, TAMS=top-at-mark-start (previous, next)
|   0|0x0000000080000000, 0x0000000080100000, 0x0000000080100000|100%| O|  |TAMS 0x0000000080100000, 0x0000000080000000| Untracked 
|   1|0x0000000080100000, 0x0000000080200000, 0x0000000080200000|100%| O|  |TAMS 0x0000000080200000, 0x0000000080100000| Untracked 
|   2|0x0000000080200000, 0x0000000080300000, 0x0000000080300000|100%| O|  |TAMS 0x0000000080300000, 0x0000000080200000| Untracked 
|   3|0x0000000080300000, 0x0000000080400000, 0x0000000080400000|100%|HS|  |TAMS 0x0000000080400000, 0x0000000080300000| Complete 
|   4|0x0000000080400000, 0x0000000080500000, 0x0000000080500000|100%|HC|  |TAMS 0x0000000080500000, 0x0000000080400000| Complete 
|   5|0x0000000080500000, 0x0000000080600000, 0x0000000080600000|100%|HC|  |TAMS 0x0000000080600000, 0x0000000080500000| Complete 
|   6|0x0000000080600000, 0x0000000080700000, 0x0000000080700000|100%| O|  |TAMS 0x0000000080700000, 0x0000000080600000| Untracked 
|   7|0x0000000080700000, 0x0000000080800000, 0x0000000080800000|100%| O|  |TAMS 0x0000000080800000, 0x0000000080700000| Untracked 
|   8|0x0000000080800000, 0x0000000080900000, 0x0000000080900000|100%| O|  |TAMS 0x0000000080900000, 0x0000000080800000| Untracked 
|   9|0x0000000080900000, 0x0000000080a00000, 0x0000000080a00000|100%| O|  |TAMS 0x0000000080a00000, 0x0000000080900000| Untracked 
|  10|0x0000000080a00000, 0x0000000080b00000, 0x0000000080b00000|100%| O|  |TAMS 0x0000000080b00000, 0x0000000080a00000| Untracked 
|  11|0x0000000080b00000, 0x0000000080c00000, 0x0000000080c00000|100%| O|  |TAMS 0x0000000080c00000, 0x0000000080b00000| Untracked 
|  12|0x0000000080c00000, 0x0000000080d00000, 0x0000000080d00000|100%| O|  |TAMS 0x0000000080d00000, 0x0000000080c00000| Untracked 
|  13|0x0000000080d00000, 0x0000000080e00000, 0x0000000080e00000|100%| O|  |TAMS 0x0000000080e00000, 0x0000000080d00000| Untracked 
|  14|0x0000000080e00000, 0x0000000080f00000, 0x0000000080f00000|100%| O|  |TAMS 0x0000000080f00000, 0x0000000080e00000| Untracked 
|  15|0x0000000080f00000, 0x0000000081000000, 0x0000000081000000|100%| O|  |TAMS 0x0000000081000000, 0x0000000080f00000| Untracked 
|  16|0x0000000081000000, 0x0000000081100000, 0x0000000081100000|100%|HS|  |TAMS 0x0000000081100000, 0x0000000081000000| Complete 
|  17|0x0000000081100000, 0x0000000081200000, 0x0000000081200000|100%| O|  |TAMS 0x0000000081200000, 0x0000000081100000| Untracked 
|  18|0x0000000081200000, 0x0000000081300000, 0x0000000081300000|100%| O|  |TAMS 0x0000000081300000, 0x0000000081200000| Untracked 
|  19|0x0000000081300000, 0x0000000081400000, 0x0000000081400000|100%| O|  |TAMS 0x0000000081400000, 0x0000000081300000| Untracked 
|  20|0x0000000081400000, 0x0000000081500000, 0x0000000081500000|100%| O|  |TAMS 0x0000000081500000, 0x0000000081400000| Untracked 
|  21|0x0000000081500000, 0x0000000081600000, 0x0000000081600000|100%| O|  |TAMS 0x0000000081600000, 0x0000000081500000| Untracked 
|  22|0x0000000081600000, 0x0000000081700000, 0x0000000081700000|100%| O|  |TAMS 0x0000000081700000, 0x0000000081600000| Untracked 
|  23|0x0000000081700000, 0x0000000081800000, 0x0000000081800000|100%| O|  |TAMS 0x0000000081800000, 0x0000000081700000| Untracked 
|  24|0x0000000081800000, 0x0000000081900000, 0x0000000081900000|100%|HS|  |TAMS 0x0000000081900000, 0x0000000081800000| Complete 
|  25|0x0000000081900000, 0x0000000081a00000, 0x0000000081a00000|100%|HS|  |TAMS 0x0000000081a00000, 0x0000000081900000| Complete 
|  26|0x0000000081a00000, 0x0000000081b00000, 0x0000000081b00000|100%|HS|  |TAMS 0x0000000081b00000, 0x0000000081a00000| Complete 
|  27|0x0000000081b00000, 0x0000000081c00000, 0x0000000081c00000|100%|HC|  |TAMS 0x0000000081c00000, 0x0000000081b00000| Complete 
|  28|0x0000000081c00000, 0x0000000081d00000, 0x0000000081d00000|100%|HC|  |TAMS 0x0000000081d00000, 0x0000000081c00000| Complete 
|  29|0x0000000081d00000, 0x0000000081e00000, 0x0000000081e00000|100%|HS|  |TAMS 0x0000000081e00000, 0x0000000081d00000| Complete 
|  30|0x0000000081e00000, 0x0000000081f00000, 0x0000000081f00000|100%|HC|  |TAMS 0x0000000081f00000, 0x0000000081e00000| Complete 
|  31|0x0000000081f00000, 0x0000000082000000, 0x0000000082000000|100%| O|  |TAMS 0x0000000082000000, 0x0000000081f00000| Untracked 
|  32|0x0000000082000000, 0x0000000082100000, 0x0000000082100000|100%| O|  |TAMS 0x0000000082100000, 0x0000000082000000| Untracked 
|  33|0x0000000082100000, 0x0000000082200000, 0x0000000082200000|100%| O|  |TAMS 0x0000000082200000, 0x0000000082100000| Untracked 
|  34|0x0000000082200000, 0x0000000082300000, 0x0000000082300000|100%| O|  |TAMS 0x0000000082300000, 0x0000000082200000| Untracked 
|  35|0x0000000082300000, 0x0000000082400000, 0x0000000082400000|100%| O|  |TAMS 0x0000000082400000, 0x0000000082300000| Untracked 
|  36|0x0000000082400000, 0x0000000082500000, 0x0000000082500000|100%| O|  |TAMS 0x0000000082500000, 0x0000000082400000| Untracked 
|  37|0x0000000082500000, 0x0000000082600000, 0x0000000082600000|100%| O|  |TAMS 0x0000000082600000, 0x0000000082500000| Untracked 
|  38|0x0000000082600000, 0x0000000082700000, 0x0000000082700000|100%| O|  |TAMS 0x0000000082700000, 0x0000000082600000| Untracked 
|  39|0x0000000082700000, 0x0000000082800000, 0x0000000082800000|100%| O|  |TAMS 0x0000000082800000, 0x0000000082700000| Untracked 
|  40|0x0000000082800000, 0x0000000082900000, 0x0000000082900000|100%| O|  |TAMS 0x0000000082900000, 0x0000000082800000| Untracked 
|  41|0x0000000082900000, 0x0000000082a00000, 0x0000000082a00000|100%| O|  |TAMS 0x0000000082a00000, 0x0000000082900000| Untracked 
|  42|0x0000000082a00000, 0x0000000082b00000, 0x0000000082b00000|100%| O|  |TAMS 0x0000000082b00000, 0x0000000082a00000| Untracked 
|  43|0x0000000082b00000, 0x0000000082c00000, 0x0000000082c00000|100%| O|  |TAMS 0x0000000082c00000, 0x0000000082b00000| Untracked 
|  44|0x0000000082c00000, 0x0000000082d00000, 0x0000000082d00000|100%| O|  |TAMS 0x0000000082d00000, 0x0000000082c00000| Untracked 
|  45|0x0000000082d00000, 0x0000000082e00000, 0x0000000082e00000|100%| O|  |TAMS 0x0000000082e00000, 0x0000000082d00000| Untracked 
|  46|0x0000000082e00000, 0x0000000082f00000, 0x0000000082f00000|100%| O|  |TAMS 0x0000000082f00000, 0x0000000082e00000| Untracked 
|  47|0x0000000082f00000, 0x0000000083000000, 0x0000000083000000|100%| O|  |TAMS 0x0000000083000000, 0x0000000082f00000| Untracked 
|  48|0x0000000083000000, 0x0000000083100000, 0x0000000083100000|100%| O|  |TAMS 0x0000000083100000, 0x0000000083000000| Untracked 
|  49|0x0000000083100000, 0x0000000083200000, 0x0000000083200000|100%| O|  |TAMS 0x0000000083150000, 0x0000000083100000| Untracked 
|  50|0x0000000083200000, 0x0000000083300000, 0x0000000083300000|100%| O|  |TAMS 0x0000000083200000, 0x0000000083200000| Untracked 
|  51|0x0000000083300000, 0x0000000083400000, 0x0000000083400000|100%| O|  |TAMS 0x0000000083300000, 0x0000000083300000| Untracked 
|  52|0x0000000083400000, 0x0000000083500000, 0x0000000083500000|100%| O|  |TAMS 0x0000000083400000, 0x0000000083400000| Untracked 
|  53|0x0000000083500000, 0x0000000083600000, 0x0000000083600000|100%| O|  |TAMS 0x0000000083500000, 0x0000000083500000| Untracked 
|  54|0x0000000083600000, 0x0000000083700000, 0x0000000083700000|100%| O|  |TAMS 0x0000000083600000, 0x0000000083600000| Untracked 
|  55|0x0000000083700000, 0x0000000083800000, 0x0000000083800000|100%| O|  |TAMS 0x0000000083700000, 0x0000000083700000| Untracked 
|  56|0x0000000083800000, 0x0000000083900000, 0x0000000083900000|100%| O|  |TAMS 0x0000000083800000, 0x0000000083800000| Untracked 
|  57|0x0000000083900000, 0x0000000083a00000, 0x0000000083a00000|100%| O|  |TAMS 0x0000000083900000, 0x0000000083900000| Untracked 
|  58|0x0000000083a00000, 0x0000000083b00000, 0x0000000083b00000|100%| O|  |TAMS 0x0000000083a00000, 0x0000000083a00000| Untracked 
|  59|0x0000000083b00000, 0x0000000083c00000, 0x0000000083c00000|100%| O|  |TAMS 0x0000000083b00000, 0x0000000083b00000| Untracked 
|  60|0x0000000083c00000, 0x0000000083d00000, 0x0000000083d00000|100%| O|  |TAMS 0x0000000083c00000, 0x0000000083c00000| Untracked 
|  61|0x0000000083d00000, 0x0000000083d2dc18, 0x0000000083e00000| 17%| O|  |TAMS 0x0000000083d00000, 0x0000000083d00000| Untracked 
|  62|0x0000000083e00000, 0x0000000083e00000, 0x0000000083f00000|  0%| F|  |TAMS 0x0000000083e00000, 0x0000000083e00000| Untracked 
|  63|0x0000000083f00000, 0x0000000083f00000, 0x0000000084000000|  0%| F|  |TAMS 0x0000000083f00000, 0x0000000083f00000| Untracked 
|  64|0x0000000084000000, 0x0000000084000000, 0x0000000084100000|  0%| F|  |TAMS 0x0000000084000000, 0x0000000084000000| Untracked 
|  65|0x0000000084100000, 0x0000000084100000, 0x0000000084200000|  0%| F|  |TAMS 0x0000000084100000, 0x0000000084100000| Untracked 
|  66|0x0000000084200000, 0x0000000084200000, 0x0000000084300000|  0%| F|  |TAMS 0x0000000084200000, 0x0000000084200000| Untracked 
|  67|0x0000000084300000, 0x0000000084300000, 0x0000000084400000|  0%| F|  |TAMS 0x0000000084300000, 0x0000000084300000| Untracked 
|  68|0x0000000084400000, 0x0000000084400000, 0x0000000084500000|  0%| F|  |TAMS 0x0000000084400000, 0x0000000084400000| Untracked 
|  69|0x0000000084500000, 0x0000000084500000, 0x0000000084600000|  0%| F|  |TAMS 0x0000000084500000, 0x0000000084500000| Untracked 
|  70|0x0000000084600000, 0x0000000084600000, 0x0000000084700000|  0%| F|  |TAMS 0x0000000084600000, 0x0000000084600000| Untracked 
|  71|0x0000000084700000, 0x0000000084700000, 0x0000000084800000|  0%| F|  |TAMS 0x0000000084700000, 0x0000000084700000| Untracked 
|  72|0x0000000084800000, 0x0000000084800000, 0x0000000084900000|  0%| F|  |TAMS 0x0000000084800000, 0x0000000084800000| Untracked 
|  73|0x0000000084900000, 0x0000000084900000, 0x0000000084a00000|  0%| F|  |TAMS 0x0000000084900000, 0x0000000084900000| Untracked 
|  74|0x0000000084a00000, 0x0000000084a00000, 0x0000000084b00000|  0%| F|  |TAMS 0x0000000084a00000, 0x0000000084a00000| Untracked 
|  75|0x0000000084b00000, 0x0000000084b00000, 0x0000000084c00000|  0%| F|  |TAMS 0x0000000084b00000, 0x0000000084b00000| Untracked 
|  76|0x0000000084c00000, 0x0000000084c00000, 0x0000000084d00000|  0%| F|  |TAMS 0x0000000084c00000, 0x0000000084c00000| Untracked 
|  77|0x0000000084d00000, 0x0000000084d00000, 0x0000000084e00000|  0%| F|  |TAMS 0x0000000084d00000, 0x0000000084d00000| Untracked 
|  78|0x0000000084e00000, 0x0000000084e00000, 0x0000000084f00000|  0%| F|  |TAMS 0x0000000084e00000, 0x0000000084e00000| Untracked 
|  79|0x0000000084f00000, 0x0000000084f00000, 0x0000000085000000|  0%| F|  |TAMS 0x0000000084f00000, 0x0000000084f00000| Untracked 
|  80|0x0000000085000000, 0x0000000085000000, 0x0000000085100000|  0%| F|  |TAMS 0x0000000085000000, 0x0000000085000000| Untracked 
|  81|0x0000000085100000, 0x0000000085100000, 0x0000000085200000|  0%| F|  |TAMS 0x0000000085100000, 0x0000000085100000| Untracked 
|  82|0x0000000085200000, 0x0000000085200000, 0x0000000085300000|  0%| F|  |TAMS 0x0000000085200000, 0x0000000085200000| Untracked 
|  83|0x0000000085300000, 0x0000000085300000, 0x0000000085400000|  0%| F|  |TAMS 0x0000000085300000, 0x0000000085300000| Untracked 
|  84|0x0000000085400000, 0x0000000085400000, 0x0000000085500000|  0%| F|  |TAMS 0x0000000085400000, 0x0000000085400000| Untracked 
|  85|0x0000000085500000, 0x0000000085500000, 0x0000000085600000|  0%| F|  |TAMS 0x0000000085500000, 0x0000000085500000| Untracked 
|  86|0x0000000085600000, 0x0000000085600000, 0x0000000085700000|  0%| F|  |TAMS 0x0000000085600000, 0x0000000085600000| Untracked 
|  87|0x0000000085700000, 0x0000000085700000, 0x0000000085800000|  0%| F|  |TAMS 0x0000000085700000, 0x0000000085700000| Untracked 
|  88|0x0000000085800000, 0x0000000085800000, 0x0000000085900000|  0%| F|  |TAMS 0x0000000085800000, 0x0000000085800000| Untracked 
|  89|0x0000000085900000, 0x0000000085900000, 0x0000000085a00000|  0%| F|  |TAMS 0x0000000085900000, 0x0000000085900000| Untracked 
|  90|0x0000000085a00000, 0x0000000085a00000, 0x0000000085b00000|  0%| F|  |TAMS 0x0000000085a00000, 0x0000000085a00000| Untracked 
|  91|0x0000000085b00000, 0x0000000085b00000, 0x0000000085c00000|  0%| F|  |TAMS 0x0000000085b00000, 0x0000000085b00000| Untracked 
|  92|0x0000000085c00000, 0x0000000085c00000, 0x0000000085d00000|  0%| F|  |TAMS 0x0000000085c00000, 0x0000000085c00000| Untracked 
|  93|0x0000000085d00000, 0x0000000085d00000, 0x0000000085e00000|  0%| F|  |TAMS 0x0000000085d00000, 0x0000000085d00000| Untracked 
|  94|0x0000000085e00000, 0x0000000085e00000, 0x0000000085f00000|  0%| F|  |TAMS 0x0000000085e00000, 0x0000000085e00000| Untracked 
|  95|0x0000000085f00000, 0x0000000085f00000, 0x0000000086000000|  0%| F|  |TAMS 0x0000000085f00000, 0x0000000085f00000| Untracked 
|  96|0x0000000086000000, 0x0000000086000000, 0x0000000086100000|  0%| F|  |TAMS 0x0000000086000000, 0x0000000086000000| Untracked 
|  97|0x0000000086100000, 0x0000000086100000, 0x0000000086200000|  0%| F|  |TAMS 0x0000000086100000, 0x0000000086100000| Untracked 
|  98|0x0000000086200000, 0x00000000862c3920, 0x0000000086300000| 76%| E|CS|TAMS 0x0000000086200000, 0x0000000086200000| Complete 
|  99|0x0000000086300000, 0x0000000086400000, 0x0000000086400000|100%| E|CS|TAMS 0x0000000086300000, 0x0000000086300000| Complete 
| 100|0x0000000086400000, 0x0000000086500000, 0x0000000086500000|100%| E|CS|TAMS 0x0000000086400000, 0x0000000086400000| Complete 
| 101|0x0000000086500000, 0x0000000086600000, 0x0000000086600000|100%| E|CS|TAMS 0x0000000086500000, 0x0000000086500000| Complete 
| 102|0x0000000086600000, 0x0000000086600000, 0x0000000086700000|  0%| F|  |TAMS 0x0000000086600000, 0x0000000086600000| Untracked 
| 103|0x0000000086700000, 0x0000000086700000, 0x0000000086800000|  0%| F|  |TAMS 0x0000000086700000, 0x0000000086700000| Untracked 
| 104|0x0000000086800000, 0x0000000086800000, 0x0000000086900000|  0%| F|  |TAMS 0x0000000086800000, 0x0000000086800000| Untracked 
| 105|0x0000000086900000, 0x0000000086a00000, 0x0000000086a00000|100%| E|CS|TAMS 0x0000000086900000, 0x0000000086900000| Complete 
| 106|0x0000000086a00000, 0x0000000086b00000, 0x0000000086b00000|100%| E|CS|TAMS 0x0000000086a00000, 0x0000000086a00000| Complete 
| 107|0x0000000086b00000, 0x0000000086c00000, 0x0000000086c00000|100%| E|CS|TAMS 0x0000000086b00000, 0x0000000086b00000| Complete 
| 108|0x0000000086c00000, 0x0000000086c00000, 0x0000000086d00000|  0%| F|  |TAMS 0x0000000086c00000, 0x0000000086c00000| Untracked 
| 109|0x0000000086d00000, 0x0000000086e00000, 0x0000000086e00000|100%| S|  |TAMS 0x0000000086d00000, 0x0000000086d00000| Complete 
| 110|0x0000000086e00000, 0x0000000086f00000, 0x0000000086f00000|100%| S|  |TAMS 0x0000000086e00000, 0x0000000086e00000| Complete 
| 111|0x0000000086f00000, 0x0000000087000000, 0x0000000087000000|100%| S|  |TAMS 0x0000000086f00000, 0x0000000086f00000| Complete 
| 112|0x0000000087000000, 0x0000000087100000, 0x0000000087100000|100%| E|CS|TAMS 0x0000000087000000, 0x0000000087000000| Complete 
| 113|0x0000000087100000, 0x0000000087200000, 0x0000000087200000|100%| E|CS|TAMS 0x0000000087100000, 0x0000000087100000| Complete 
| 114|0x0000000087200000, 0x0000000087300000, 0x0000000087300000|100%| S|  |TAMS 0x0000000087200000, 0x0000000087200000| Complete 
| 115|0x0000000087300000, 0x0000000087400000, 0x0000000087400000|100%| S|  |TAMS 0x0000000087300000, 0x0000000087300000| Complete 
| 116|0x0000000087400000, 0x0000000087500000, 0x0000000087500000|100%| E|CS|TAMS 0x0000000087400000, 0x0000000087400000| Complete 
| 117|0x0000000087500000, 0x0000000087600000, 0x0000000087600000|100%| E|CS|TAMS 0x0000000087500000, 0x0000000087500000| Complete 
| 118|0x0000000087600000, 0x0000000087700000, 0x0000000087700000|100%| E|CS|TAMS 0x0000000087600000, 0x0000000087600000| Complete 
| 119|0x0000000087700000, 0x0000000087800000, 0x0000000087800000|100%| E|CS|TAMS 0x0000000087700000, 0x0000000087700000| Complete 
| 120|0x0000000087800000, 0x0000000087900000, 0x0000000087900000|100%| E|CS|TAMS 0x0000000087800000, 0x0000000087800000| Complete 
| 121|0x0000000087900000, 0x0000000087a00000, 0x0000000087a00000|100%| E|CS|TAMS 0x0000000087900000, 0x0000000087900000| Complete 
| 122|0x0000000087a00000, 0x0000000087b00000, 0x0000000087b00000|100%| E|CS|TAMS 0x0000000087a00000, 0x0000000087a00000| Complete 
| 123|0x0000000087b00000, 0x0000000087c00000, 0x0000000087c00000|100%| E|CS|TAMS 0x0000000087b00000, 0x0000000087b00000| Complete 
| 124|0x0000000087c00000, 0x0000000087d00000, 0x0000000087d00000|100%| E|CS|TAMS 0x0000000087c00000, 0x0000000087c00000| Complete 
| 125|0x0000000087d00000, 0x0000000087e00000, 0x0000000087e00000|100%| E|CS|TAMS 0x0000000087d00000, 0x0000000087d00000| Complete 
| 126|0x0000000087e00000, 0x0000000087f00000, 0x0000000087f00000|100%| E|CS|TAMS 0x0000000087e00000, 0x0000000087e00000| Complete 
| 127|0x0000000087f00000, 0x0000000088000000, 0x0000000088000000|100%| E|CS|TAMS 0x0000000087f00000, 0x0000000087f00000| Complete 
| 128|0x0000000088000000, 0x0000000088100000, 0x0000000088100000|100%| E|CS|TAMS 0x0000000088000000, 0x0000000088000000| Complete 
| 129|0x0000000088100000, 0x0000000088200000, 0x0000000088200000|100%| E|CS|TAMS 0x0000000088100000, 0x0000000088100000| Complete 
| 130|0x0000000088200000, 0x0000000088300000, 0x0000000088300000|100%| E|CS|TAMS 0x0000000088200000, 0x0000000088200000| Complete 
| 131|0x0000000088300000, 0x0000000088400000, 0x0000000088400000|100%| E|CS|TAMS 0x0000000088300000, 0x0000000088300000| Complete 
| 132|0x0000000088400000, 0x0000000088500000, 0x0000000088500000|100%| E|CS|TAMS 0x0000000088400000, 0x0000000088400000| Complete 
| 133|0x0000000088500000, 0x0000000088600000, 0x0000000088600000|100%| E|CS|TAMS 0x0000000088500000, 0x0000000088500000| Complete 
| 134|0x0000000088600000, 0x0000000088700000, 0x0000000088700000|100%| E|CS|TAMS 0x0000000088600000, 0x0000000088600000| Complete 
| 135|0x0000000088700000, 0x0000000088800000, 0x0000000088800000|100%| E|CS|TAMS 0x0000000088700000, 0x0000000088700000| Complete 
| 136|0x0000000088800000, 0x0000000088900000, 0x0000000088900000|100%| E|CS|TAMS 0x0000000088800000, 0x0000000088800000| Complete 
| 137|0x0000000088900000, 0x0000000088a00000, 0x0000000088a00000|100%| E|CS|TAMS 0x0000000088900000, 0x0000000088900000| Complete 
| 138|0x0000000088a00000, 0x0000000088b00000, 0x0000000088b00000|100%| E|CS|TAMS 0x0000000088a00000, 0x0000000088a00000| Complete 
| 139|0x0000000088b00000, 0x0000000088c00000, 0x0000000088c00000|100%| E|CS|TAMS 0x0000000088b00000, 0x0000000088b00000| Complete 
| 140|0x0000000088c00000, 0x0000000088d00000, 0x0000000088d00000|100%| E|CS|TAMS 0x0000000088c00000, 0x0000000088c00000| Complete 
| 141|0x0000000088d00000, 0x0000000088e00000, 0x0000000088e00000|100%| E|CS|TAMS 0x0000000088d00000, 0x0000000088d00000| Complete 
| 142|0x0000000088e00000, 0x0000000088f00000, 0x0000000088f00000|100%| E|CS|TAMS 0x0000000088e00000, 0x0000000088e00000| Complete 
| 143|0x0000000088f00000, 0x0000000089000000, 0x0000000089000000|100%| E|CS|TAMS 0x0000000088f00000, 0x0000000088f00000| Complete 
| 144|0x0000000089000000, 0x0000000089100000, 0x0000000089100000|100%| E|CS|TAMS 0x0000000089000000, 0x0000000089000000| Complete 
| 145|0x0000000089100000, 0x0000000089200000, 0x0000000089200000|100%| E|CS|TAMS 0x0000000089100000, 0x0000000089100000| Complete 
| 146|0x0000000089200000, 0x0000000089300000, 0x0000000089300000|100%| E|CS|TAMS 0x0000000089200000, 0x0000000089200000| Complete 
| 147|0x0000000089300000, 0x0000000089400000, 0x0000000089400000|100%| E|CS|TAMS 0x0000000089300000, 0x0000000089300000| Complete 
| 148|0x0000000089400000, 0x0000000089500000, 0x0000000089500000|100%| E|CS|TAMS 0x0000000089400000, 0x0000000089400000| Complete 
| 149|0x0000000089500000, 0x0000000089600000, 0x0000000089600000|100%| E|CS|TAMS 0x0000000089500000, 0x0000000089500000| Complete 
| 150|0x0000000089600000, 0x0000000089700000, 0x0000000089700000|100%| E|CS|TAMS 0x0000000089600000, 0x0000000089600000| Complete 
| 151|0x0000000089700000, 0x0000000089800000, 0x0000000089800000|100%| E|CS|TAMS 0x0000000089700000, 0x0000000089700000| Complete 
| 152|0x0000000089800000, 0x0000000089900000, 0x0000000089900000|100%| E|CS|TAMS 0x0000000089800000, 0x0000000089800000| Complete 
| 153|0x0000000089900000, 0x0000000089a00000, 0x0000000089a00000|100%| E|CS|TAMS 0x0000000089900000, 0x0000000089900000| Complete 
| 154|0x0000000089a00000, 0x0000000089b00000, 0x0000000089b00000|100%| E|CS|TAMS 0x0000000089a00000, 0x0000000089a00000| Complete 
| 155|0x0000000089b00000, 0x0000000089c00000, 0x0000000089c00000|100%| E|CS|TAMS 0x0000000089b00000, 0x0000000089b00000| Complete 
| 156|0x0000000089c00000, 0x0000000089d00000, 0x0000000089d00000|100%| E|CS|TAMS 0x0000000089c00000, 0x0000000089c00000| Complete 
| 157|0x0000000089d00000, 0x0000000089e00000, 0x0000000089e00000|100%| E|CS|TAMS 0x0000000089d00000, 0x0000000089d00000| Complete 
| 158|0x0000000089e00000, 0x0000000089f00000, 0x0000000089f00000|100%| E|CS|TAMS 0x0000000089e00000, 0x0000000089e00000| Complete 
| 159|0x0000000089f00000, 0x000000008a000000, 0x000000008a000000|100%| E|CS|TAMS 0x0000000089f00000, 0x0000000089f00000| Complete 
| 160|0x000000008a000000, 0x000000008a100000, 0x000000008a100000|100%| E|CS|TAMS 0x000000008a000000, 0x000000008a000000| Complete 
| 161|0x000000008a100000, 0x000000008a200000, 0x000000008a200000|100%| E|CS|TAMS 0x000000008a100000, 0x000000008a100000| Complete 
| 162|0x000000008a200000, 0x000000008a300000, 0x000000008a300000|100%| E|CS|TAMS 0x000000008a200000, 0x000000008a200000| Complete 
| 163|0x000000008a300000, 0x000000008a400000, 0x000000008a400000|100%| E|CS|TAMS 0x000000008a300000, 0x000000008a300000| Complete 
| 164|0x000000008a400000, 0x000000008a500000, 0x000000008a500000|100%| E|CS|TAMS 0x000000008a400000, 0x000000008a400000| Complete 
| 165|0x000000008a500000, 0x000000008a600000, 0x000000008a600000|100%| E|CS|TAMS 0x000000008a500000, 0x000000008a500000| Complete 
| 166|0x000000008a600000, 0x000000008a700000, 0x000000008a700000|100%| E|CS|TAMS 0x000000008a600000, 0x000000008a600000| Complete 
| 167|0x000000008a700000, 0x000000008a800000, 0x000000008a800000|100%| E|CS|TAMS 0x000000008a700000, 0x000000008a700000| Complete 
| 168|0x000000008a800000, 0x000000008a900000, 0x000000008a900000|100%| E|CS|TAMS 0x000000008a800000, 0x000000008a800000| Complete 
| 169|0x000000008a900000, 0x000000008aa00000, 0x000000008aa00000|100%| E|CS|TAMS 0x000000008a900000, 0x000000008a900000| Complete 
| 170|0x000000008aa00000, 0x000000008ab00000, 0x000000008ab00000|100%| E|CS|TAMS 0x000000008aa00000, 0x000000008aa00000| Complete 
| 171|0x000000008ab00000, 0x000000008ac00000, 0x000000008ac00000|100%| E|CS|TAMS 0x000000008ab00000, 0x000000008ab00000| Complete 
| 172|0x000000008ac00000, 0x000000008ad00000, 0x000000008ad00000|100%| E|CS|TAMS 0x000000008ac00000, 0x000000008ac00000| Complete 
| 173|0x000000008ad00000, 0x000000008ae00000, 0x000000008ae00000|100%| E|CS|TAMS 0x000000008ad00000, 0x000000008ad00000| Complete 
| 174|0x000000008ae00000, 0x000000008af00000, 0x000000008af00000|100%| E|CS|TAMS 0x000000008ae00000, 0x000000008ae00000| Complete 
| 175|0x000000008af00000, 0x000000008b000000, 0x000000008b000000|100%| E|CS|TAMS 0x000000008af00000, 0x000000008af00000| Complete 
| 176|0x000000008b000000, 0x000000008b100000, 0x000000008b100000|100%| E|CS|TAMS 0x000000008b000000, 0x000000008b000000| Complete 
| 177|0x000000008b100000, 0x000000008b200000, 0x000000008b200000|100%| E|CS|TAMS 0x000000008b100000, 0x000000008b100000| Complete 
| 178|0x000000008b200000, 0x000000008b300000, 0x000000008b300000|100%| E|CS|TAMS 0x000000008b200000, 0x000000008b200000| Complete 
| 179|0x000000008b300000, 0x000000008b400000, 0x000000008b400000|100%| E|CS|TAMS 0x000000008b300000, 0x000000008b300000| Complete 
| 180|0x000000008b400000, 0x000000008b500000, 0x000000008b500000|100%| E|CS|TAMS 0x000000008b400000, 0x000000008b400000| Complete 
| 181|0x000000008b500000, 0x000000008b600000, 0x000000008b600000|100%| E|CS|TAMS 0x000000008b500000, 0x000000008b500000| Complete 
| 182|0x000000008b600000, 0x000000008b700000, 0x000000008b700000|100%| E|CS|TAMS 0x000000008b600000, 0x000000008b600000| Complete 
| 183|0x000000008b700000, 0x000000008b800000, 0x000000008b800000|100%| E|CS|TAMS 0x000000008b700000, 0x000000008b700000| Complete 
| 184|0x000000008b800000, 0x000000008b900000, 0x000000008b900000|100%| E|CS|TAMS 0x000000008b800000, 0x000000008b800000| Complete 

Card table byte_map: [0x000002a2f41e0000,0x000002a2f45e0000] _byte_map_base: 0x000002a2f3de0000

Marking Bits (Prev, Next): (CMBitMap*) 0x000002a2e1309560, (CMBitMap*) 0x000002a2e1309528
 Prev Bits: [0x000002a2f69e0000, 0x000002a2f89e0000)
 Next Bits: [0x000002a2f49e0000, 0x000002a2f69e0000)

Polling page: 0x000002a2df0e0000

Metaspace:

Usage:
  Non-class:     76.62 MB capacity,    75.38 MB ( 98%) used,     1.01 MB (  1%) free+waste,   241.44 KB ( <1%) overhead. 
      Class:     11.96 MB capacity,    11.19 MB ( 94%) used,   682.38 KB (  6%) free+waste,   110.69 KB ( <1%) overhead. 
       Both:     88.58 MB capacity,    86.57 MB ( 98%) used,     1.67 MB (  2%) free+waste,   352.13 KB ( <1%) overhead. 

Virtual space:
  Non-class space:       78.00 MB reserved,      76.87 MB ( 99%) committed 
      Class space:        1.00 GB reserved,      12.07 MB (  1%) committed 
             Both:        1.08 GB reserved,      88.95 MB (  8%) committed 

Chunk freelists:
   Non-Class:  63.00 KB
       Class:  0 bytes
        Both:  63.00 KB

MaxMetaspaceSize: 17179869184.00 GB
CompressedClassSpaceSize: 1.00 GB
Initial GC threshold: 20.80 MB
Current GC threshold: 98.24 MB
CDS: off

CodeHeap 'non-profiled nmethods': size=120064Kb used=5334Kb max_used=5334Kb free=114729Kb
 bounds [0x000002a2ec8a0000, 0x000002a2ecde0000, 0x000002a2f3de0000]
CodeHeap 'profiled nmethods': size=120000Kb used=19875Kb max_used=19875Kb free=100125Kb
 bounds [0x000002a2e5370000, 0x000002a2e66e0000, 0x000002a2ec8a0000]
CodeHeap 'non-nmethods': size=5696Kb used=2368Kb max_used=2455Kb free=3328Kb
 bounds [0x000002a2e4de0000, 0x000002a2e5050000, 0x000002a2e5370000]
 total_blobs=10125 nmethods=9244 adapters=793
 compilation: enabled
              stopped_count=0, restarted_count=0
 full_count=0

Compilation events (20 events):
Event: 24.624 Thread 0x000002a2faefa000 9213       3       org.gradle.internal.snapshot.AbstractIncompleteFileSystemNode$2::handleAsDescendantOfChild (20 bytes)
Event: 24.625 Thread 0x000002a2faefa000 nmethod 9213 0x000002a2e66a8b10 code [0x000002a2e66a8cc0, 0x000002a2e66a8e88]
Event: 24.625 Thread 0x000002a2faefa000 9214       3       com.google.common.cache.LocalCache$StrongValueReference::copyFor (2 bytes)
Event: 24.626 Thread 0x000002a2faefa000 nmethod 9214 0x000002a2e66a8f90 code [0x000002a2e66a9140, 0x000002a2e66a9238]
Event: 24.626 Thread 0x000002a2faefa000 9215       3       java.lang.ClassLoader::getSystemClassLoader (95 bytes)
Event: 24.627 Thread 0x000002a2faefa000 nmethod 9215 0x000002a2e66a9310 code [0x000002a2e66a9580, 0x000002a2e66aa048]
Event: 24.627 Thread 0x000002a2faefa000 9216       1       com.google.common.collect.ImmutableMultimap::size (5 bytes)
Event: 24.627 Thread 0x000002a2faefa000 nmethod 9216 0x000002a2ecdcf610 code [0x000002a2ecdcf7c0, 0x000002a2ecdcf878]
Event: 24.627 Thread 0x000002a2faefa000 9218       3       com.google.common.cache.LocalCache$EntryFactory$2::copyEntry (19 bytes)
Event: 24.627 Thread 0x000002a2faefa000 nmethod 9218 0x000002a2e66aa410 code [0x000002a2e66aa600, 0x000002a2e66aaaf8]
Event: 24.627 Thread 0x000002a2faefa000 9219       3       com.google.common.cache.LocalCache$EntryFactory::copyAccessEntry (37 bytes)
Event: 24.628 Thread 0x000002a2faefa000 nmethod 9219 0x000002a2e66aad10 code [0x000002a2e66aaf80, 0x000002a2e66ab998]
Event: 24.628 Thread 0x000002a2faefa000 9220       3       com.google.common.cache.LocalCache::nullifyAccessOrder (19 bytes)
Event: 24.628 Thread 0x000002a2faefa000 nmethod 9220 0x000002a2e66abc90 code [0x000002a2e66abe60, 0x000002a2e66ac138]
Event: 24.628 Thread 0x000002a2faefa000 9221       3       org.gradle.internal.execution.history.impl.FileSystemSnapshotSerializer::readAccessType (11 bytes)
Event: 24.629 Thread 0x000002a2faefa000 nmethod 9221 0x000002a2e66ac290 code [0x000002a2e66ac480, 0x000002a2e66ac858]
Event: 24.629 Thread 0x000002a2faefa000 9222       3       org.gradle.internal.execution.history.impl.FileSystemSnapshotSerializer::readHashCode (10 bytes)
Event: 24.629 Thread 0x000002a2faefa000 nmethod 9222 0x000002a2e66aca10 code [0x000002a2e66acbe0, 0x000002a2e66acdb8]
Event: 24.629 Thread 0x000002a2faefa000 9223       3       org.gradle.internal.execution.history.impl.FileSystemSnapshotSerializer$SnapshotStack::add (36 bytes)
Event: 24.630 Thread 0x000002a2faefa000 nmethod 9223 0x000002a2e66ace90 code [0x000002a2e66ad080, 0x000002a2e66ad528]

GC Heap History (20 events):
Event: 6.732 GC heap before
{Heap before GC invocations=6 (full 0):
 garbage-first heap   total 131072K, used 67469K [0x0000000080000000, 0x0000000100000000)
  region size 1024K, 51 young (52224K), 2 survivors (2048K)
 Metaspace       used 25849K, capacity 26465K, committed 26544K, reserved 1073152K
  class space    used 3348K, capacity 3553K, committed 3584K, reserved 1048576K
}
Event: 6.739 GC heap after
{Heap after GC invocations=7 (full 0):
 garbage-first heap   total 157696K, used 18860K [0x0000000080000000, 0x0000000100000000)
  region size 1024K, 3 young (3072K), 3 survivors (3072K)
 Metaspace       used 25849K, capacity 26465K, committed 26544K, reserved 1073152K
  class space    used 3348K, capacity 3553K, committed 3584K, reserved 1048576K
}
Event: 8.202 GC heap before
{Heap before GC invocations=7 (full 0):
 garbage-first heap   total 157696K, used 81324K [0x0000000080000000, 0x0000000100000000)
  region size 1024K, 65 young (66560K), 3 survivors (3072K)
 Metaspace       used 34886K, capacity 35663K, committed 35708K, reserved 1081344K
  class space    used 4530K, capacity 4839K, committed 4864K, reserved 1048576K
}
Event: 8.217 GC heap after
{Heap after GC invocations=8 (full 0):
 garbage-first heap   total 157696K, used 22074K [0x0000000080000000, 0x0000000100000000)
  region size 1024K, 6 young (6144K), 6 survivors (6144K)
 Metaspace       used 34886K, capacity 35663K, committed 35708K, reserved 1081344K
  class space    used 4530K, capacity 4839K, committed 4864K, reserved 1048576K
}
Event: 9.433 GC heap before
{Heap before GC invocations=9 (full 0):
 garbage-first heap   total 157696K, used 97850K [0x0000000080000000, 0x0000000100000000)
  region size 1024K, 78 young (79872K), 6 survivors (6144K)
 Metaspace       used 40849K, capacity 41833K, committed 42184K, reserved 1085440K
  class space    used 5228K, capacity 5611K, committed 5708K, reserved 1048576K
}
Event: 9.451 GC heap after
{Heap after GC invocations=10 (full 0):
 garbage-first heap   total 157696K, used 28119K [0x0000000080000000, 0x0000000100000000)
  region size 1024K, 10 young (10240K), 10 survivors (10240K)
 Metaspace       used 40849K, capacity 41833K, committed 42184K, reserved 1085440K
  class space    used 5228K, capacity 5611K, committed 5708K, reserved 1048576K
}
Event: 11.018 GC heap before
{Heap before GC invocations=10 (full 0):
 garbage-first heap   total 157696K, used 105943K [0x0000000080000000, 0x0000000100000000)
  region size 1024K, 85 young (87040K), 10 survivors (10240K)
 Metaspace       used 47413K, capacity 48499K, committed 48712K, reserved 1091584K
  class space    used 6116K, capacity 6548K, committed 6604K, reserved 1048576K
}
Event: 11.040 GC heap after
{Heap after GC invocations=11 (full 0):
 garbage-first heap   total 157696K, used 31407K [0x0000000080000000, 0x0000000100000000)
  region size 1024K, 9 young (9216K), 9 survivors (9216K)
 Metaspace       used 47413K, capacity 48499K, committed 48712K, reserved 1091584K
  class space    used 6116K, capacity 6548K, committed 6604K, reserved 1048576K
}
Event: 13.024 GC heap before
{Heap before GC invocations=11 (full 0):
 garbage-first heap   total 157696K, used 117423K [0x0000000080000000, 0x0000000100000000)
  region size 1024K, 85 young (87040K), 9 survivors (9216K)
 Metaspace       used 52330K, capacity 53583K, committed 53704K, reserved 1095680K
  class space    used 6684K, capacity 7153K, committed 7244K, reserved 1048576K
}
Event: 13.046 GC heap after
{Heap after GC invocations=12 (full 0):
 garbage-first heap   total 157696K, used 49890K [0x0000000080000000, 0x0000000100000000)
  region size 1024K, 11 young (11264K), 11 survivors (11264K)
 Metaspace       used 52330K, capacity 53583K, committed 53704K, reserved 1095680K
  class space    used 6684K, capacity 7153K, committed 7244K, reserved 1048576K
}
Event: 14.306 GC heap before
{Heap before GC invocations=12 (full 0):
 garbage-first heap   total 157696K, used 89826K [0x0000000080000000, 0x0000000100000000)
  region size 1024K, 51 young (52224K), 11 survivors (11264K)
 Metaspace       used 58568K, capacity 59916K, committed 59976K, reserved 1101824K
  class space    used 7390K, capacity 7873K, committed 7884K, reserved 1048576K
}
Event: 14.328 GC heap after
{Heap after GC invocations=13 (full 0):
 garbage-first heap   total 189440K, used 52544K [0x0000000080000000, 0x0000000100000000)
  region size 1024K, 2 young (2048K), 2 survivors (2048K)
 Metaspace       used 58568K, capacity 59916K, committed 59976K, reserved 1101824K
  class space    used 7390K, capacity 7873K, committed 7884K, reserved 1048576K
}
Event: 16.360 GC heap before
{Heap before GC invocations=14 (full 0):
 garbage-first heap   total 189440K, used 121152K [0x0000000080000000, 0x0000000100000000)
  region size 1024K, 70 young (71680K), 2 survivors (2048K)
 Metaspace       used 65628K, capacity 67134K, committed 67400K, reserved 1107968K
  class space    used 8307K, capacity 8887K, committed 8908K, reserved 1048576K
}
Event: 16.373 GC heap after
{Heap after GC invocations=15 (full 0):
 garbage-first heap   total 189440K, used 57664K [0x0000000080000000, 0x0000000100000000)
  region size 1024K, 7 young (7168K), 7 survivors (7168K)
 Metaspace       used 65628K, capacity 67134K, committed 67400K, reserved 1107968K
  class space    used 8307K, capacity 8887K, committed 8908K, reserved 1048576K
}
Event: 18.430 GC heap before
{Heap before GC invocations=15 (full 0):
 garbage-first heap   total 189440K, used 128320K [0x0000000080000000, 0x0000000100000000)
  region size 1024K, 75 young (76800K), 7 survivors (7168K)
 Metaspace       used 69090K, capacity 70655K, committed 70728K, reserved 1110016K
  class space    used 8744K, capacity 9347K, committed 9420K, reserved 1048576K
}
Event: 18.449 GC heap after
{Heap after GC invocations=16 (full 0):
 garbage-first heap   total 189440K, used 62434K [0x0000000080000000, 0x0000000100000000)
  region size 1024K, 5 young (5120K), 5 survivors (5120K)
 Metaspace       used 69090K, capacity 70655K, committed 70728K, reserved 1110016K
  class space    used 8744K, capacity 9347K, committed 9420K, reserved 1048576K
}
Event: 20.819 GC heap before
{Heap before GC invocations=16 (full 0):
 garbage-first heap   total 189440K, used 133090K [0x0000000080000000, 0x0000000100000000)
  region size 1024K, 74 young (75776K), 5 survivors (5120K)
 Metaspace       used 77537K, capacity 79140K, committed 79432K, reserved 1118208K
  class space    used 9970K, capacity 10586K, committed 10700K, reserved 1048576K
}
Event: 20.841 GC heap after
{Heap after GC invocations=17 (full 0):
 garbage-first heap   total 189440K, used 66664K [0x0000000080000000, 0x0000000100000000)
  region size 1024K, 9 young (9216K), 9 survivors (9216K)
 Metaspace       used 77537K, capacity 79140K, committed 79432K, reserved 1118208K
  class space    used 9970K, capacity 10586K, committed 10700K, reserved 1048576K
}
Event: 22.257 GC heap before
{Heap before GC invocations=17 (full 0):
 garbage-first heap   total 189440K, used 137320K [0x0000000080000000, 0x0000000100000000)
  region size 1024K, 78 young (79872K), 9 survivors (9216K)
 Metaspace       used 83901K, capacity 85595K, committed 85704K, reserved 1124352K
  class space    used 10870K, capacity 11537K, committed 11596K, reserved 1048576K
}
Event: 22.284 GC heap after
{Heap after GC invocations=18 (full 0):
 garbage-first heap   total 189440K, used 70966K [0x0000000080000000, 0x0000000100000000)
  region size 1024K, 9 young (9216K), 9 survivors (9216K)
 Metaspace       used 83901K, capacity 85595K, committed 85704K, reserved 1124352K
  class space    used 10870K, capacity 11537K, committed 11596K, reserved 1048576K
}

Deoptimization events (20 events):
Event: 23.243 Thread 0x000002a2fe6fd800 Uncommon trap: trap_request=0xffffff4d fr.pc=0x000002a2ecb2c32c relative=0x00000000000001ec
Event: 23.243 Thread 0x000002a2fe6fd800 Uncommon trap: reason=unstable_if action=reinterpret pc=0x000002a2ecb2c32c method=com.google.common.collect.RegularImmutableSet.contains(Ljava/lang/Object;)Z @ 10 c2
Event: 23.243 Thread 0x000002a2fe6fd800 DEOPT PACKING pc=0x000002a2ecb2c32c sp=0x000000bb492fb530
Event: 23.243 Thread 0x000002a2fe6fd800 DEOPT UNPACKING pc=0x000002a2e4e2a1af sp=0x000000bb492fb4c8 mode 2
Event: 23.424 Thread 0x000002a2fe6fd800 DEOPT PACKING pc=0x000002a2e62fc1bb sp=0x000000bb492f9420
Event: 23.424 Thread 0x000002a2fe6fd800 DEOPT UNPACKING pc=0x000002a2e4e2a95e sp=0x000000bb492f8960 mode 0
Event: 24.302 Thread 0x000002a2feec6800 Uncommon trap: trap_request=0xffffff4d fr.pc=0x000002a2ecd2142c relative=0x00000000000010ec
Event: 24.302 Thread 0x000002a2feec6800 Uncommon trap: reason=unstable_if action=reinterpret pc=0x000002a2ecd2142c method=java.util.concurrent.ConcurrentHashMap.putVal(Ljava/lang/Object;Ljava/lang/Object;Z)Ljava/lang/Object; @ 97 c2
Event: 24.302 Thread 0x000002a2feec6800 DEOPT PACKING pc=0x000002a2ecd2142c sp=0x000000bb479fd7e0
Event: 24.302 Thread 0x000002a2feec6800 DEOPT UNPACKING pc=0x000002a2e4e2a1af sp=0x000000bb479fd778 mode 2
Event: 24.491 Thread 0x000002a2fe6fd800 Uncommon trap: trap_request=0xffffff4d fr.pc=0x000002a2ecb2f254 relative=0x00000000000006d4
Event: 24.491 Thread 0x000002a2fe6fd800 Uncommon trap: reason=unstable_if action=reinterpret pc=0x000002a2ecb2f254 method=org.gradle.internal.snapshot.VfsRelativePath.hasPrefix(Ljava/lang/String;Lorg/gradle/internal/snapshot/CaseSensitivity;)Z @ 90 c2
Event: 24.491 Thread 0x000002a2fe6fd800 DEOPT PACKING pc=0x000002a2ecb2f254 sp=0x000000bb492f85a0
Event: 24.491 Thread 0x000002a2fe6fd800 DEOPT UNPACKING pc=0x000002a2e4e2a1af sp=0x000000bb492f8528 mode 2
Event: 24.584 Thread 0x000002a2fe6f5000 Uncommon trap: trap_request=0xffffff4d fr.pc=0x000002a2ec8fdb44 relative=0x0000000000000504
Event: 24.584 Thread 0x000002a2fe6f5000 Uncommon trap: reason=unstable_if action=reinterpret pc=0x000002a2ec8fdb44 method=java.lang.StringLatin1.compareToCI([B[B)I @ 68 c2
Event: 24.585 Thread 0x000002a2fe6f5000 DEOPT PACKING pc=0x000002a2ec8fdb44 sp=0x000000bb486fb7f0
Event: 24.585 Thread 0x000002a2fe6f5000 DEOPT UNPACKING pc=0x000002a2e4e2a1af sp=0x000000bb486fb6e8 mode 2
Event: 24.598 Thread 0x000002a2feec6800 DEOPT PACKING pc=0x000002a2e637fa44 sp=0x000000bb479fd710
Event: 24.598 Thread 0x000002a2feec6800 DEOPT UNPACKING pc=0x000002a2e4e2a95e sp=0x000000bb479fccb0 mode 0

Classes redefined (0 events):
No events

Internal exceptions (20 events):
Event: 22.867 Thread 0x000002a2fecce000 Exception <a 'sun/nio/fs/WindowsException'{0x0000000089d74930}> (0x0000000089d74930) thrown at [./src/hotspot/share/prims/jni.cpp, line 615]
Event: 22.947 Thread 0x000002a2fdaf9800 Exception <a 'java/lang/NoSuchMethodError'{0x0000000089ae8550}: <clinit>> (0x0000000089ae8550) thrown at [./src/hotspot/share/prims/jni.cpp, line 1365]
Event: 22.948 Thread 0x000002a2fdaf9800 Exception <a 'java/lang/NoSuchMethodError'{0x0000000089af4080}: <clinit>> (0x0000000089af4080) thrown at [./src/hotspot/share/prims/jni.cpp, line 1365]
Event: 22.961 Thread 0x000002a2fdaf9800 Exception <a 'java/lang/NoSuchMethodError'{0x0000000089976b98}: <clinit>> (0x0000000089976b98) thrown at [./src/hotspot/share/prims/jni.cpp, line 1365]
Event: 22.964 Thread 0x000002a2fdaf9800 Exception <a 'java/lang/NoSuchMethodError'{0x0000000089989558}: <clinit>> (0x0000000089989558) thrown at [./src/hotspot/share/prims/jni.cpp, line 1365]
Event: 22.965 Thread 0x000002a2fdaf9800 Exception <a 'java/lang/NoSuchMethodError'{0x000000008998acc0}: <clinit>> (0x000000008998acc0) thrown at [./src/hotspot/share/prims/jni.cpp, line 1365]
Event: 22.996 Thread 0x000002a2fe6f4800 Exception <a 'java/lang/NoSuchMethodError'{0x000000008a988aa0}: <clinit>> (0x000000008a988aa0) thrown at [./src/hotspot/share/prims/jni.cpp, line 1365]
Event: 23.000 Thread 0x000002a2fe6f4800 Exception <a 'java/lang/NoSuchMethodError'{0x000000008a99dcd0}: <clinit>> (0x000000008a99dcd0) thrown at [./src/hotspot/share/prims/jni.cpp, line 1365]
Event: 23.003 Thread 0x000002a2fe6fd800 Exception <a 'java/lang/IncompatibleClassChangeError'{0x00000000897ef320}: Found class java.lang.Object, but interface was expected> (0x00000000897ef320) thrown at [./src/hotspot/share/interpreter/linkResolver.cpp, line 839]
Event: 23.015 Thread 0x000002a2fe6f4800 Exception <a 'java/lang/NoSuchMethodError'{0x0000000089613710}: <clinit>> (0x0000000089613710) thrown at [./src/hotspot/share/prims/jni.cpp, line 1365]
Event: 23.188 Thread 0x000002a2fdaf9800 Exception <a 'java/lang/NoSuchMethodError'{0x0000000089455d68}: <clinit>> (0x0000000089455d68) thrown at [./src/hotspot/share/prims/jni.cpp, line 1365]
Event: 23.190 Thread 0x000002a2fe6fd800 Exception <a 'java/lang/NoSuchMethodError'{0x000000008945fdf8}: 'java.lang.Object java.lang.invoke.DirectMethodHandle$Holder.invokeInterface(java.lang.Object, java.lang.Object, int)'> (0x000000008945fdf8) thrown at [./src/hotspot/share/interpreter/linkResolver.cpp, line 773]
Event: 23.192 Thread 0x000002a2fe6fd800 Exception <a 'java/lang/NoSuchMethodError'{0x00000000894723c8}: 'void java.lang.invoke.DirectMethodHandle$Holder.invokeStatic(java.lang.Object, java.lang.Object, java.lang.Object, int)'> (0x00000000894723c8) thrown at [./src/hotspot/share/interpreter/linkResolver.cpp, line 773]
Event: 23.243 Thread 0x000002a2fe6fd800 Implicit null exception at 0x000002a2ecb2c177 to 0x000002a2ecb2c314
Event: 23.252 Thread 0x000002a2fe6fd800 Exception <a 'java/lang/IncompatibleClassChangeError'{0x0000000089203900}: Found class java.lang.Object, but interface was expected> (0x0000000089203900) thrown at [./src/hotspot/share/interpreter/linkResolver.cpp, line 839]
Event: 24.262 Thread 0x000002a2fe6fd800 Exception <a 'java/lang/NoSuchMethodError'{0x00000000888355f0}: 'void java.lang.invoke.DirectMethodHandle$Holder.invokeStatic(java.lang.Object, java.lang.Object, java.lang.Object, java.lang.Object, int, java.lang.Object, java.lang.Object)'> (0x00000000888355f0) thrown at [./src/hotspot/share/interpreter/linkResolver.cpp, line 773]
Event: 24.320 Thread 0x000002a2feec6800 Exception <a 'java/lang/NoSuchMethodError'{0x0000000088610af8}: 'java.lang.Object java.lang.invoke.DirectMethodHandle$Holder.invokeSpecialIFC(java.lang.Object, java.lang.Object, java.lang.Object)'> (0x0000000088610af8) thrown at [./src/hotspot/share/interpreter/linkResolver.cpp, line 773]
Event: 24.320 Thread 0x000002a2fe6f5000 Exception <a 'java/lang/NoSuchMethodError'{0x0000000088413278}: 'java.lang.Object java.lang.invoke.DirectMethodHandle$Holder.invokeSpecialIFC(java.lang.Object, java.lang.Object, java.lang.Object)'> (0x0000000088413278) thrown at [./src/hotspot/share/interpreter/linkResolver.cpp, line 773]
Event: 24.320 Thread 0x000002a2fe6f3800 Exception <a 'java/lang/NoSuchMethodError'{0x0000000088534b08}: 'java.lang.Object java.lang.invoke.DirectMethodHandle$Holder.invokeSpecialIFC(java.lang.Object, java.lang.Object, java.lang.Object)'> (0x0000000088534b08) thrown at [./src/hotspot/share/interpreter/linkResolver.cpp, line 773]
Event: 24.528 Thread 0x000002a2fe6fd800 Exception <a 'java/lang/NoSuchMethodError'{0x000000008800eb80}: 'int java.lang.invoke.DirectMethodHandle$Holder.invokeStaticInit(java.lang.Object, java.lang.Object, java.lang.Object, java.lang.Object, java.lang.Object)'> (0x000000008800eb80) thrown at [./src/hotspot/share/interpreter/linkResolver.cpp, line 773]

Events (20 events):
Event: 24.588 loading class org/gradle/api/internal/artifacts/transform/TransformationResult$Builder$AlreadyResolvedTransformationResult
Event: 24.588 loading class org/gradle/api/internal/artifacts/transform/TransformationResult$Builder$AlreadyResolvedTransformationResult done
Event: 24.589 loading class com/google/common/collect/ImmutableList$Builder
Event: 24.589 loading class com/google/common/collect/ImmutableList$Builder done
Event: 24.589 loading class org/gradle/api/internal/artifacts/transform/TransformationResult$Builder$TransformationOutput
Event: 24.589 loading class org/gradle/api/internal/artifacts/transform/TransformationResult$Builder$TransformationOutput done
Event: 24.589 loading class com/google/common/collect/ImmutableList$Builder
Event: 24.589 loading class com/google/common/collect/ImmutableList$Builder done
Event: 24.590 loading class org/gradle/internal/snapshot/VfsRelativePath
Event: 24.590 loading class org/gradle/internal/snapshot/VfsRelativePath done
Event: 24.590 loading class org/gradle/internal/snapshot/MetadataSnapshot
Event: 24.590 loading class org/gradle/internal/snapshot/MetadataSnapshot done
Event: 24.590 loading class org/gradle/internal/snapshot/VfsRelativePath
Event: 24.590 loading class org/gradle/internal/snapshot/VfsRelativePath done
Event: 24.595 Executing VM operation: RevokeBias
Event: 24.596 Executing VM operation: RevokeBias done
Event: 24.597 Executing VM operation: RevokeBias
Event: 24.598 Executing VM operation: RevokeBias done
Event: 24.620 Executing VM operation: RevokeBias
Event: 24.620 Executing VM operation: RevokeBias done


Dynamic libraries:
0x00007ff726670000 - 0x00007ff72667a000 	F:\AndroidStudio\jre\bin\java.exe
0x00007ff862d70000 - 0x00007ff862f68000 	C:\WINDOWS\SYSTEM32\ntdll.dll
0x00007ff862070000 - 0x00007ff86212d000 	C:\WINDOWS\System32\KERNEL32.DLL
0x00007ff860730000 - 0x00007ff8609fe000 	C:\WINDOWS\System32\KERNELBASE.dll
0x00007ff860a30000 - 0x00007ff860b30000 	C:\WINDOWS\System32\ucrtbase.dll
0x00007ff857dc0000 - 0x00007ff857dd9000 	F:\AndroidStudio\jre\bin\jli.dll
0x00007ff861d90000 - 0x00007ff861f30000 	C:\WINDOWS\System32\USER32.dll
0x00007ff860490000 - 0x00007ff8604b2000 	C:\WINDOWS\System32\win32u.dll
0x00007ff862130000 - 0x00007ff86215a000 	C:\WINDOWS\System32\GDI32.dll
0x00007ff860620000 - 0x00007ff86072b000 	C:\WINDOWS\System32\gdi32full.dll
0x00007ff8604c0000 - 0x00007ff86055d000 	C:\WINDOWS\System32\msvcp_win.dll
0x00007ff8551e0000 - 0x00007ff8551f7000 	F:\AndroidStudio\jre\bin\VCRUNTIME140.dll
0x00007ff84da50000 - 0x00007ff84dcea000 	C:\WINDOWS\WinSxS\amd64_microsoft.windows.common-controls_6595b64144ccf1df_6.0.19041.1110_none_60b5254171f9507e\COMCTL32.dll
0x00007ff8614d0000 - 0x00007ff86156e000 	C:\WINDOWS\System32\msvcrt.dll
0x00007ff861f90000 - 0x00007ff861fc0000 	C:\WINDOWS\System32\IMM32.DLL
0x00007ff84a800000 - 0x00007ff84a89d000 	F:\AndroidStudio\jre\bin\msvcp140.dll
0x00007ffff1f30000 - 0x00007ffff2a15000 	F:\AndroidStudio\jre\bin\server\jvm.dll
0x00007ff862160000 - 0x00007ff86220e000 	C:\WINDOWS\System32\ADVAPI32.dll
0x00007ff862710000 - 0x00007ff8627ac000 	C:\WINDOWS\System32\sechost.dll
0x00007ff862210000 - 0x00007ff862335000 	C:\WINDOWS\System32\RPCRT4.dll
0x00007ff861d80000 - 0x00007ff861d88000 	C:\WINDOWS\System32\PSAPI.DLL
0x00007ff847ac0000 - 0x00007ff847ac9000 	C:\WINDOWS\SYSTEM32\WSOCK32.dll
0x00007ff862ba0000 - 0x00007ff862c0b000 	C:\WINDOWS\System32\WS2_32.dll
0x00007ff83acc0000 - 0x00007ff83ace7000 	C:\WINDOWS\SYSTEM32\WINMM.dll
0x00007ff856d10000 - 0x00007ff856d1a000 	C:\WINDOWS\SYSTEM32\VERSION.dll
0x00007ff85ed10000 - 0x00007ff85ed22000 	C:\WINDOWS\SYSTEM32\kernel.appcore.dll
0x00007ff85af00000 - 0x00007ff85af11000 	F:\AndroidStudio\jre\bin\verify.dll
0x00007ff85e280000 - 0x00007ff85e464000 	C:\WINDOWS\SYSTEM32\DBGHELP.DLL
0x00007ff846680000 - 0x00007ff8466ac000 	C:\WINDOWS\SYSTEM32\dbgcore.DLL
0x00007ff860be0000 - 0x00007ff860c62000 	C:\WINDOWS\System32\bcryptPrimitives.dll
0x00007ff84b9a0000 - 0x00007ff84b9c9000 	F:\AndroidStudio\jre\bin\java.dll
0x00007ff85aee0000 - 0x00007ff85aeeb000 	F:\AndroidStudio\jre\bin\jimage.dll
0x00007ff8576d0000 - 0x00007ff8576e8000 	F:\AndroidStudio\jre\bin\zip.dll
0x00007ff861630000 - 0x00007ff861d73000 	C:\WINDOWS\System32\SHELL32.dll
0x00007ff85e470000 - 0x00007ff85ec05000 	C:\WINDOWS\SYSTEM32\windows.storage.dll
0x00007ff862820000 - 0x00007ff862b74000 	C:\WINDOWS\System32\combase.dll
0x00007ff85fe20000 - 0x00007ff85fe50000 	C:\WINDOWS\SYSTEM32\Wldp.dll
0x00007ff861580000 - 0x00007ff86162d000 	C:\WINDOWS\System32\SHCORE.dll
0x00007ff861240000 - 0x00007ff861295000 	C:\WINDOWS\System32\shlwapi.dll
0x00007ff8603d0000 - 0x00007ff8603ef000 	C:\WINDOWS\SYSTEM32\profapi.dll
0x00007ff857610000 - 0x00007ff85762a000 	F:\AndroidStudio\jre\bin\net.dll
0x00007ff8550a0000 - 0x00007ff8551aa000 	C:\WINDOWS\SYSTEM32\WINHTTP.dll
0x00007ff85fb80000 - 0x00007ff85fbea000 	C:\WINDOWS\system32\mswsock.dll
0x00007ff855e70000 - 0x00007ff855e84000 	F:\AndroidStudio\jre\bin\nio.dll
0x00007ff84aab0000 - 0x00007ff84aad7000 	C:\Users\Sultan\.gradle\native\e1d6ef7f7dcc3fd88c89a11ec53ec762bb8ba0a96d01ffa2cd45eb1d1d8dd5c5\windows-amd64\native-platform.dll
0x00007ff83ee30000 - 0x00007ff83ef74000 	C:\Users\Sultan\.gradle\native\5664cfc778a61ccfe75a443a1ab52a65af34e5dc3c78e0209fed803814484fcb\windows-amd64\native-platform-file-events.dll
0x00007ff85aed0000 - 0x00007ff85aeda000 	F:\AndroidStudio\jre\bin\management.dll
0x00007ff85ae20000 - 0x00007ff85ae2d000 	F:\AndroidStudio\jre\bin\management_ext.dll
0x00007ff85fd70000 - 0x00007ff85fd88000 	C:\WINDOWS\SYSTEM32\CRYPTSP.dll
0x00007ff85f500000 - 0x00007ff85f534000 	C:\WINDOWS\system32\rsaenh.dll
0x00007ff860a00000 - 0x00007ff860a27000 	C:\WINDOWS\System32\bcrypt.dll
0x00007ff860390000 - 0x00007ff8603be000 	C:\WINDOWS\SYSTEM32\USERENV.dll
0x00007ff85fd90000 - 0x00007ff85fd9c000 	C:\WINDOWS\SYSTEM32\CRYPTBASE.dll
0x00007ff85f870000 - 0x00007ff85f8ab000 	C:\WINDOWS\SYSTEM32\IPHLPAPI.DLL
0x00007ff862810000 - 0x00007ff862818000 	C:\WINDOWS\System32\NSI.dll
0x00007ff854f20000 - 0x00007ff854f37000 	C:\WINDOWS\SYSTEM32\dhcpcsvc6.DLL
0x00007ff854f80000 - 0x00007ff854f9d000 	C:\WINDOWS\SYSTEM32\dhcpcsvc.DLL
0x00007ff85f8b0000 - 0x00007ff85f97a000 	C:\WINDOWS\SYSTEM32\DNSAPI.dll

dbghelp: loaded successfully - version: 4.0.5 - missing functions: none
symbol engine: initialized successfully - sym options: 0x614 - pdb path: .;F:\AndroidStudio\jre\bin;C:\WINDOWS\SYSTEM32;C:\WINDOWS\WinSxS\amd64_microsoft.windows.common-controls_6595b64144ccf1df_6.0.19041.1110_none_60b5254171f9507e;F:\AndroidStudio\jre\bin\server;C:\Users\Sultan\.gradle\native\e1d6ef7f7dcc3fd88c89a11ec53ec762bb8ba0a96d01ffa2cd45eb1d1d8dd5c5\windows-amd64;C:\Users\Sultan\.gradle\native\5664cfc778a61ccfe75a443a1ab52a65af34e5dc3c78e0209fed803814484fcb\windows-amd64

VM Arguments:
jvm_args: --add-opens=java.base/java.util=ALL-UNNAMED --add-opens=java.base/java.lang=ALL-UNNAMED --add-opens=java.base/java.lang.invoke=ALL-UNNAMED --add-opens=java.base/java.util=ALL-UNNAMED --add-opens=java.prefs/java.util.prefs=ALL-UNNAMED --add-opens=java.prefs/java.util.prefs=ALL-UNNAMED --add-opens=java.base/java.nio.charset=ALL-UNNAMED --add-opens=java.base/java.net=ALL-UNNAMED --add-opens=java.base/java.util.concurrent.atomic=ALL-UNNAMED -Xmx2048m -Dfile.encoding=UTF-8 -Duser.country=RU -Duser.language=ru -Duser.variant 
java_command: org.gradle.launcher.daemon.bootstrap.GradleDaemon 7.3.3
java_class_path (initial): C:\Users\Sultan\.gradle\wrapper\dists\gradle-7.3.3-bin\6a41zxkdtcxs8rphpq6y0069z\gradle-7.3.3\lib\gradle-launcher-7.3.3.jar
Launcher Type: SUN_STANDARD

[Global flags]
     intx CICompilerCount                          = 3                                         {product} {ergonomic}
     uint ConcGCThreads                            = 1                                         {product} {ergonomic}
     uint G1ConcRefinementThreads                  = 4                                         {product} {ergonomic}
   size_t G1HeapRegionSize                         = 1048576                                   {product} {ergonomic}
    uintx GCDrainStackTargetSize                   = 64                                        {product} {ergonomic}
   size_t InitialHeapSize                          = 134217728                                 {product} {ergonomic}
   size_t MarkStackSize                            = 4194304                                   {product} {ergonomic}
   size_t MaxHeapSize                              = 2147483648                                {product} {command line}
   size_t MaxNewSize                               = 1287651328                                {product} {ergonomic}
   size_t MinHeapDeltaBytes                        = 1048576                                   {product} {ergonomic}
    uintx NonNMethodCodeHeapSize                   = 5830732                                {pd product} {ergonomic}
    uintx NonProfiledCodeHeapSize                  = 122913754                              {pd product} {ergonomic}
    uintx ProfiledCodeHeapSize                     = 122913754                              {pd product} {ergonomic}
    uintx ReservedCodeCacheSize                    = 251658240                              {pd product} {ergonomic}
     bool SegmentedCodeCache                       = true                                      {product} {ergonomic}
     bool UseCompressedClassPointers               = true                                 {lp64_product} {ergonomic}
     bool UseCompressedOops                        = true                                 {lp64_product} {ergonomic}
     bool UseG1GC                                  = true                                      {product} {ergonomic}
     bool UseLargePagesIndividualAllocation        = false                                  {pd product} {ergonomic}

Logging:
Log output configuration:
 #0: stdout all=warning uptime,level,tags
 #1: stderr all=off uptime,level,tags

Environment Variables:
JAVA_HOME=C:\Program Files\Java\jdk-18.0.2.1
PATH=C:\Program Files\Common Files\Oracle\Java\javapath;C:\WINDOWS\system32;C:\WINDOWS;C:\WINDOWS\System32\Wbem;C:\WINDOWS\System32\WindowsPowerShell\v1.0\;C:\WINDOWS\System32\OpenSSH\;C:\Program Files\Java\jdk-18.0.2.1\bin;F:\Git\cmd;C:\Users\Sultan\AppData\Local\Microsoft\WindowsApps;;C:\Program Files\JetBrains\IntelliJ IDEA Community Edition 2022.2.1\bin;;F:\Microsoft VS Code\bin
USERNAME=Sultan
OS=Windows_NT
PROCESSOR_IDENTIFIER=Intel64 Family 6 Model 142 Stepping 10, GenuineIntel



---------------  S Y S T E M  ---------------

OS: Windows 10 , 64 bit Build 19041 (10.0.19041.1889)
OS uptime: 0 days 13:40 hours

CPU:total 4 (initial active 4) (2 cores per cpu, 2 threads per core) family 6 model 142 stepping 10 microcode 0xb4, cmov, cx8, fxsr, mmx, sse, sse2, sse3, ssse3, sse4.1, sse4.2, popcnt, avx, avx2, aes, clmul, erms, 3dnowpref, lzcnt, ht, tsc, tscinvbit, bmi1, bmi2, adx, fma

Memory: 4k page, system-wide physical 8108M (649M free)
TotalPageFile size 10156M (AvailPageFile size 4M)
current process WorkingSet (physical memory assigned to process): 447M, peak: 455M
current process commit charge ("private bytes"): 477M, peak: 486M

vm_info: OpenJDK 64-Bit Server VM (11.0.12+7-b1504.28-7817840) for windows-amd64 JRE (11.0.12+7-b1504.28-7817840), built on Oct 13 2021 22:12:33 by "builder" with MS VC++ 14.0 (VS2015)

END.
