#
# There is insufficient memory for the Java Runtime Environment to continue.
# Native memory allocation (mmap) failed to map 210763776 bytes for Failed to commit area from 0x0000000094400000 to 0x00000000a0d00000 of length 210763776.
# Possible reasons:
#   The system is out of physical RAM or swap space
#   The process is running with CompressedOops enabled, and the Java Heap may be blocking the growth of the native heap
# Possible solutions:
#   Reduce memory load on the system
#   Increase physical memory or swap space
#   Check if swap backing store is full
#   Decrease Java heap size (-Xmx/-Xms)
#   Decrease number of Java threads
#   Decrease Java thread stack sizes (-Xss)
#   Set larger code cache with -XX:ReservedCodeCacheSize=
#   JVM is running with Unscaled Compressed Oops mode in which the Java heap is
#     placed in the first 4GB address space. The Java Heap base address is the
#     maximum limit for the native heap growth. Please use -XX:HeapBaseMinAddress
#     to set the Java Heap base and to place the Java Heap above 4GB virtual address.
# This output file may be truncated or incomplete.
#
#  Out of Memory Error (./src/hotspot/os/windows/os_windows.cpp:3521), pid=8400, tid=1368
#
# JRE version: OpenJDK Runtime Environment (11.0.12+7) (build 11.0.12+7-b1504.28-7817840)
# Java VM: OpenJDK 64-Bit Server VM (11.0.12+7-b1504.28-7817840, mixed mode, tiered, compressed oops, g1 gc, windows-amd64)
# No core dump will be written. Minidumps are not enabled by default on client versions of Windows
#

---------------  S U M M A R Y ------------

Command Line: --add-opens=java.base/java.util=ALL-UNNAMED --add-opens=java.base/java.lang=ALL-UNNAMED --add-opens=java.base/java.lang.invoke=ALL-UNNAMED --add-opens=java.base/java.util=ALL-UNNAMED --add-opens=java.prefs/java.util.prefs=ALL-UNNAMED --add-opens=java.prefs/java.util.prefs=ALL-UNNAMED --add-opens=java.base/java.nio.charset=ALL-UNNAMED --add-opens=java.base/java.net=ALL-UNNAMED --add-opens=java.base/java.util.concurrent.atomic=ALL-UNNAMED -Xmx2048m -Dfile.encoding=UTF-8 -Duser.country=RU -Duser.language=ru -Duser.variant org.gradle.launcher.daemon.bootstrap.GradleDaemon 7.3.3

Host: Intel(R) Core(TM) i3-7020U CPU @ 2.30GHz, 4 cores, 7G,  Windows 10 , 64 bit Build 19041 (10.0.19041.1889)
Time: Wed Oct 26 01:24:14 2022 Центральная Азия (зима) elapsed time: 3584.983367 seconds (0d 0h 59m 44s)

---------------  T H R E A D  ---------------

Current thread (0x000002b67856b000):  VMThread "VM Thread" [stack: 0x000000f85e700000,0x000000f85e800000] [id=1368]

Stack: [0x000000f85e700000,0x000000f85e800000]
[error occurred during error reporting (printing stack bounds), id 0xc0000005, EXCEPTION_ACCESS_VIOLATION (0xc0000005) at pc=0x000002b661d1112d]

Native frames: (J=compiled Java code, j=interpreted, Vv=VM code, C=native code)
V  [jvm.dll+0x5fbcea]
V  [jvm.dll+0x731905]
V  [jvm.dll+0x732f1d]
V  [jvm.dll+0x733535]
V  [jvm.dll+0x7334eb]
V  [jvm.dll+0x5fb080]
V  [jvm.dll+0x5fb818]
C  [ntdll.dll+0xa235f]
C  [ntdll.dll+0x514a4]
C  [ntdll.dll+0xa0e8e]
C  0x000002b661d1112d

VM_Operation (0x000000f8635f9d80): G1CollectForAllocation, mode: safepoint, requested by thread 0x000002b60260a800


---------------  P R O C E S S  ---------------

Threads class SMR info:
_java_thread_list=0x000002b67bc62520, length=111, elements={
0x000002b65e1f9000, 0x000002b67856e800, 0x000002b67857a000, 0x000002b678590000,
0x000002b678592000, 0x000002b678593000, 0x000002b678598000, 0x000002b6785a3800,
0x000002b6785a4800, 0x000002b67906e000, 0x000002b67a59a000, 0x000002b67a368800,
0x000002b67aecc800, 0x000002b67afa2000, 0x000002b67af9e000, 0x000002b67af9f800,
0x000002b67afa1000, 0x000002b67af9c800, 0x000002b67e208000, 0x000002b67e20a000,
0x000002b67e20d000, 0x000002b67e209000, 0x000002b67e210800, 0x000002b67e193800,
0x000002b67e195000, 0x000002b67e194800, 0x000002b60260f000, 0x000002b60260f800,
0x000002b60260e000, 0x000002b602610800, 0x000002b602611000, 0x000002b67e212000,
0x000002b602606800, 0x000002b67af9d000, 0x000002b602605000, 0x000002b67e192800,
0x000002b67e18d000, 0x000002b67e18f800, 0x000002b67e187000, 0x000002b67e18d800,
0x000002b67e188000, 0x000002b67e18c000, 0x000002b67e18e800, 0x000002b67e189000,
0x000002b67e190000, 0x000002b67e18a800, 0x000002b67e191000, 0x000002b67c0e2000,
0x000002b67c0e0800, 0x000002b67c0e1000, 0x000002b67c0de000, 0x000002b67c0e5000,
0x000002b67c0df800, 0x000002b67c0e8800, 0x000002b67c0e3800, 0x000002b67c0e7000,
0x000002b67c0e6000, 0x000002b67c0ea000, 0x000002b67c0e4800, 0x000002b67c0e9000,
0x000002b67c0e7800, 0x000002b67c0eb000, 0x000002b67c0ec800, 0x000002b67c0eb800,
0x000002b67b8e6000, 0x000002b67b8e1800, 0x000002b67b8e4800, 0x000002b67b8e3000,
0x000002b67b8e0800, 0x000002b67b8e7000, 0x000002b67b8e8000, 0x000002b67b8e8800,
0x000002b67b8e9800, 0x000002b67b8e3800, 0x000002b67b8ee800, 0x000002b67b8ed800,
0x000002b67b8eb000, 0x000002b67b8ec000, 0x000002b67b8ec800, 0x000002b67b8ef000,
0x000002b67b8ea800, 0x000002b602608000, 0x000002b602604000, 0x000002b602607800,
0x000002b602606000, 0x000002b602602800, 0x000002b602609000, 0x000002b602603800,
0x000002b60260c800, 0x000002b60260d000, 0x000002b60260a000, 0x000002b60260a800,
0x000002b60260b800, 0x000002b67e20f800, 0x000002b67e211000, 0x000002b67e20e000,
0x000002b67e20b800, 0x000002b67e217000, 0x000002b67e216000, 0x000002b67e213800,
0x000002b67af9e800, 0x000002b67afa0800, 0x000002b67e215000, 0x000002b67afa3000,
0x000002b67c0e2800, 0x000002b605fe6800, 0x000002b605fea000, 0x000002b605fe7800,
0x000002b605fe5000, 0x000002b605fe4000, 0x000002b605fe8000
}

Java Threads: ( => current thread )
  0x000002b65e1f9000 JavaThread "main" [_thread_blocked, id=8940, stack(0x000000f85e100000,0x000000f85e200000)]
  0x000002b67856e800 JavaThread "Reference Handler" daemon [_thread_blocked, id=6692, stack(0x000000f85e800000,0x000000f85e900000)]
  0x000002b67857a000 JavaThread "Finalizer" daemon [_thread_blocked, id=4080, stack(0x000000f85e900000,0x000000f85ea00000)]
  0x000002b678590000 JavaThread "Signal Dispatcher" daemon [_thread_blocked, id=3308, stack(0x000000f85ea00000,0x000000f85eb00000)]
  0x000002b678592000 JavaThread "Attach Listener" daemon [_thread_blocked, id=11068, stack(0x000000f85eb00000,0x000000f85ec00000)]
  0x000002b678593000 JavaThread "Service Thread" daemon [_thread_blocked, id=10284, stack(0x000000f85ec00000,0x000000f85ed00000)]
  0x000002b678598000 JavaThread "C2 CompilerThread0" daemon [_thread_in_native, id=6528, stack(0x000000f85ed00000,0x000000f85ee00000)]
  0x000002b6785a3800 JavaThread "C1 CompilerThread0" daemon [_thread_blocked, id=8756, stack(0x000000f85ee00000,0x000000f85ef00000)]
  0x000002b6785a4800 JavaThread "Sweeper thread" daemon [_thread_blocked, id=9696, stack(0x000000f85ef00000,0x000000f85f000000)]
  0x000002b67906e000 JavaThread "Common-Cleaner" daemon [_thread_blocked, id=7864, stack(0x000000f85f000000,0x000000f85f100000)]
  0x000002b67a59a000 JavaThread "Daemon health stats" [_thread_blocked, id=3020, stack(0x000000f85f500000,0x000000f85f600000)]
  0x000002b67a368800 JavaThread "Incoming local TCP Connector on port 64862" [_thread_in_native, id=9368, stack(0x000000f85f200000,0x000000f85f300000)]
  0x000002b67aecc800 JavaThread "Daemon periodic checks" [_thread_blocked, id=7892, stack(0x000000f85f600000,0x000000f85f700000)]
  0x000002b67afa2000 JavaThread "Cache worker for journal cache (C:\Users\Sultan\.gradle\caches\journal-1)" [_thread_blocked, id=8132, stack(0x000000f85ff00000,0x000000f860000000)]
  0x000002b67af9e000 JavaThread "File lock request listener" [_thread_in_native, id=11220, stack(0x000000f860000000,0x000000f860100000)]
  0x000002b67af9f800 JavaThread "Cache worker for file hash cache (C:\Users\Sultan\.gradle\caches\7.3.3\fileHashes)" [_thread_blocked, id=7284, stack(0x000000f860100000,0x000000f860200000)]
  0x000002b67afa1000 JavaThread "File watcher server" daemon [_thread_blocked, id=5308, stack(0x000000f860400000,0x000000f860500000)]
  0x000002b67af9c800 JavaThread "File watcher consumer" daemon [_thread_blocked, id=9320, stack(0x000000f860500000,0x000000f860600000)]
  0x000002b67e208000 JavaThread "Cache worker for execution history cache (C:\Users\Sultan\.gradle\caches\7.3.3\executionHistory)" [_thread_blocked, id=5776, stack(0x000000f860900000,0x000000f860a00000)]
  0x000002b67e20a000 JavaThread "jar transforms" [_thread_blocked, id=7912, stack(0x000000f860a00000,0x000000f860b00000)]
  0x000002b67e20d000 JavaThread "Cache worker for file content cache (C:\Users\Sultan\.gradle\caches\7.3.3\fileContent)" [_thread_blocked, id=10800, stack(0x000000f860b00000,0x000000f860c00000)]
  0x000002b67e209000 JavaThread "jar transforms Thread 2" [_thread_blocked, id=2192, stack(0x000000f860c00000,0x000000f860d00000)]
  0x000002b67e210800 JavaThread "jar transforms Thread 3" [_thread_blocked, id=2144, stack(0x000000f860e00000,0x000000f860f00000)]
  0x000002b67e193800 JavaThread "jar transforms Thread 4" [_thread_blocked, id=10844, stack(0x000000f863800000,0x000000f863900000)]
  0x000002b67e195000 JavaThread "Memory manager" [_thread_blocked, id=5832, stack(0x000000f863900000,0x000000f863a00000)]
  0x000002b67e194800 JavaThread "pool-3-thread-1" [_thread_blocked, id=72, stack(0x000000f863c00000,0x000000f863d00000)]
  0x000002b60260f000 JavaThread "RMI Scheduler(0)" daemon [_thread_blocked, id=10480, stack(0x000000f863700000,0x000000f863800000)]
  0x000002b60260f800 JavaThread "RMI GC Daemon" daemon [_thread_blocked, id=1472, stack(0x000000f864d00000,0x000000f864e00000)]
  0x000002b60260e000 JavaThread "RMI TCP Accept-0" daemon [_thread_in_native, id=3204, stack(0x000000f864e00000,0x000000f864f00000)]
  0x000002b602610800 JavaThread "RMI Reaper" [_thread_blocked, id=7528, stack(0x000000f864f00000,0x000000f865000000)]
  0x000002b602611000 JavaThread "Cache worker for Java compile cache (C:\Users\Sultan\.gradle\caches\7.3.3\javaCompile)" [_thread_blocked, id=7696, stack(0x000000f85df00000,0x000000f85e000000)]
  0x000002b67e212000 JavaThread "pool-8-thread-1" [_thread_blocked, id=2860, stack(0x000000f863b00000,0x000000f863c00000)]
  0x000002b602606800 JavaThread "pool-12-thread-1" [_thread_blocked, id=9060, stack(0x000000f863d00000,0x000000f863e00000)]
  0x000002b67af9d000 JavaThread "ForkJoinPool.commonPool-worker-5" daemon [_thread_blocked, id=4496, stack(0x000000f865500000,0x000000f865600000)]
  0x000002b602605000 JavaThread "pool-16-thread-1" [_thread_blocked, id=5412, stack(0x000000f863a00000,0x000000f863b00000)]
  0x000002b67e192800 JavaThread "pool-19-thread-1" [_thread_blocked, id=344, stack(0x000000f863f00000,0x000000f864000000)]
  0x000002b67e18d000 JavaThread "pool-24-thread-1" [_thread_blocked, id=3168, stack(0x000000f864000000,0x000000f864100000)]
  0x000002b67e18f800 JavaThread "pool-28-thread-1" [_thread_blocked, id=10660, stack(0x000000f863e00000,0x000000f863f00000)]
  0x000002b67e187000 JavaThread "pool-31-thread-1" [_thread_blocked, id=6136, stack(0x000000f864400000,0x000000f864500000)]
  0x000002b67e18d800 JavaThread "Daemon Thread 8" [_thread_blocked, id=10684, stack(0x000000f85de00000,0x000000f85df00000)]
  0x000002b67e188000 JavaThread "Handler for socket connection from /127.0.0.1:64862 to /127.0.0.1:65506" [_thread_in_native, id=9996, stack(0x000000f85e000000,0x000000f85e100000)]
  0x000002b67e18c000 JavaThread "Cancel handler" [_thread_blocked, id=1228, stack(0x000000f85f700000,0x000000f85f800000)]
  0x000002b67e18e800 JavaThread "Daemon worker Thread 8" [_thread_blocked, id=4252, stack(0x000000f85f800000,0x000000f85f900000)]
  0x000002b67e189000 JavaThread "Asynchronous log dispatcher for DefaultDaemonConnection: socket connection from /127.0.0.1:64862 to /127.0.0.1:65506" [_thread_blocked, id=920, stack(0x000000f85f900000,0x000000f85fa00000)]
  0x000002b67e190000 JavaThread "Stdin handler" [_thread_blocked, id=6204, stack(0x000000f85fa00000,0x000000f85fb00000)]
  0x000002b67e18a800 JavaThread "Daemon client event forwarder" [_thread_blocked, id=11004, stack(0x000000f85fb00000,0x000000f85fc00000)]
  0x000002b67e191000 JavaThread "Cache worker for file hash cache (F:\NeobisProjects\TourGuide\.gradle\7.3.3\fileHashes)" [_thread_blocked, id=2956, stack(0x000000f85fc00000,0x000000f85fd00000)]
  0x000002b67c0e2000 JavaThread "Cache worker for checksums cache (F:\NeobisProjects\TourGuide\.gradle\7.3.3\checksums)" [_thread_blocked, id=9740, stack(0x000000f85fd00000,0x000000f85fe00000)]
  0x000002b67c0e0800 JavaThread "Cache worker for cache directory md-supplier (C:\Users\Sultan\.gradle\caches\7.3.3\md-supplier)" [_thread_blocked, id=6972, stack(0x000000f860200000,0x000000f860300000)]
  0x000002b67c0e1000 JavaThread "Cache worker for cache directory md-rule (C:\Users\Sultan\.gradle\caches\7.3.3\md-rule)" [_thread_blocked, id=6416, stack(0x000000f860300000,0x000000f860400000)]
  0x000002b67c0de000 JavaThread "Cache worker for dependencies-accessors (F:\NeobisProjects\TourGuide\.gradle\7.3.3\dependencies-accessors)" [_thread_blocked, id=6196, stack(0x000000f860600000,0x000000f860700000)]
  0x000002b67c0e5000 JavaThread "Cache worker for Build Output Cleanup Cache (F:\NeobisProjects\TourGuide\.gradle\buildOutputCleanup)" [_thread_blocked, id=9804, stack(0x000000f860700000,0x000000f860800000)]
  0x000002b67c0df800 JavaThread "Unconstrained build operations" [_thread_blocked, id=6116, stack(0x000000f860d00000,0x000000f860e00000)]
  0x000002b67c0e8800 JavaThread "Unconstrained build operations Thread 2" [_thread_blocked, id=2668, stack(0x000000f860f00000,0x000000f861000000)]
  0x000002b67c0e3800 JavaThread "Unconstrained build operations Thread 3" [_thread_blocked, id=9600, stack(0x000000f861000000,0x000000f861100000)]
  0x000002b67c0e7000 JavaThread "Unconstrained build operations Thread 4" [_thread_blocked, id=1180, stack(0x000000f861100000,0x000000f861200000)]
  0x000002b67c0e6000 JavaThread "Unconstrained build operations Thread 5" [_thread_blocked, id=1984, stack(0x000000f861200000,0x000000f861300000)]
  0x000002b67c0ea000 JavaThread "Unconstrained build operations Thread 6" [_thread_blocked, id=10368, stack(0x000000f861300000,0x000000f861400000)]
  0x000002b67c0e4800 JavaThread "Unconstrained build operations Thread 7" [_thread_blocked, id=944, stack(0x000000f861400000,0x000000f861500000)]
  0x000002b67c0e9000 JavaThread "Unconstrained build operations Thread 8" [_thread_blocked, id=3196, stack(0x000000f861500000,0x000000f861600000)]
  0x000002b67c0e7800 JavaThread "Unconstrained build operations Thread 9" [_thread_blocked, id=8528, stack(0x000000f861600000,0x000000f861700000)]
  0x000002b67c0eb000 JavaThread "Unconstrained build operations Thread 10" [_thread_blocked, id=10380, stack(0x000000f861700000,0x000000f861800000)]
  0x000002b67c0ec800 JavaThread "Unconstrained build operations Thread 11" [_thread_blocked, id=1268, stack(0x000000f861800000,0x000000f861900000)]
  0x000002b67c0eb800 JavaThread "Unconstrained build operations Thread 12" [_thread_blocked, id=8200, stack(0x000000f861900000,0x000000f861a00000)]
  0x000002b67b8e6000 JavaThread "Unconstrained build operations Thread 13" [_thread_blocked, id=8496, stack(0x000000f861a00000,0x000000f861b00000)]
  0x000002b67b8e1800 JavaThread "Unconstrained build operations Thread 14" [_thread_blocked, id=1376, stack(0x000000f861b00000,0x000000f861c00000)]
  0x000002b67b8e4800 JavaThread "Unconstrained build operations Thread 15" [_thread_blocked, id=5944, stack(0x000000f861c00000,0x000000f861d00000)]
  0x000002b67b8e3000 JavaThread "Unconstrained build operations Thread 16" [_thread_blocked, id=9896, stack(0x000000f861d00000,0x000000f861e00000)]
  0x000002b67b8e0800 JavaThread "Unconstrained build operations Thread 17" [_thread_blocked, id=6836, stack(0x000000f861e00000,0x000000f861f00000)]
  0x000002b67b8e7000 JavaThread "Unconstrained build operations Thread 18" [_thread_blocked, id=10968, stack(0x000000f861f00000,0x000000f862000000)]
  0x000002b67b8e8000 JavaThread "Unconstrained build operations Thread 19" [_thread_blocked, id=10864, stack(0x000000f862000000,0x000000f862100000)]
  0x000002b67b8e8800 JavaThread "Unconstrained build operations Thread 20" [_thread_blocked, id=9420, stack(0x000000f862100000,0x000000f862200000)]
  0x000002b67b8e9800 JavaThread "Unconstrained build operations Thread 21" [_thread_blocked, id=11088, stack(0x000000f862200000,0x000000f862300000)]
  0x000002b67b8e3800 JavaThread "Unconstrained build operations Thread 22" [_thread_blocked, id=10476, stack(0x000000f862300000,0x000000f862400000)]
  0x000002b67b8ee800 JavaThread "Unconstrained build operations Thread 23" [_thread_blocked, id=3044, stack(0x000000f862400000,0x000000f862500000)]
  0x000002b67b8ed800 JavaThread "Unconstrained build operations Thread 24" [_thread_blocked, id=7456, stack(0x000000f862500000,0x000000f862600000)]
  0x000002b67b8eb000 JavaThread "Unconstrained build operations Thread 25" [_thread_blocked, id=2916, stack(0x000000f862600000,0x000000f862700000)]
  0x000002b67b8ec000 JavaThread "Unconstrained build operations Thread 26" [_thread_blocked, id=10772, stack(0x000000f862700000,0x000000f862800000)]
  0x000002b67b8ec800 JavaThread "Unconstrained build operations Thread 27" [_thread_blocked, id=8788, stack(0x000000f862800000,0x000000f862900000)]
  0x000002b67b8ef000 JavaThread "Unconstrained build operations Thread 28" [_thread_blocked, id=10280, stack(0x000000f862900000,0x000000f862a00000)]
  0x000002b67b8ea800 JavaThread "Unconstrained build operations Thread 29" [_thread_blocked, id=8392, stack(0x000000f862a00000,0x000000f862b00000)]
  0x000002b602608000 JavaThread "Unconstrained build operations Thread 30" [_thread_blocked, id=10804, stack(0x000000f862b00000,0x000000f862c00000)]
  0x000002b602604000 JavaThread "Unconstrained build operations Thread 31" [_thread_blocked, id=4688, stack(0x000000f862c00000,0x000000f862d00000)]
  0x000002b602607800 JavaThread "Unconstrained build operations Thread 32" [_thread_blocked, id=7740, stack(0x000000f862d00000,0x000000f862e00000)]
  0x000002b602606000 JavaThread "Unconstrained build operations Thread 33" [_thread_blocked, id=6800, stack(0x000000f862e00000,0x000000f862f00000)]
  0x000002b602602800 JavaThread "Unconstrained build operations Thread 34" [_thread_blocked, id=2068, stack(0x000000f862f00000,0x000000f863000000)]
  0x000002b602609000 JavaThread "Unconstrained build operations Thread 35" [_thread_blocked, id=1660, stack(0x000000f863000000,0x000000f863100000)]
  0x000002b602603800 JavaThread "Unconstrained build operations Thread 36" [_thread_blocked, id=9360, stack(0x000000f863100000,0x000000f863200000)]
  0x000002b60260c800 JavaThread "Unconstrained build operations Thread 37" [_thread_blocked, id=8744, stack(0x000000f863200000,0x000000f863300000)]
  0x000002b60260d000 JavaThread "Unconstrained build operations Thread 38" [_thread_blocked, id=8172, stack(0x000000f863300000,0x000000f863400000)]
  0x000002b60260a000 JavaThread "Unconstrained build operations Thread 39" [_thread_blocked, id=11132, stack(0x000000f863400000,0x000000f863500000)]
  0x000002b60260a800 JavaThread "Unconstrained build operations Thread 40" [_thread_blocked, id=4056, stack(0x000000f863500000,0x000000f863600000)]
  0x000002b60260b800 JavaThread "build event listener" [_thread_blocked, id=7592, stack(0x000000f863600000,0x000000f863700000)]
  0x000002b67e20f800 JavaThread "build event listener" [_thread_blocked, id=5868, stack(0x000000f864100000,0x000000f864200000)]
  0x000002b67e211000 JavaThread "pool-34-thread-1" [_thread_blocked, id=10016, stack(0x000000f864300000,0x000000f864400000)]
  0x000002b67e20e000 JavaThread "build event listener" [_thread_blocked, id=3208, stack(0x000000f864500000,0x000000f864600000)]
  0x000002b67e20b800 JavaThread "Execution worker for ':'" [_thread_blocked, id=7972, stack(0x000000f864600000,0x000000f864700000)]
  0x000002b67e217000 JavaThread "Execution worker for ':' Thread 2" [_thread_blocked, id=2256, stack(0x000000f864700000,0x000000f864800000)]
  0x000002b67e216000 JavaThread "Execution worker for ':' Thread 3" [_thread_blocked, id=2692, stack(0x000000f864800000,0x000000f864900000)]
  0x000002b67e213800 JavaThread "Cache worker for execution history cache (F:\NeobisProjects\TourGuide\.gradle\7.3.3\executionHistory)" [_thread_blocked, id=7524, stack(0x000000f864900000,0x000000f864a00000)]
  0x000002b67af9e800 JavaThread "RMI TCP Connection(24)-127.0.0.1" daemon [_thread_in_native, id=9708, stack(0x000000f860800000,0x000000f860900000)]
  0x000002b67afa0800 JavaThread "RMI TCP Connection(25)-127.0.0.1" daemon [_thread_in_native, id=10040, stack(0x000000f864b00000,0x000000f864c00000)]
  0x000002b67e215000 JavaThread "C2 CompilerThread1" daemon [_thread_in_native, id=8628, stack(0x000000f864c00000,0x000000f864d00000)]
  0x000002b67afa3000 JavaThread "Build operations" [_thread_blocked, id=7936, stack(0x000000f864a00000,0x000000f864b00000)]
  0x000002b67c0e2800 JavaThread "Build operations Thread 2" [_thread_blocked, id=1804, stack(0x000000f865000000,0x000000f865100000)]
  0x000002b605fe6800 JavaThread "Build operations Thread 3" [_thread_blocked, id=124, stack(0x000000f865100000,0x000000f865200000)]
  0x000002b605fea000 JavaThread "Build operations Thread 4" [_thread_blocked, id=10944, stack(0x000000f865200000,0x000000f865300000)]
  0x000002b605fe7800 JavaThread "WorkerExecutor Queue" [_thread_blocked, id=10824, stack(0x000000f865300000,0x000000f865400000)]
  0x000002b605fe5000 JavaThread "WorkerExecutor Queue Thread 2" [_thread_blocked, id=8860, stack(0x000000f865400000,0x000000f865500000)]
  0x000002b605fe4000 JavaThread "WorkerExecutor Queue Thread 3" [_thread_blocked, id=2384, stack(0x000000f865600000,0x000000f865700000)]
  0x000002b605fe8000 JavaThread "WorkerExecutor Queue Thread 5" [_thread_blocked, id=1720, stack(0x000000f865800000,0x000000f865900000)]

Other Threads:
=>0x000002b67856b000 VMThread "VM Thread" [stack: 0x000000f85e700000,0x000000f85e800000] [id=1368]
  0x000002b6790ad000 WatcherThread [stack: 0x000000f85f100000,0x000000f85f200000] [id=2984]
  0x000002b65e213000 GCTaskThread "GC Thread#0" [stack: 0x000000f85e200000,0x000000f85e300000] [id=3628]
  0x000002b6796c6800 GCTaskThread "GC Thread#1" [stack: 0x000000f85f300000,0x000000f85f400000] [id=11200]
  0x000002b679924800 GCTaskThread "GC Thread#2" [stack: 0x000000f85f400000,0x000000f85f500000] [id=4308]
  0x000002b67bd08800 GCTaskThread "GC Thread#3" [stack: 0x000000f85fe00000,0x000000f85ff00000] [id=1864]
  0x000002b65e247800 ConcurrentGCThread "G1 Main Marker" [stack: 0x000000f85e300000,0x000000f85e400000] [id=7112]
  0x000002b65e248800 ConcurrentGCThread "G1 Conc#0" [stack: 0x000000f85e400000,0x000000f85e500000] [id=7276]
  0x000002b65e2da800 ConcurrentGCThread "G1 Refine#0" [stack: 0x000000f85e500000,0x000000f85e600000] [id=4376]
  0x000002b6030f3800 ConcurrentGCThread "G1 Refine#1" [stack: 0x000000f864200000,0x000000f864300000] [id=5624]
  0x000002b65e2db800 ConcurrentGCThread "G1 Young RemSet Sampling" [stack: 0x000000f85e600000,0x000000f85e700000] [id=2176]

Threads with active compile tasks:
C2 CompilerThread03585050 31517 %     4       com.android.tools.r8.internal.xa::a @ 1694 (6068 bytes)
C2 CompilerThread13585051 31529       4       com.android.tools.r8.internal.xa::a (4216 bytes)

VM state:at safepoint (normal execution)

VM Mutex/Monitor currently owned by a thread:  ([mutex/lock_event])
[0x000002b65e1f7b50] Threads_lock - owner thread: 0x000002b67856b000
[0x000002b65e1f83c0] Heap_lock - owner thread: 0x000002b60260a800

Heap address: 0x0000000080000000, size: 2048 MB, Compressed Oops mode: 32-bit
Narrow klass base: 0x0000000000000000, Narrow klass shift: 3
Compressed class space size: 1073741824 Address: 0x0000000100000000

Heap:
 garbage-first heap   total 537600K, used 239000K [0x0000000080000000, 0x0000000100000000)
  region size 1024K, 5 young (5120K), 5 survivors (5120K)
 Metaspace       used 178867K, capacity 184351K, committed 185548K, reserved 1210368K
  class space    used 21830K, capacity 23786K, committed 24064K, reserved 1048576K
Heap Regions: E=young(eden), S=young(survivor), O=old, HS=humongous(starts), HC=humongous(continues), CS=collection set, F=free, A=archive, TAMS=top-at-mark-start (previous, next)
|   0|0x0000000080000000, 0x0000000080100000, 0x0000000080100000|100%| O|  |TAMS 0x0000000080100000, 0x0000000080100000| Untracked 
|   1|0x0000000080100000, 0x0000000080200000, 0x0000000080200000|100%| O|  |TAMS 0x0000000080200000, 0x0000000080200000| Untracked 
|   2|0x0000000080200000, 0x0000000080300000, 0x0000000080300000|100%| O|  |TAMS 0x0000000080300000, 0x0000000080300000| Untracked 
|   3|0x0000000080300000, 0x0000000080400000, 0x0000000080400000|100%|HS|  |TAMS 0x0000000080400000, 0x0000000080400000| Complete 
|   4|0x0000000080400000, 0x0000000080500000, 0x0000000080500000|100%|HC|  |TAMS 0x0000000080500000, 0x0000000080500000| Complete 
|   5|0x0000000080500000, 0x0000000080600000, 0x0000000080600000|100%|HC|  |TAMS 0x0000000080600000, 0x0000000080600000| Complete 
|   6|0x0000000080600000, 0x0000000080700000, 0x0000000080700000|100%| O|  |TAMS 0x0000000080700000, 0x0000000080700000| Untracked 
|   7|0x0000000080700000, 0x0000000080800000, 0x0000000080800000|100%| O|  |TAMS 0x0000000080800000, 0x0000000080800000| Untracked 
|   8|0x0000000080800000, 0x0000000080900000, 0x0000000080900000|100%| O|  |TAMS 0x0000000080900000, 0x0000000080900000| Untracked 
|   9|0x0000000080900000, 0x0000000080a00000, 0x0000000080a00000|100%| O|  |TAMS 0x0000000080a00000, 0x0000000080a00000| Untracked 
|  10|0x0000000080a00000, 0x0000000080b00000, 0x0000000080b00000|100%| O|  |TAMS 0x0000000080b00000, 0x0000000080b00000| Untracked 
|  11|0x0000000080b00000, 0x0000000080c00000, 0x0000000080c00000|100%| O|  |TAMS 0x0000000080c00000, 0x0000000080c00000| Untracked 
|  12|0x0000000080c00000, 0x0000000080d00000, 0x0000000080d00000|100%| O|  |TAMS 0x0000000080d00000, 0x0000000080d00000| Untracked 
|  13|0x0000000080d00000, 0x0000000080e00000, 0x0000000080e00000|100%| O|  |TAMS 0x0000000080e00000, 0x0000000080e00000| Untracked 
|  14|0x0000000080e00000, 0x0000000080f00000, 0x0000000080f00000|100%| O|  |TAMS 0x0000000080f00000, 0x0000000080f00000| Untracked 
|  15|0x0000000080f00000, 0x0000000081000000, 0x0000000081000000|100%| O|  |TAMS 0x0000000081000000, 0x0000000081000000| Untracked 
|  16|0x0000000081000000, 0x0000000081100000, 0x0000000081100000|100%| O|  |TAMS 0x0000000081100000, 0x0000000081100000| Untracked 
|  17|0x0000000081100000, 0x0000000081200000, 0x0000000081200000|100%|HS|  |TAMS 0x0000000081200000, 0x0000000081200000| Complete 
|  18|0x0000000081200000, 0x0000000081300000, 0x0000000081300000|100%| O|  |TAMS 0x0000000081300000, 0x0000000081300000| Untracked 
|  19|0x0000000081300000, 0x0000000081400000, 0x0000000081400000|100%| O|  |TAMS 0x0000000081400000, 0x0000000081400000| Untracked 
|  20|0x0000000081400000, 0x0000000081500000, 0x0000000081500000|100%| O|  |TAMS 0x0000000081500000, 0x0000000081500000| Untracked 
|  21|0x0000000081500000, 0x0000000081600000, 0x0000000081600000|100%| O|  |TAMS 0x0000000081600000, 0x0000000081600000| Untracked 
|  22|0x0000000081600000, 0x0000000081700000, 0x0000000081700000|100%| O|  |TAMS 0x0000000081700000, 0x0000000081700000| Untracked 
|  23|0x0000000081700000, 0x0000000081800000, 0x0000000081800000|100%| O|  |TAMS 0x0000000081800000, 0x0000000081800000| Untracked 
|  24|0x0000000081800000, 0x0000000081900000, 0x0000000081900000|100%|HS|  |TAMS 0x0000000081900000, 0x0000000081900000| Complete 
|  25|0x0000000081900000, 0x0000000081a00000, 0x0000000081a00000|100%|HS|  |TAMS 0x0000000081a00000, 0x0000000081a00000| Complete 
|  26|0x0000000081a00000, 0x0000000081b00000, 0x0000000081b00000|100%|HS|  |TAMS 0x0000000081b00000, 0x0000000081b00000| Complete 
|  27|0x0000000081b00000, 0x0000000081c00000, 0x0000000081c00000|100%|HC|  |TAMS 0x0000000081c00000, 0x0000000081c00000| Complete 
|  28|0x0000000081c00000, 0x0000000081d00000, 0x0000000081d00000|100%|HC|  |TAMS 0x0000000081d00000, 0x0000000081d00000| Complete 
|  29|0x0000000081d00000, 0x0000000081e00000, 0x0000000081e00000|100%|HS|  |TAMS 0x0000000081e00000, 0x0000000081e00000| Complete 
|  30|0x0000000081e00000, 0x0000000081f00000, 0x0000000081f00000|100%|HC|  |TAMS 0x0000000081f00000, 0x0000000081f00000| Complete 
|  31|0x0000000081f00000, 0x0000000082000000, 0x0000000082000000|100%| O|  |TAMS 0x0000000082000000, 0x0000000082000000| Untracked 
|  32|0x0000000082000000, 0x0000000082100000, 0x0000000082100000|100%| O|  |TAMS 0x0000000082100000, 0x0000000082100000| Untracked 
|  33|0x0000000082100000, 0x0000000082200000, 0x0000000082200000|100%| O|  |TAMS 0x0000000082200000, 0x0000000082200000| Untracked 
|  34|0x0000000082200000, 0x0000000082300000, 0x0000000082300000|100%| O|  |TAMS 0x0000000082300000, 0x0000000082300000| Untracked 
|  35|0x0000000082300000, 0x0000000082400000, 0x0000000082400000|100%| O|  |TAMS 0x0000000082400000, 0x0000000082400000| Untracked 
|  36|0x0000000082400000, 0x0000000082500000, 0x0000000082500000|100%| O|  |TAMS 0x0000000082500000, 0x0000000082500000| Untracked 
|  37|0x0000000082500000, 0x0000000082600000, 0x0000000082600000|100%| O|  |TAMS 0x0000000082600000, 0x0000000082600000| Untracked 
|  38|0x0000000082600000, 0x0000000082700000, 0x0000000082700000|100%| O|  |TAMS 0x0000000082700000, 0x0000000082700000| Untracked 
|  39|0x0000000082700000, 0x0000000082800000, 0x0000000082800000|100%| O|  |TAMS 0x0000000082800000, 0x0000000082800000| Untracked 
|  40|0x0000000082800000, 0x0000000082900000, 0x0000000082900000|100%| O|  |TAMS 0x0000000082900000, 0x0000000082900000| Untracked 
|  41|0x0000000082900000, 0x0000000082a00000, 0x0000000082a00000|100%| O|  |TAMS 0x0000000082a00000, 0x0000000082a00000| Untracked 
|  42|0x0000000082a00000, 0x0000000082b00000, 0x0000000082b00000|100%| O|  |TAMS 0x0000000082b00000, 0x0000000082b00000| Untracked 
|  43|0x0000000082b00000, 0x0000000082c00000, 0x0000000082c00000|100%| O|  |TAMS 0x0000000082c00000, 0x0000000082c00000| Untracked 
|  44|0x0000000082c00000, 0x0000000082d00000, 0x0000000082d00000|100%|HS|  |TAMS 0x0000000082d00000, 0x0000000082d00000| Complete 
|  45|0x0000000082d00000, 0x0000000082e00000, 0x0000000082e00000|100%| O|  |TAMS 0x0000000082e00000, 0x0000000082e00000| Untracked 
|  46|0x0000000082e00000, 0x0000000082f00000, 0x0000000082f00000|100%| O|  |TAMS 0x0000000082f00000, 0x0000000082f00000| Untracked 
|  47|0x0000000082f00000, 0x0000000083000000, 0x0000000083000000|100%| O|  |TAMS 0x0000000083000000, 0x0000000083000000| Untracked 
|  48|0x0000000083000000, 0x0000000083100000, 0x0000000083100000|100%| O|  |TAMS 0x0000000083100000, 0x0000000083100000| Untracked 
|  49|0x0000000083100000, 0x0000000083200000, 0x0000000083200000|100%|HS|  |TAMS 0x0000000083200000, 0x0000000083200000| Complete 
|  50|0x0000000083200000, 0x0000000083300000, 0x0000000083300000|100%| O|  |TAMS 0x0000000083300000, 0x0000000083300000| Untracked 
|  51|0x0000000083300000, 0x0000000083400000, 0x0000000083400000|100%| O|  |TAMS 0x0000000083400000, 0x0000000083400000| Untracked 
|  52|0x0000000083400000, 0x0000000083500000, 0x0000000083500000|100%| O|  |TAMS 0x0000000083500000, 0x0000000083500000| Untracked 
|  53|0x0000000083500000, 0x0000000083600000, 0x0000000083600000|100%| O|  |TAMS 0x0000000083600000, 0x0000000083600000| Untracked 
|  54|0x0000000083600000, 0x0000000083700000, 0x0000000083700000|100%| O|  |TAMS 0x0000000083700000, 0x0000000083700000| Untracked 
|  55|0x0000000083700000, 0x0000000083800000, 0x0000000083800000|100%| O|  |TAMS 0x0000000083800000, 0x0000000083800000| Untracked 
|  56|0x0000000083800000, 0x0000000083900000, 0x0000000083900000|100%| O|  |TAMS 0x0000000083900000, 0x0000000083900000| Untracked 
|  57|0x0000000083900000, 0x0000000083a00000, 0x0000000083a00000|100%| O|  |TAMS 0x0000000083a00000, 0x0000000083a00000| Untracked 
|  58|0x0000000083a00000, 0x0000000083b00000, 0x0000000083b00000|100%| O|  |TAMS 0x0000000083b00000, 0x0000000083b00000| Untracked 
|  59|0x0000000083b00000, 0x0000000083c00000, 0x0000000083c00000|100%| O|  |TAMS 0x0000000083c00000, 0x0000000083c00000| Untracked 
|  60|0x0000000083c00000, 0x0000000083d00000, 0x0000000083d00000|100%| O|  |TAMS 0x0000000083d00000, 0x0000000083d00000| Untracked 
|  61|0x0000000083d00000, 0x0000000083e00000, 0x0000000083e00000|100%| O|  |TAMS 0x0000000083e00000, 0x0000000083e00000| Untracked 
|  62|0x0000000083e00000, 0x0000000083f00000, 0x0000000083f00000|100%|HS|  |TAMS 0x0000000083f00000, 0x0000000083f00000| Complete 
|  63|0x0000000083f00000, 0x0000000084000000, 0x0000000084000000|100%| O|  |TAMS 0x0000000084000000, 0x0000000084000000| Untracked 
|  64|0x0000000084000000, 0x0000000084100000, 0x0000000084100000|100%| O|  |TAMS 0x0000000084100000, 0x0000000084100000| Untracked 
|  65|0x0000000084100000, 0x0000000084200000, 0x0000000084200000|100%| O|  |TAMS 0x0000000084200000, 0x0000000084200000| Untracked 
|  66|0x0000000084200000, 0x0000000084300000, 0x0000000084300000|100%| O|  |TAMS 0x0000000084300000, 0x0000000084300000| Untracked 
|  67|0x0000000084300000, 0x0000000084400000, 0x0000000084400000|100%| O|  |TAMS 0x0000000084400000, 0x0000000084400000| Untracked 
|  68|0x0000000084400000, 0x0000000084500000, 0x0000000084500000|100%| O|  |TAMS 0x0000000084500000, 0x0000000084500000| Untracked 
|  69|0x0000000084500000, 0x0000000084600000, 0x0000000084600000|100%| O|  |TAMS 0x0000000084600000, 0x0000000084600000| Untracked 
|  70|0x0000000084600000, 0x0000000084700000, 0x0000000084700000|100%| O|  |TAMS 0x0000000084700000, 0x0000000084700000| Untracked 
|  71|0x0000000084700000, 0x0000000084800000, 0x0000000084800000|100%| O|  |TAMS 0x0000000084800000, 0x0000000084800000| Untracked 
|  72|0x0000000084800000, 0x0000000084900000, 0x0000000084900000|100%|HS|  |TAMS 0x0000000084900000, 0x0000000084900000| Complete 
|  73|0x0000000084900000, 0x0000000084a00000, 0x0000000084a00000|100%| O|  |TAMS 0x0000000084a00000, 0x0000000084a00000| Untracked 
|  74|0x0000000084a00000, 0x0000000084b00000, 0x0000000084b00000|100%| O|  |TAMS 0x0000000084b00000, 0x0000000084b00000| Untracked 
|  75|0x0000000084b00000, 0x0000000084c00000, 0x0000000084c00000|100%| O|  |TAMS 0x0000000084c00000, 0x0000000084c00000| Untracked 
|  76|0x0000000084c00000, 0x0000000084d00000, 0x0000000084d00000|100%| O|  |TAMS 0x0000000084d00000, 0x0000000084d00000| Untracked 
|  77|0x0000000084d00000, 0x0000000084e00000, 0x0000000084e00000|100%| O|  |TAMS 0x0000000084e00000, 0x0000000084e00000| Untracked 
|  78|0x0000000084e00000, 0x0000000084f00000, 0x0000000084f00000|100%| O|  |TAMS 0x0000000084f00000, 0x0000000084f00000| Untracked 
|  79|0x0000000084f00000, 0x0000000085000000, 0x0000000085000000|100%| O|  |TAMS 0x0000000085000000, 0x0000000085000000| Untracked 
|  80|0x0000000085000000, 0x0000000085100000, 0x0000000085100000|100%| O|  |TAMS 0x0000000085100000, 0x0000000085100000| Untracked 
|  81|0x0000000085100000, 0x0000000085200000, 0x0000000085200000|100%| O|  |TAMS 0x0000000085200000, 0x0000000085200000| Untracked 
|  82|0x0000000085200000, 0x0000000085300000, 0x0000000085300000|100%| O|  |TAMS 0x0000000085300000, 0x0000000085300000| Untracked 
|  83|0x0000000085300000, 0x0000000085400000, 0x0000000085400000|100%| O|  |TAMS 0x0000000085400000, 0x0000000085400000| Untracked 
|  84|0x0000000085400000, 0x0000000085500000, 0x0000000085500000|100%| O|  |TAMS 0x0000000085500000, 0x0000000085500000| Untracked 
|  85|0x0000000085500000, 0x0000000085600000, 0x0000000085600000|100%| O|  |TAMS 0x0000000085600000, 0x0000000085600000| Untracked 
|  86|0x0000000085600000, 0x0000000085700000, 0x0000000085700000|100%| O|  |TAMS 0x0000000085700000, 0x0000000085700000| Untracked 
|  87|0x0000000085700000, 0x0000000085800000, 0x0000000085800000|100%| O|  |TAMS 0x0000000085800000, 0x0000000085800000| Untracked 
|  88|0x0000000085800000, 0x0000000085900000, 0x0000000085900000|100%| O|  |TAMS 0x0000000085900000, 0x0000000085900000| Untracked 
|  89|0x0000000085900000, 0x0000000085a00000, 0x0000000085a00000|100%| O|  |TAMS 0x0000000085a00000, 0x0000000085a00000| Untracked 
|  90|0x0000000085a00000, 0x0000000085b00000, 0x0000000085b00000|100%| O|  |TAMS 0x0000000085b00000, 0x0000000085b00000| Untracked 
|  91|0x0000000085b00000, 0x0000000085c00000, 0x0000000085c00000|100%| O|  |TAMS 0x0000000085c00000, 0x0000000085c00000| Untracked 
|  92|0x0000000085c00000, 0x0000000085d00000, 0x0000000085d00000|100%| O|  |TAMS 0x0000000085d00000, 0x0000000085d00000| Untracked 
|  93|0x0000000085d00000, 0x0000000085e00000, 0x0000000085e00000|100%| O|  |TAMS 0x0000000085e00000, 0x0000000085e00000| Untracked 
|  94|0x0000000085e00000, 0x0000000085f00000, 0x0000000085f00000|100%| O|  |TAMS 0x0000000085e00000, 0x0000000085f00000| Untracked 
|  95|0x0000000085f00000, 0x0000000086000000, 0x0000000086000000|100%| O|  |TAMS 0x0000000085f00000, 0x0000000086000000| Untracked 
|  96|0x0000000086000000, 0x0000000086100000, 0x0000000086100000|100%| O|  |TAMS 0x0000000086000000, 0x0000000086100000| Untracked 
|  97|0x0000000086100000, 0x0000000086200000, 0x0000000086200000|100%| O|  |TAMS 0x0000000086100000, 0x0000000086200000| Untracked 
|  98|0x0000000086200000, 0x0000000086300000, 0x0000000086300000|100%|HS|  |TAMS 0x0000000086300000, 0x0000000086300000| Complete 
|  99|0x0000000086300000, 0x0000000086400000, 0x0000000086400000|100%|HC|  |TAMS 0x0000000086400000, 0x0000000086400000| Complete 
| 100|0x0000000086400000, 0x0000000086500000, 0x0000000086500000|100%| O|  |TAMS 0x0000000086500000, 0x0000000086500000| Untracked 
| 101|0x0000000086500000, 0x0000000086600000, 0x0000000086600000|100%| O|  |TAMS 0x0000000086600000, 0x0000000086600000| Untracked 
| 102|0x0000000086600000, 0x0000000086700000, 0x0000000086700000|100%| O|  |TAMS 0x0000000086700000, 0x0000000086700000| Untracked 
| 103|0x0000000086700000, 0x0000000086800000, 0x0000000086800000|100%| O|  |TAMS 0x0000000086800000, 0x0000000086800000| Untracked 
| 104|0x0000000086800000, 0x0000000086900000, 0x0000000086900000|100%| O|  |TAMS 0x0000000086900000, 0x0000000086900000| Untracked 
| 105|0x0000000086900000, 0x0000000086a00000, 0x0000000086a00000|100%| O|  |TAMS 0x0000000086a00000, 0x0000000086a00000| Untracked 
| 106|0x0000000086a00000, 0x0000000086b00000, 0x0000000086b00000|100%| O|  |TAMS 0x0000000086b00000, 0x0000000086b00000| Untracked 
| 107|0x0000000086b00000, 0x0000000086c00000, 0x0000000086c00000|100%| O|  |TAMS 0x0000000086c00000, 0x0000000086c00000| Untracked 
| 108|0x0000000086c00000, 0x0000000086d00000, 0x0000000086d00000|100%| O|  |TAMS 0x0000000086d00000, 0x0000000086d00000| Untracked 
| 109|0x0000000086d00000, 0x0000000086e00000, 0x0000000086e00000|100%| O|  |TAMS 0x0000000086e00000, 0x0000000086e00000| Untracked 
| 110|0x0000000086e00000, 0x0000000086f00000, 0x0000000086f00000|100%| O|  |TAMS 0x0000000086f00000, 0x0000000086f00000| Untracked 
| 111|0x0000000086f00000, 0x0000000087000000, 0x0000000087000000|100%| O|  |TAMS 0x0000000086f00000, 0x0000000087000000| Untracked 
| 112|0x0000000087000000, 0x0000000087100000, 0x0000000087100000|100%| O|  |TAMS 0x0000000087100000, 0x0000000087100000| Untracked 
| 113|0x0000000087100000, 0x0000000087200000, 0x0000000087200000|100%|HS|  |TAMS 0x0000000087200000, 0x0000000087200000| Complete 
| 114|0x0000000087200000, 0x0000000087300000, 0x0000000087300000|100%|HC|  |TAMS 0x0000000087300000, 0x0000000087300000| Complete 
| 115|0x0000000087300000, 0x0000000087400000, 0x0000000087400000|100%| O|  |TAMS 0x0000000087400000, 0x0000000087400000| Untracked 
| 116|0x0000000087400000, 0x0000000087500000, 0x0000000087500000|100%| O|  |TAMS 0x0000000087500000, 0x0000000087500000| Untracked 
| 117|0x0000000087500000, 0x0000000087600000, 0x0000000087600000|100%| O|  |TAMS 0x0000000087600000, 0x0000000087600000| Untracked 
| 118|0x0000000087600000, 0x0000000087700000, 0x0000000087700000|100%| O|  |TAMS 0x0000000087700000, 0x0000000087700000| Untracked 
| 119|0x0000000087700000, 0x0000000087800000, 0x0000000087800000|100%| O|  |TAMS 0x0000000087800000, 0x0000000087800000| Untracked 
| 120|0x0000000087800000, 0x0000000087900000, 0x0000000087900000|100%| O|  |TAMS 0x0000000087900000, 0x0000000087900000| Untracked 
| 121|0x0000000087900000, 0x0000000087a00000, 0x0000000087a00000|100%| O|  |TAMS 0x0000000087a00000, 0x0000000087a00000| Untracked 
| 122|0x0000000087a00000, 0x0000000087b00000, 0x0000000087b00000|100%|HS|  |TAMS 0x0000000087b00000, 0x0000000087b00000| Complete 
| 123|0x0000000087b00000, 0x0000000087c00000, 0x0000000087c00000|100%|HC|  |TAMS 0x0000000087c00000, 0x0000000087c00000| Complete 
| 124|0x0000000087c00000, 0x0000000087d00000, 0x0000000087d00000|100%|HC|  |TAMS 0x0000000087d00000, 0x0000000087d00000| Complete 
| 125|0x0000000087d00000, 0x0000000087e00000, 0x0000000087e00000|100%|HS|  |TAMS 0x0000000087e00000, 0x0000000087e00000| Complete 
| 126|0x0000000087e00000, 0x0000000087f00000, 0x0000000087f00000|100%|HC|  |TAMS 0x0000000087f00000, 0x0000000087f00000| Complete 
| 127|0x0000000087f00000, 0x0000000088000000, 0x0000000088000000|100%|HC|  |TAMS 0x0000000088000000, 0x0000000088000000| Complete 
| 128|0x0000000088000000, 0x0000000088100000, 0x0000000088100000|100%|HC|  |TAMS 0x0000000088100000, 0x0000000088100000| Complete 
| 129|0x0000000088100000, 0x0000000088200000, 0x0000000088200000|100%|HS|  |TAMS 0x0000000088200000, 0x0000000088200000| Complete 
| 130|0x0000000088200000, 0x0000000088300000, 0x0000000088300000|100%|HC|  |TAMS 0x0000000088300000, 0x0000000088300000| Complete 
| 131|0x0000000088300000, 0x0000000088400000, 0x0000000088400000|100%|HC|  |TAMS 0x0000000088400000, 0x0000000088400000| Complete 
| 132|0x0000000088400000, 0x0000000088500000, 0x0000000088500000|100%|HS|  |TAMS 0x0000000088500000, 0x0000000088500000| Complete 
| 133|0x0000000088500000, 0x0000000088600000, 0x0000000088600000|100%|HC|  |TAMS 0x0000000088600000, 0x0000000088600000| Complete 
| 134|0x0000000088600000, 0x0000000088700000, 0x0000000088700000|100%|HC|  |TAMS 0x0000000088700000, 0x0000000088700000| Complete 
| 135|0x0000000088700000, 0x0000000088800000, 0x0000000088800000|100%|HC|  |TAMS 0x0000000088800000, 0x0000000088800000| Complete 
| 136|0x0000000088800000, 0x0000000088900000, 0x0000000088900000|100%|HS|  |TAMS 0x0000000088900000, 0x0000000088900000| Complete 
| 137|0x0000000088900000, 0x0000000088a00000, 0x0000000088a00000|100%|HC|  |TAMS 0x0000000088a00000, 0x0000000088a00000| Complete 
| 138|0x0000000088a00000, 0x0000000088b00000, 0x0000000088b00000|100%|HC|  |TAMS 0x0000000088b00000, 0x0000000088b00000| Complete 
| 139|0x0000000088b00000, 0x0000000088c00000, 0x0000000088c00000|100%|HS|  |TAMS 0x0000000088c00000, 0x0000000088c00000| Complete 
| 140|0x0000000088c00000, 0x0000000088d00000, 0x0000000088d00000|100%|HC|  |TAMS 0x0000000088d00000, 0x0000000088d00000| Complete 
| 141|0x0000000088d00000, 0x0000000088e00000, 0x0000000088e00000|100%|HC|  |TAMS 0x0000000088e00000, 0x0000000088e00000| Complete 
| 142|0x0000000088e00000, 0x0000000088f00000, 0x0000000088f00000|100%|HC|  |TAMS 0x0000000088f00000, 0x0000000088f00000| Complete 
| 143|0x0000000088f00000, 0x0000000089000000, 0x0000000089000000|100%| O|  |TAMS 0x0000000088f00000, 0x0000000089000000| Untracked 
| 144|0x0000000089000000, 0x0000000089066200, 0x0000000089100000| 39%| O|  |TAMS 0x0000000089000000, 0x0000000089066200| Untracked 
| 145|0x0000000089100000, 0x0000000089200000, 0x0000000089200000|100%| O|  |TAMS 0x0000000089200000, 0x0000000089200000| Untracked 
| 146|0x0000000089200000, 0x0000000089300000, 0x0000000089300000|100%| O|  |TAMS 0x0000000089300000, 0x0000000089300000| Untracked 
| 147|0x0000000089300000, 0x0000000089400000, 0x0000000089400000|100%| O|  |TAMS 0x0000000089400000, 0x0000000089400000| Untracked 
| 148|0x0000000089400000, 0x0000000089500000, 0x0000000089500000|100%| O|  |TAMS 0x0000000089500000, 0x0000000089500000| Untracked 
| 149|0x0000000089500000, 0x0000000089600000, 0x0000000089600000|100%| O|  |TAMS 0x0000000089600000, 0x0000000089600000| Untracked 
| 150|0x0000000089600000, 0x0000000089700000, 0x0000000089700000|100%| O|  |TAMS 0x0000000089700000, 0x0000000089700000| Untracked 
| 151|0x0000000089700000, 0x0000000089800000, 0x0000000089800000|100%| O|  |TAMS 0x0000000089800000, 0x0000000089800000| Untracked 
| 152|0x0000000089800000, 0x0000000089900000, 0x0000000089900000|100%| O|  |TAMS 0x0000000089900000, 0x0000000089900000| Untracked 
| 153|0x0000000089900000, 0x0000000089a00000, 0x0000000089a00000|100%| O|  |TAMS 0x0000000089a00000, 0x0000000089a00000| Untracked 
| 154|0x0000000089a00000, 0x0000000089b00000, 0x0000000089b00000|100%| O|  |TAMS 0x0000000089b00000, 0x0000000089b00000| Untracked 
| 155|0x0000000089b00000, 0x0000000089c00000, 0x0000000089c00000|100%| O|  |TAMS 0x0000000089c00000, 0x0000000089c00000| Untracked 
| 156|0x0000000089c00000, 0x0000000089d00000, 0x0000000089d00000|100%| O|  |TAMS 0x0000000089d00000, 0x0000000089d00000| Untracked 
| 157|0x0000000089d00000, 0x0000000089e00000, 0x0000000089e00000|100%| O|  |TAMS 0x0000000089e00000, 0x0000000089e00000| Untracked 
| 158|0x0000000089e00000, 0x0000000089f00000, 0x0000000089f00000|100%| O|  |TAMS 0x0000000089f00000, 0x0000000089f00000| Untracked 
| 159|0x0000000089f00000, 0x000000008a000000, 0x000000008a000000|100%| O|  |TAMS 0x000000008a000000, 0x000000008a000000| Untracked 
| 160|0x000000008a000000, 0x000000008a100000, 0x000000008a100000|100%| O|  |TAMS 0x000000008a100000, 0x000000008a100000| Untracked 
| 161|0x000000008a100000, 0x000000008a200000, 0x000000008a200000|100%| O|  |TAMS 0x000000008a200000, 0x000000008a200000| Untracked 
| 162|0x000000008a200000, 0x000000008a300000, 0x000000008a300000|100%| O|  |TAMS 0x000000008a300000, 0x000000008a300000| Untracked 
| 163|0x000000008a300000, 0x000000008a400000, 0x000000008a400000|100%| O|  |TAMS 0x000000008a400000, 0x000000008a400000| Untracked 
| 164|0x000000008a400000, 0x000000008a500000, 0x000000008a500000|100%| O|  |TAMS 0x000000008a500000, 0x000000008a500000| Untracked 
| 165|0x000000008a500000, 0x000000008a600000, 0x000000008a600000|100%| O|  |TAMS 0x000000008a600000, 0x000000008a600000| Untracked 
| 166|0x000000008a600000, 0x000000008a700000, 0x000000008a700000|100%| O|  |TAMS 0x000000008a700000, 0x000000008a700000| Untracked 
| 167|0x000000008a700000, 0x000000008a800000, 0x000000008a800000|100%| O|  |TAMS 0x000000008a800000, 0x000000008a800000| Untracked 
| 168|0x000000008a800000, 0x000000008a900000, 0x000000008a900000|100%| O|  |TAMS 0x000000008a900000, 0x000000008a900000| Untracked 
| 169|0x000000008a900000, 0x000000008aa00000, 0x000000008aa00000|100%| O|  |TAMS 0x000000008aa00000, 0x000000008aa00000| Untracked 
| 170|0x000000008aa00000, 0x000000008ab00000, 0x000000008ab00000|100%| O|  |TAMS 0x000000008ab00000, 0x000000008ab00000| Untracked 
| 171|0x000000008ab00000, 0x000000008ac00000, 0x000000008ac00000|100%| O|  |TAMS 0x000000008ac00000, 0x000000008ac00000| Untracked 
| 172|0x000000008ac00000, 0x000000008ad00000, 0x000000008ad00000|100%| O|  |TAMS 0x000000008ad00000, 0x000000008ad00000| Untracked 
| 173|0x000000008ad00000, 0x000000008ae00000, 0x000000008ae00000|100%| O|  |TAMS 0x000000008ae00000, 0x000000008ae00000| Untracked 
| 174|0x000000008ae00000, 0x000000008af00000, 0x000000008af00000|100%| O|  |TAMS 0x000000008af00000, 0x000000008af00000| Untracked 
| 175|0x000000008af00000, 0x000000008b000000, 0x000000008b000000|100%| O|  |TAMS 0x000000008b000000, 0x000000008b000000| Untracked 
| 176|0x000000008b000000, 0x000000008b100000, 0x000000008b100000|100%| O|  |TAMS 0x000000008b100000, 0x000000008b100000| Untracked 
| 177|0x000000008b100000, 0x000000008b200000, 0x000000008b200000|100%| O|  |TAMS 0x000000008b200000, 0x000000008b200000| Untracked 
| 178|0x000000008b200000, 0x000000008b300000, 0x000000008b300000|100%| O|  |TAMS 0x000000008b300000, 0x000000008b300000| Untracked 
| 179|0x000000008b300000, 0x000000008b400000, 0x000000008b400000|100%| O|  |TAMS 0x000000008b400000, 0x000000008b400000| Untracked 
| 180|0x000000008b400000, 0x000000008b500000, 0x000000008b500000|100%| O|  |TAMS 0x000000008b500000, 0x000000008b500000| Untracked 
| 181|0x000000008b500000, 0x000000008b600000, 0x000000008b600000|100%| O|  |TAMS 0x000000008b600000, 0x000000008b600000| Untracked 
| 182|0x000000008b600000, 0x000000008b700000, 0x000000008b700000|100%| O|  |TAMS 0x000000008b700000, 0x000000008b700000| Untracked 
| 183|0x000000008b700000, 0x000000008b700000, 0x000000008b800000|  0%| F|  |TAMS 0x000000008b700000, 0x000000008b700000| Untracked 
| 184|0x000000008b800000, 0x000000008b900000, 0x000000008b900000|100%| O|  |TAMS 0x000000008b900000, 0x000000008b900000| Untracked 
| 185|0x000000008b900000, 0x000000008ba00000, 0x000000008ba00000|100%| O|  |TAMS 0x000000008ba00000, 0x000000008ba00000| Untracked 
| 186|0x000000008ba00000, 0x000000008bb00000, 0x000000008bb00000|100%| O|  |TAMS 0x000000008bb00000, 0x000000008bb00000| Untracked 
| 187|0x000000008bb00000, 0x000000008bc00000, 0x000000008bc00000|100%| O|  |TAMS 0x000000008bc00000, 0x000000008bc00000| Untracked 
| 188|0x000000008bc00000, 0x000000008bd00000, 0x000000008bd00000|100%| O|  |TAMS 0x000000008bd00000, 0x000000008bd00000| Untracked 
| 189|0x000000008bd00000, 0x000000008be00000, 0x000000008be00000|100%| O|  |TAMS 0x000000008be00000, 0x000000008be00000| Untracked 
| 190|0x000000008be00000, 0x000000008bf00000, 0x000000008bf00000|100%| O|  |TAMS 0x000000008bf00000, 0x000000008bf00000| Untracked 
| 191|0x000000008bf00000, 0x000000008c000000, 0x000000008c000000|100%| O|  |TAMS 0x000000008c000000, 0x000000008c000000| Untracked 
| 192|0x000000008c000000, 0x000000008c100000, 0x000000008c100000|100%| O|  |TAMS 0x000000008c100000, 0x000000008c100000| Untracked 
| 193|0x000000008c100000, 0x000000008c200000, 0x000000008c200000|100%| O|  |TAMS 0x000000008c200000, 0x000000008c200000| Untracked 
| 194|0x000000008c200000, 0x000000008c300000, 0x000000008c300000|100%| O|  |TAMS 0x000000008c300000, 0x000000008c300000| Untracked 
| 195|0x000000008c300000, 0x000000008c400000, 0x000000008c400000|100%| O|  |TAMS 0x000000008c300000, 0x000000008c400000| Untracked 
| 196|0x000000008c400000, 0x000000008c500000, 0x000000008c500000|100%| O|  |TAMS 0x000000008c500000, 0x000000008c500000| Untracked 
| 197|0x000000008c500000, 0x000000008c600000, 0x000000008c600000|100%| O|  |TAMS 0x000000008c600000, 0x000000008c600000| Untracked 
| 198|0x000000008c600000, 0x000000008c700000, 0x000000008c700000|100%| O|  |TAMS 0x000000008c700000, 0x000000008c700000| Untracked 
| 199|0x000000008c700000, 0x000000008c800000, 0x000000008c800000|100%| O|  |TAMS 0x000000008c800000, 0x000000008c800000| Untracked 
| 200|0x000000008c800000, 0x000000008c900000, 0x000000008c900000|100%| O|  |TAMS 0x000000008c900000, 0x000000008c900000| Untracked 
| 201|0x000000008c900000, 0x000000008ca00000, 0x000000008ca00000|100%| O|  |TAMS 0x000000008ca00000, 0x000000008ca00000| Untracked 
| 202|0x000000008ca00000, 0x000000008cb00000, 0x000000008cb00000|100%| O|  |TAMS 0x000000008cb00000, 0x000000008cb00000| Untracked 
| 203|0x000000008cb00000, 0x000000008cc00000, 0x000000008cc00000|100%| O|  |TAMS 0x000000008cc00000, 0x000000008cc00000| Untracked 
| 204|0x000000008cc00000, 0x000000008cd00000, 0x000000008cd00000|100%| O|  |TAMS 0x000000008cd00000, 0x000000008cd00000| Untracked 
| 205|0x000000008cd00000, 0x000000008ce00000, 0x000000008ce00000|100%| O|  |TAMS 0x000000008ce00000, 0x000000008ce00000| Untracked 
| 206|0x000000008ce00000, 0x000000008ce00000, 0x000000008cf00000|  0%| F|  |TAMS 0x000000008ce00000, 0x000000008ce00000| Untracked 
| 207|0x000000008cf00000, 0x000000008d000000, 0x000000008d000000|100%| O|  |TAMS 0x000000008d000000, 0x000000008d000000| Untracked 
| 208|0x000000008d000000, 0x000000008d100000, 0x000000008d100000|100%| O|  |TAMS 0x000000008d000000, 0x000000008d100000| Untracked 
| 209|0x000000008d100000, 0x000000008d200000, 0x000000008d200000|100%| O|  |TAMS 0x000000008d100000, 0x000000008d200000| Untracked 
| 210|0x000000008d200000, 0x000000008d300000, 0x000000008d300000|100%| O|  |TAMS 0x000000008d200000, 0x000000008d300000| Untracked 
| 211|0x000000008d300000, 0x000000008d400000, 0x000000008d400000|100%| O|  |TAMS 0x000000008d300000, 0x000000008d400000| Untracked 
| 212|0x000000008d400000, 0x000000008d500000, 0x000000008d500000|100%| O|  |TAMS 0x000000008d400000, 0x000000008d500000| Untracked 
| 213|0x000000008d500000, 0x000000008d600000, 0x000000008d600000|100%| O|  |TAMS 0x000000008d500000, 0x000000008d600000| Untracked 
| 214|0x000000008d600000, 0x000000008d700000, 0x000000008d700000|100%| O|  |TAMS 0x000000008d600000, 0x000000008d700000| Untracked 
| 215|0x000000008d700000, 0x000000008d800000, 0x000000008d800000|100%| O|  |TAMS 0x000000008d700000, 0x000000008d800000| Untracked 
| 216|0x000000008d800000, 0x000000008d900000, 0x000000008d900000|100%| O|  |TAMS 0x000000008d800000, 0x000000008d900000| Untracked 
| 217|0x000000008d900000, 0x000000008da00000, 0x000000008da00000|100%| O|  |TAMS 0x000000008d900000, 0x000000008da00000| Untracked 
| 218|0x000000008da00000, 0x000000008db00000, 0x000000008db00000|100%| O|  |TAMS 0x000000008da00000, 0x000000008db00000| Untracked 
| 219|0x000000008db00000, 0x000000008dc00000, 0x000000008dc00000|100%| O|  |TAMS 0x000000008db00000, 0x000000008dc00000| Untracked 
| 220|0x000000008dc00000, 0x000000008dd00000, 0x000000008dd00000|100%| O|  |TAMS 0x000000008dc00000, 0x000000008dd00000| Untracked 
| 221|0x000000008dd00000, 0x000000008de00000, 0x000000008de00000|100%| O|  |TAMS 0x000000008dd00000, 0x000000008de00000| Untracked 
| 222|0x000000008de00000, 0x000000008df00000, 0x000000008df00000|100%| O|  |TAMS 0x000000008de00000, 0x000000008df00000| Untracked 
| 223|0x000000008df00000, 0x000000008e000000, 0x000000008e000000|100%| O|  |TAMS 0x000000008df00000, 0x000000008e000000| Untracked 
| 224|0x000000008e000000, 0x000000008e100000, 0x000000008e100000|100%| O|  |TAMS 0x000000008e000000, 0x000000008e100000| Untracked 
| 225|0x000000008e100000, 0x000000008e200000, 0x000000008e200000|100%| O|  |TAMS 0x000000008e100000, 0x000000008e200000| Untracked 
| 226|0x000000008e200000, 0x000000008e300000, 0x000000008e300000|100%| O|  |TAMS 0x000000008e200000, 0x000000008e300000| Untracked 
| 227|0x000000008e300000, 0x000000008e400000, 0x000000008e400000|100%| O|  |TAMS 0x000000008e300000, 0x000000008e400000| Untracked 
| 228|0x000000008e400000, 0x000000008e500000, 0x000000008e500000|100%| O|  |TAMS 0x000000008e400000, 0x000000008e500000| Untracked 
| 229|0x000000008e500000, 0x000000008e600000, 0x000000008e600000|100%| O|  |TAMS 0x000000008e500000, 0x000000008e600000| Untracked 
| 230|0x000000008e600000, 0x000000008e700000, 0x000000008e700000|100%| O|  |TAMS 0x000000008e600000, 0x000000008e700000| Untracked 
| 231|0x000000008e700000, 0x000000008e700000, 0x000000008e800000|  0%| F|  |TAMS 0x000000008e700000, 0x000000008e700000| Untracked 
| 232|0x000000008e800000, 0x000000008e800000, 0x000000008e900000|  0%| F|  |TAMS 0x000000008e800000, 0x000000008e800000| Untracked 
| 233|0x000000008e900000, 0x000000008e900000, 0x000000008ea00000|  0%| F|  |TAMS 0x000000008e900000, 0x000000008e900000| Untracked 
| 234|0x000000008ea00000, 0x000000008ea00000, 0x000000008eb00000|  0%| F|  |TAMS 0x000000008ea00000, 0x000000008ea00000| Untracked 
| 235|0x000000008eb00000, 0x000000008eb00000, 0x000000008ec00000|  0%| F|  |TAMS 0x000000008eb00000, 0x000000008eb00000| Untracked 
| 236|0x000000008ec00000, 0x000000008ec00000, 0x000000008ed00000|  0%| F|  |TAMS 0x000000008ec00000, 0x000000008ec00000| Untracked 
| 237|0x000000008ed00000, 0x000000008ed00000, 0x000000008ee00000|  0%| F|  |TAMS 0x000000008ed00000, 0x000000008ed00000| Untracked 
| 238|0x000000008ee00000, 0x000000008ee00000, 0x000000008ef00000|  0%| F|  |TAMS 0x000000008ee00000, 0x000000008ee00000| Untracked 
| 239|0x000000008ef00000, 0x000000008ef00000, 0x000000008f000000|  0%| F|  |TAMS 0x000000008ef00000, 0x000000008ef00000| Untracked 
| 240|0x000000008f000000, 0x000000008f000000, 0x000000008f100000|  0%| F|  |TAMS 0x000000008f000000, 0x000000008f000000| Untracked 
| 241|0x000000008f100000, 0x000000008f100000, 0x000000008f200000|  0%| F|  |TAMS 0x000000008f100000, 0x000000008f100000| Untracked 
| 242|0x000000008f200000, 0x000000008f200000, 0x000000008f300000|  0%| F|  |TAMS 0x000000008f200000, 0x000000008f200000| Untracked 
| 243|0x000000008f300000, 0x000000008f300000, 0x000000008f400000|  0%| F|  |TAMS 0x000000008f300000, 0x000000008f300000| Untracked 
| 244|0x000000008f400000, 0x000000008f400000, 0x000000008f500000|  0%| F|  |TAMS 0x000000008f400000, 0x000000008f400000| Untracked 
| 245|0x000000008f500000, 0x000000008f500000, 0x000000008f600000|  0%| F|  |TAMS 0x000000008f500000, 0x000000008f500000| Untracked 
| 246|0x000000008f600000, 0x000000008f600000, 0x000000008f700000|  0%| F|  |TAMS 0x000000008f600000, 0x000000008f600000| Untracked 
| 247|0x000000008f700000, 0x000000008f700000, 0x000000008f800000|  0%| F|  |TAMS 0x000000008f700000, 0x000000008f700000| Untracked 
| 248|0x000000008f800000, 0x000000008f800000, 0x000000008f900000|  0%| F|  |TAMS 0x000000008f800000, 0x000000008f800000| Untracked 
| 249|0x000000008f900000, 0x000000008f900000, 0x000000008fa00000|  0%| F|  |TAMS 0x000000008f900000, 0x000000008f900000| Untracked 
| 250|0x000000008fa00000, 0x000000008fa00000, 0x000000008fb00000|  0%| F|  |TAMS 0x000000008fa00000, 0x000000008fa00000| Untracked 
| 251|0x000000008fb00000, 0x000000008fb00000, 0x000000008fc00000|  0%| F|  |TAMS 0x000000008fb00000, 0x000000008fb00000| Untracked 
| 252|0x000000008fc00000, 0x000000008fc00000, 0x000000008fd00000|  0%| F|  |TAMS 0x000000008fc00000, 0x000000008fc00000| Untracked 
| 253|0x000000008fd00000, 0x000000008fd00000, 0x000000008fe00000|  0%| F|  |TAMS 0x000000008fd00000, 0x000000008fd00000| Untracked 
| 254|0x000000008fe00000, 0x000000008fe00000, 0x000000008ff00000|  0%| F|  |TAMS 0x000000008fe00000, 0x000000008fe00000| Untracked 
| 255|0x000000008ff00000, 0x000000008ff00000, 0x0000000090000000|  0%| F|  |TAMS 0x000000008ff00000, 0x000000008ff00000| Untracked 
| 256|0x0000000090000000, 0x0000000090000000, 0x0000000090100000|  0%| F|  |TAMS 0x0000000090000000, 0x0000000090000000| Untracked 
| 257|0x0000000090100000, 0x0000000090100000, 0x0000000090200000|  0%| F|  |TAMS 0x0000000090100000, 0x0000000090100000| Untracked 
| 258|0x0000000090200000, 0x0000000090200000, 0x0000000090300000|  0%| F|  |TAMS 0x0000000090200000, 0x0000000090200000| Untracked 
| 259|0x0000000090300000, 0x0000000090300000, 0x0000000090400000|  0%| F|  |TAMS 0x0000000090300000, 0x0000000090300000| Untracked 
| 260|0x0000000090400000, 0x0000000090400000, 0x0000000090500000|  0%| F|  |TAMS 0x0000000090400000, 0x0000000090400000| Untracked 
| 261|0x0000000090500000, 0x0000000090500000, 0x0000000090600000|  0%| F|  |TAMS 0x0000000090500000, 0x0000000090500000| Untracked 
| 262|0x0000000090600000, 0x0000000090600000, 0x0000000090700000|  0%| F|  |TAMS 0x0000000090600000, 0x0000000090600000| Untracked 
| 263|0x0000000090700000, 0x0000000090700000, 0x0000000090800000|  0%| F|  |TAMS 0x0000000090700000, 0x0000000090700000| Untracked 
| 264|0x0000000090800000, 0x0000000090800000, 0x0000000090900000|  0%| F|  |TAMS 0x0000000090800000, 0x0000000090800000| Untracked 
| 265|0x0000000090900000, 0x0000000090900000, 0x0000000090a00000|  0%| F|  |TAMS 0x0000000090900000, 0x0000000090900000| Untracked 
| 266|0x0000000090a00000, 0x0000000090a00000, 0x0000000090b00000|  0%| F|  |TAMS 0x0000000090a00000, 0x0000000090a00000| Untracked 
| 267|0x0000000090b00000, 0x0000000090b00000, 0x0000000090c00000|  0%| F|  |TAMS 0x0000000090b00000, 0x0000000090b00000| Untracked 
| 268|0x0000000090c00000, 0x0000000090c00000, 0x0000000090d00000|  0%| F|  |TAMS 0x0000000090c00000, 0x0000000090c00000| Untracked 
| 269|0x0000000090d00000, 0x0000000090d00000, 0x0000000090e00000|  0%| F|  |TAMS 0x0000000090d00000, 0x0000000090d00000| Untracked 
| 270|0x0000000090e00000, 0x0000000090e00000, 0x0000000090f00000|  0%| F|  |TAMS 0x0000000090e00000, 0x0000000090e00000| Untracked 
| 271|0x0000000090f00000, 0x0000000090f00000, 0x0000000091000000|  0%| F|  |TAMS 0x0000000090f00000, 0x0000000090f00000| Untracked 
| 272|0x0000000091000000, 0x0000000091000000, 0x0000000091100000|  0%| F|  |TAMS 0x0000000091000000, 0x0000000091000000| Untracked 
| 273|0x0000000091100000, 0x0000000091100000, 0x0000000091200000|  0%| F|  |TAMS 0x0000000091100000, 0x0000000091100000| Untracked 
| 274|0x0000000091200000, 0x0000000091200000, 0x0000000091300000|  0%| F|  |TAMS 0x0000000091200000, 0x0000000091200000| Untracked 
| 275|0x0000000091300000, 0x0000000091300000, 0x0000000091400000|  0%| F|  |TAMS 0x0000000091300000, 0x0000000091300000| Untracked 
| 276|0x0000000091400000, 0x0000000091400000, 0x0000000091500000|  0%| F|  |TAMS 0x0000000091400000, 0x0000000091400000| Untracked 
| 277|0x0000000091500000, 0x0000000091500000, 0x0000000091600000|  0%| F|  |TAMS 0x0000000091500000, 0x0000000091500000| Untracked 
| 278|0x0000000091600000, 0x0000000091600000, 0x0000000091700000|  0%| F|  |TAMS 0x0000000091600000, 0x0000000091600000| Untracked 
| 279|0x0000000091700000, 0x0000000091800000, 0x0000000091800000|100%| S|CS|TAMS 0x0000000091700000, 0x0000000091700000| Complete 
| 280|0x0000000091800000, 0x0000000091900000, 0x0000000091900000|100%| S|CS|TAMS 0x0000000091800000, 0x0000000091800000| Complete 
| 281|0x0000000091900000, 0x0000000091a00000, 0x0000000091a00000|100%| S|CS|TAMS 0x0000000091900000, 0x0000000091900000| Complete 
| 282|0x0000000091a00000, 0x0000000091b00000, 0x0000000091b00000|100%| S|CS|TAMS 0x0000000091a00000, 0x0000000091a00000| Complete 
| 283|0x0000000091b00000, 0x0000000091c00000, 0x0000000091c00000|100%| S|CS|TAMS 0x0000000091b00000, 0x0000000091b00000| Complete 
| 284|0x0000000091c00000, 0x0000000091c00000, 0x0000000091d00000|  0%| F|  |TAMS 0x0000000091c00000, 0x0000000091c00000| Untracked 
| 285|0x0000000091d00000, 0x0000000091d00000, 0x0000000091e00000|  0%| F|  |TAMS 0x0000000091d00000, 0x0000000091d00000| Untracked 
| 286|0x0000000091e00000, 0x0000000091e00000, 0x0000000091f00000|  0%| F|  |TAMS 0x0000000091e00000, 0x0000000091e00000| Untracked 
| 287|0x0000000091f00000, 0x0000000091f00000, 0x0000000092000000|  0%| F|  |TAMS 0x0000000091f00000, 0x0000000091f00000| Untracked 
| 288|0x0000000092000000, 0x0000000092000000, 0x0000000092100000|  0%| F|  |TAMS 0x0000000092000000, 0x0000000092000000| Untracked 
| 289|0x0000000092100000, 0x0000000092100000, 0x0000000092200000|  0%| F|  |TAMS 0x0000000092100000, 0x0000000092100000| Untracked 
| 290|0x0000000092200000, 0x0000000092200000, 0x0000000092300000|  0%| F|  |TAMS 0x0000000092200000, 0x0000000092200000| Untracked 
| 291|0x0000000092300000, 0x0000000092300000, 0x0000000092400000|  0%| F|  |TAMS 0x0000000092300000, 0x0000000092300000| Untracked 
| 292|0x0000000092400000, 0x0000000092400000, 0x0000000092500000|  0%| F|  |TAMS 0x0000000092400000, 0x0000000092400000| Untracked 
| 293|0x0000000092500000, 0x0000000092500000, 0x0000000092600000|  0%| F|  |TAMS 0x0000000092500000, 0x0000000092500000| Untracked 
| 294|0x0000000092600000, 0x0000000092600000, 0x0000000092700000|  0%| F|  |TAMS 0x0000000092600000, 0x0000000092600000| Untracked 
| 295|0x0000000092700000, 0x0000000092700000, 0x0000000092800000|  0%| F|  |TAMS 0x0000000092700000, 0x0000000092700000| Untracked 
| 296|0x0000000092800000, 0x0000000092800000, 0x0000000092900000|  0%| F|  |TAMS 0x0000000092800000, 0x0000000092800000| Untracked 
| 297|0x0000000092900000, 0x0000000092900000, 0x0000000092a00000|  0%| F|  |TAMS 0x0000000092900000, 0x0000000092900000| Untracked 
| 298|0x0000000092a00000, 0x0000000092a00000, 0x0000000092b00000|  0%| F|  |TAMS 0x0000000092a00000, 0x0000000092a00000| Untracked 
| 299|0x0000000092b00000, 0x0000000092b00000, 0x0000000092c00000|  0%| F|  |TAMS 0x0000000092b00000, 0x0000000092b00000| Untracked 
| 300|0x0000000092c00000, 0x0000000092c00000, 0x0000000092d00000|  0%| F|  |TAMS 0x0000000092c00000, 0x0000000092c00000| Untracked 
| 301|0x0000000092d00000, 0x0000000092d00000, 0x0000000092e00000|  0%| F|  |TAMS 0x0000000092d00000, 0x0000000092d00000| Untracked 
| 302|0x0000000092e00000, 0x0000000092e00000, 0x0000000092f00000|  0%| F|  |TAMS 0x0000000092e00000, 0x0000000092e00000| Untracked 
| 303|0x0000000092f00000, 0x0000000092f00000, 0x0000000093000000|  0%| F|  |TAMS 0x0000000092f00000, 0x0000000092f00000| Untracked 
| 304|0x0000000093000000, 0x0000000093000000, 0x0000000093100000|  0%| F|  |TAMS 0x0000000093000000, 0x0000000093000000| Untracked 
| 305|0x0000000093100000, 0x0000000093100000, 0x0000000093200000|  0%| F|  |TAMS 0x0000000093100000, 0x0000000093100000| Untracked 
| 306|0x0000000093200000, 0x0000000093200000, 0x0000000093300000|  0%| F|  |TAMS 0x0000000093200000, 0x0000000093200000| Untracked 
| 307|0x0000000093300000, 0x0000000093300000, 0x0000000093400000|  0%| F|  |TAMS 0x0000000093300000, 0x0000000093300000| Untracked 
| 308|0x0000000093400000, 0x0000000093400000, 0x0000000093500000|  0%| F|  |TAMS 0x0000000093400000, 0x0000000093400000| Untracked 
| 309|0x0000000093500000, 0x0000000093500000, 0x0000000093600000|  0%| F|  |TAMS 0x0000000093500000, 0x0000000093500000| Untracked 
| 310|0x0000000093600000, 0x0000000093600000, 0x0000000093700000|  0%| F|  |TAMS 0x0000000093600000, 0x0000000093600000| Untracked 
| 311|0x0000000093700000, 0x0000000093700000, 0x0000000093800000|  0%| F|  |TAMS 0x0000000093700000, 0x0000000093700000| Untracked 
| 312|0x0000000093800000, 0x0000000093800000, 0x0000000093900000|  0%| F|  |TAMS 0x0000000093800000, 0x0000000093800000| Untracked 
| 313|0x0000000093900000, 0x0000000093900000, 0x0000000093a00000|  0%| F|  |TAMS 0x0000000093900000, 0x0000000093900000| Untracked 
| 314|0x0000000093a00000, 0x0000000093a00000, 0x0000000093b00000|  0%| F|  |TAMS 0x0000000093a00000, 0x0000000093a00000| Untracked 
| 315|0x0000000093b00000, 0x0000000093b00000, 0x0000000093c00000|  0%| F|  |TAMS 0x0000000093b00000, 0x0000000093b00000| Untracked 
| 316|0x0000000093c00000, 0x0000000093c00000, 0x0000000093d00000|  0%| F|  |TAMS 0x0000000093c00000, 0x0000000093c00000| Untracked 
| 317|0x0000000093d00000, 0x0000000093d00000, 0x0000000093e00000|  0%| F|  |TAMS 0x0000000093d00000, 0x0000000093d00000| Untracked 
| 318|0x0000000093e00000, 0x0000000093e00000, 0x0000000093f00000|  0%| F|  |TAMS 0x0000000093e00000, 0x0000000093e00000| Untracked 
| 319|0x0000000093f00000, 0x0000000093f00000, 0x0000000094000000|  0%| F|  |TAMS 0x0000000093f00000, 0x0000000093f00000| Untracked 
| 320|0x0000000094000000, 0x0000000094000000, 0x0000000094100000|  0%| F|  |TAMS 0x0000000094000000, 0x0000000094000000| Untracked 
| 321|0x0000000094100000, 0x0000000094100000, 0x0000000094200000|  0%| F|  |TAMS 0x0000000094100000, 0x0000000094100000| Untracked 
| 322|0x0000000094200000, 0x0000000094200000, 0x0000000094300000|  0%| F|  |TAMS 0x0000000094200000, 0x0000000094200000| Untracked 
| 323|0x0000000094300000, 0x0000000094300000, 0x0000000094400000|  0%| F|  |TAMS 0x0000000094300000, 0x0000000094300000| Untracked 

Card table byte_map: [0x000002b671730000,0x000002b671b30000] _byte_map_base: 0x000002b671330000

Marking Bits (Prev, Next): (CMBitMap*) 0x000002b65e23edd0, (CMBitMap*) 0x000002b65e23ed98
 Prev Bits: [0x000002b673f30000, 0x000002b675f30000)
 Next Bits: [0x000002b671f30000, 0x000002b673f30000)

Polling page: 0x000002b65c8d0000

Metaspace:

Usage:
  Non-class:    156.80 MB capacity,   153.36 MB ( 98%) used,     2.86 MB (  2%) free+waste,   602.25 KB ( <1%) overhead. 
      Class:     23.23 MB capacity,    21.32 MB ( 92%) used,     1.65 MB (  7%) free+waste,   262.56 KB (  1%) overhead. 
       Both:    180.03 MB capacity,   174.68 MB ( 97%) used,     4.51 MB (  3%) free+waste,   864.81 KB ( <1%) overhead. 

Virtual space:
  Non-class space:      158.00 MB reserved,     157.70 MB (>99%) committed 
      Class space:        1.00 GB reserved,      23.50 MB (  2%) committed 
             Both:        1.15 GB reserved,     181.20 MB ( 15%) committed 

Chunk freelists:
   Non-Class:  791.00 KB
       Class:  171.00 KB
        Both:  962.00 KB

MaxMetaspaceSize: 17179869184.00 GB
CompressedClassSpaceSize: 1.00 GB
Initial GC threshold: 20.80 MB
Current GC threshold: 302.00 MB
CDS: off

CodeHeap 'non-profiled nmethods': size=120064Kb used=19740Kb max_used=19891Kb free=100323Kb
 bounds [0x000002b6697d0000, 0x000002b66ab60000, 0x000002b670d10000]
CodeHeap 'profiled nmethods': size=120000Kb used=60476Kb max_used=61546Kb free=59524Kb
 bounds [0x000002b6622a0000, 0x000002b665f10000, 0x000002b6697d0000]
CodeHeap 'non-nmethods': size=5696Kb used=2573Kb max_used=2673Kb free=3122Kb
 bounds [0x000002b661d10000, 0x000002b661fc0000, 0x000002b6622a0000]
 total_blobs=28087 nmethods=26966 adapters=1029
 compilation: enabled
              stopped_count=0, restarted_count=0
 full_count=0

Compilation events (20 events):
Event: 3584.401 Thread 0x000002b6785a3800 31544       2       com.android.tools.r8.internal.aH::<init> (6 bytes)
Event: 3584.401 Thread 0x000002b6785a3800 nmethod 31544 0x000002b663e76010 code [0x000002b663e761c0, 0x000002b663e762c8]
Event: 3584.419 Thread 0x000002b6785a3800 31546       2       com.android.tools.r8.internal.i6::<init> (34 bytes)
Event: 3584.419 Thread 0x000002b6785a3800 nmethod 31546 0x000002b6642c6f90 code [0x000002b6642c7140, 0x000002b6642c7278]
Event: 3584.462 Thread 0x000002b6785a3800 31547       2       com.android.tools.r8.internal.C8::<init> (36 bytes)
Event: 3584.462 Thread 0x000002b6785a3800 nmethod 31547 0x000002b663102b10 code [0x000002b663102cc0, 0x000002b663102f38]
Event: 3584.468 Thread 0x000002b6785a3800 31549       2       com.android.tools.r8.graph.w2::a (112 bytes)
Event: 3584.469 Thread 0x000002b6785a3800 nmethod 31549 0x000002b6630eee90 code [0x000002b6630ef100, 0x000002b6630ef958]
Event: 3584.573 Thread 0x000002b6785a3800 31552       2       com.android.tools.r8.internal.A6::<init> (15 bytes)
Event: 3584.573 Thread 0x000002b6785a3800 nmethod 31552 0x000002b6643e6010 code [0x000002b6643e61c0, 0x000002b6643e6318]
Event: 3584.655 Thread 0x000002b6785a3800 31553 %     3       com.android.tools.r8.internal.D9::a @ 35 (859 bytes)
Event: 3584.669 Thread 0x000002b6785a3800 nmethod 31553% 0x000002b665ef0890 code [0x000002b665ef14c0, 0x000002b665efb318]
Event: 3584.669 Thread 0x000002b6785a3800 31554       3       com.android.tools.r8.internal.D9::a (859 bytes)
Event: 3584.681 Thread 0x000002b6785a3800 nmethod 31554 0x000002b665efdb90 code [0x000002b665efe7c0, 0x000002b665f08438]
Event: 3584.871 Thread 0x000002b6785a3800 31559       2       com.android.tools.r8.internal.A8::<init> (91 bytes)
Event: 3584.871 Thread 0x000002b6785a3800 nmethod 31559 0x000002b6633e0d90 code [0x000002b6633e0f40, 0x000002b6633e11b8]
Event: 3584.891 Thread 0x000002b6785a3800 31561       2       com.android.tools.r8.internal.Ka::a (17 bytes)
Event: 3584.892 Thread 0x000002b6785a3800 nmethod 31561 0x000002b664614210 code [0x000002b6646143c0, 0x000002b6646144e8]
Event: 3584.895 Thread 0x000002b6785a3800 31562       2       com.android.tools.r8.internal.xa::e (25 bytes)
Event: 3584.895 Thread 0x000002b6785a3800 nmethod 31562 0x000002b66480ba10 code [0x000002b66480bbe0, 0x000002b66480bd58]

GC Heap History (20 events):
Event: 3582.442 GC heap after
{Heap after GC invocations=121 (full 0):
 garbage-first heap   total 276480K, used 177384K [0x0000000080000000, 0x0000000100000000)
  region size 1024K, 8 young (8192K), 8 survivors (8192K)
 Metaspace       used 178619K, capacity 184105K, committed 185548K, reserved 1210368K
  class space    used 21802K, capacity 23748K, committed 24064K, reserved 1048576K
}
Event: 3582.869 GC heap before
{Heap before GC invocations=121 (full 0):
 garbage-first heap   total 276480K, used 235752K [0x0000000080000000, 0x0000000100000000)
  region size 1024K, 65 young (66560K), 8 survivors (8192K)
 Metaspace       used 178622K, capacity 184105K, committed 185548K, reserved 1210368K
  class space    used 21802K, capacity 23748K, committed 24064K, reserved 1048576K
}
Event: 3582.888 GC heap after
{Heap after GC invocations=122 (full 0):
 garbage-first heap   total 276480K, used 194117K [0x0000000080000000, 0x0000000100000000)
  region size 1024K, 8 young (8192K), 8 survivors (8192K)
 Metaspace       used 178622K, capacity 184105K, committed 185548K, reserved 1210368K
  class space    used 21802K, capacity 23748K, committed 24064K, reserved 1048576K
}
Event: 3583.199 GC heap before
{Heap before GC invocations=122 (full 0):
 garbage-first heap   total 276480K, used 230981K [0x0000000080000000, 0x0000000100000000)
  region size 1024K, 45 young (46080K), 8 survivors (8192K)
 Metaspace       used 178736K, capacity 184248K, committed 185548K, reserved 1210368K
  class space    used 21814K, capacity 23752K, committed 24064K, reserved 1048576K
}
Event: 3583.220 GC heap after
{Heap after GC invocations=123 (full 0):
 garbage-first heap   total 276480K, used 200704K [0x0000000080000000, 0x0000000100000000)
  region size 1024K, 6 young (6144K), 6 survivors (6144K)
 Metaspace       used 178736K, capacity 184248K, committed 185548K, reserved 1210368K
  class space    used 21814K, capacity 23752K, committed 24064K, reserved 1048576K
}
Event: 3583.327 GC heap before
{Heap before GC invocations=124 (full 0):
 garbage-first heap   total 276480K, used 232448K [0x0000000080000000, 0x0000000100000000)
  region size 1024K, 37 young (37888K), 6 survivors (6144K)
 Metaspace       used 178746K, capacity 184248K, committed 185548K, reserved 1210368K
  class space    used 21814K, capacity 23752K, committed 24064K, reserved 1048576K
}
Event: 3583.353 GC heap after
{Heap after GC invocations=125 (full 0):
 garbage-first heap   total 276480K, used 206625K [0x0000000080000000, 0x0000000100000000)
  region size 1024K, 5 young (5120K), 5 survivors (5120K)
 Metaspace       used 178746K, capacity 184248K, committed 185548K, reserved 1210368K
  class space    used 21814K, capacity 23752K, committed 24064K, reserved 1048576K
}
Event: 3583.376 GC heap before
{Heap before GC invocations=125 (full 0):
 garbage-first heap   total 276480K, used 213793K [0x0000000080000000, 0x0000000100000000)
  region size 1024K, 13 young (13312K), 5 survivors (5120K)
 Metaspace       used 178746K, capacity 184248K, committed 185548K, reserved 1210368K
  class space    used 21814K, capacity 23752K, committed 24064K, reserved 1048576K
}
Event: 3583.398 GC heap after
{Heap after GC invocations=126 (full 0):
 garbage-first heap   total 276480K, used 207179K [0x0000000080000000, 0x0000000100000000)
  region size 1024K, 2 young (2048K), 2 survivors (2048K)
 Metaspace       used 178746K, capacity 184248K, committed 185548K, reserved 1210368K
  class space    used 21814K, capacity 23752K, committed 24064K, reserved 1048576K
}
Event: 3583.484 GC heap before
{Heap before GC invocations=126 (full 0):
 garbage-first heap   total 276480K, used 233803K [0x0000000080000000, 0x0000000100000000)
  region size 1024K, 28 young (28672K), 2 survivors (2048K)
 Metaspace       used 178752K, capacity 184248K, committed 185548K, reserved 1210368K
  class space    used 21814K, capacity 23752K, committed 24064K, reserved 1048576K
}
Event: 3583.510 GC heap after
{Heap after GC invocations=127 (full 0):
 garbage-first heap   total 276480K, used 212840K [0x0000000080000000, 0x0000000100000000)
  region size 1024K, 4 young (4096K), 4 survivors (4096K)
 Metaspace       used 178752K, capacity 184248K, committed 185548K, reserved 1210368K
  class space    used 21814K, capacity 23752K, committed 24064K, reserved 1048576K
}
Event: 3583.665 GC heap before
{Heap before GC invocations=127 (full 0):
 garbage-first heap   total 276480K, used 236392K [0x0000000080000000, 0x0000000100000000)
  region size 1024K, 27 young (27648K), 4 survivors (4096K)
 Metaspace       used 178798K, capacity 184286K, committed 185548K, reserved 1210368K
  class space    used 21822K, capacity 23786K, committed 24064K, reserved 1048576K
}
Event: 3583.690 GC heap after
{Heap after GC invocations=128 (full 0):
 garbage-first heap   total 331776K, used 217912K [0x0000000080000000, 0x0000000100000000)
  region size 1024K, 4 young (4096K), 4 survivors (4096K)
 Metaspace       used 178798K, capacity 184286K, committed 185548K, reserved 1210368K
  class space    used 21822K, capacity 23786K, committed 24064K, reserved 1048576K
}
Event: 3584.118 GC heap before
{Heap before GC invocations=128 (full 0):
 garbage-first heap   total 331776K, used 259896K [0x0000000080000000, 0x0000000100000000)
  region size 1024K, 45 young (46080K), 4 survivors (4096K)
 Metaspace       used 178859K, capacity 184351K, committed 185548K, reserved 1210368K
  class space    used 21830K, capacity 23786K, committed 24064K, reserved 1048576K
}
Event: 3584.156 GC heap after
{Heap after GC invocations=129 (full 0):
 garbage-first heap   total 331776K, used 225733K [0x0000000080000000, 0x0000000100000000)
  region size 1024K, 6 young (6144K), 6 survivors (6144K)
 Metaspace       used 178859K, capacity 184351K, committed 185548K, reserved 1210368K
  class space    used 21830K, capacity 23786K, committed 24064K, reserved 1048576K
}
Event: 3584.509 GC heap before
{Heap before GC invocations=130 (full 0):
 garbage-first heap   total 331776K, used 265669K [0x0000000080000000, 0x0000000100000000)
  region size 1024K, 45 young (46080K), 6 survivors (6144K)
 Metaspace       used 178866K, capacity 184351K, committed 185548K, reserved 1210368K
  class space    used 21830K, capacity 23786K, committed 24064K, reserved 1048576K
}
Event: 3584.540 GC heap after
{Heap after GC invocations=131 (full 0):
 garbage-first heap   total 331776K, used 232954K [0x0000000080000000, 0x0000000100000000)
  region size 1024K, 6 young (6144K), 6 survivors (6144K)
 Metaspace       used 178866K, capacity 184351K, committed 185548K, reserved 1210368K
  class space    used 21830K, capacity 23786K, committed 24064K, reserved 1048576K
}
Event: 3584.618 GC heap before
{Heap before GC invocations=131 (full 0):
 garbage-first heap   total 331776K, used 243194K [0x0000000080000000, 0x0000000100000000)
  region size 1024K, 16 young (16384K), 6 survivors (6144K)
 Metaspace       used 178867K, capacity 184351K, committed 185548K, reserved 1210368K
  class space    used 21830K, capacity 23786K, committed 24064K, reserved 1048576K
}
Event: 3584.649 GC heap after
{Heap after GC invocations=132 (full 0):
 garbage-first heap   total 331776K, used 232036K [0x0000000080000000, 0x0000000100000000)
  region size 1024K, 2 young (2048K), 2 survivors (2048K)
 Metaspace       used 178867K, capacity 184351K, committed 185548K, reserved 1210368K
  class space    used 21830K, capacity 23786K, committed 24064K, reserved 1048576K
}
Event: 3584.896 GC heap before
{Heap before GC invocations=132 (full 0):
 garbage-first heap   total 331776K, used 270948K [0x0000000080000000, 0x0000000100000000)
  region size 1024K, 40 young (40960K), 2 survivors (2048K)
 Metaspace       used 178867K, capacity 184351K, committed 185548K, reserved 1210368K
  class space    used 21830K, capacity 23786K, committed 24064K, reserved 1048576K
}

Deoptimization events (20 events):
Event: 3584.194 Thread 0x000002b67b8e3000 DEOPT UNPACKING pc=0x000002b661d5a1af sp=0x000000f861dfa810 mode 2
Event: 3584.195 Thread 0x000002b67b8e3000 Uncommon trap: trap_request=0xffffffde fr.pc=0x000002b66ab4743c relative=0x0000000000009d7c
Event: 3584.195 Thread 0x000002b67b8e3000 Uncommon trap: reason=class_check action=maybe_recompile pc=0x000002b66ab4743c method=com.android.tools.r8.internal.xa.a(Lcom/android/tools/r8/internal/Ka;[Lcom/android/tools/r8/internal/F3;I)V @ 1339 c2
Event: 3584.195 Thread 0x000002b67b8e3000 DEOPT PACKING pc=0x000002b66ab4743c sp=0x000000f861dfa8e0
Event: 3584.196 Thread 0x000002b67b8e3000 DEOPT UNPACKING pc=0x000002b661d5a1af sp=0x000000f861dfa888 mode 2
Event: 3584.196 Thread 0x000002b67b8e3000 Uncommon trap: trap_request=0xffffffde fr.pc=0x000002b66ab4743c relative=0x0000000000009d7c
Event: 3584.196 Thread 0x000002b67b8e3000 Uncommon trap: reason=class_check action=maybe_recompile pc=0x000002b66ab4743c method=com.android.tools.r8.internal.xa.a(Lcom/android/tools/r8/internal/Ka;[Lcom/android/tools/r8/internal/F3;I)V @ 1339 c2
Event: 3584.196 Thread 0x000002b67b8e3000 DEOPT PACKING pc=0x000002b66ab4743c sp=0x000000f861dfa8e0
Event: 3584.196 Thread 0x000002b67b8e3000 DEOPT UNPACKING pc=0x000002b661d5a1af sp=0x000000f861dfa888 mode 2
Event: 3584.200 Thread 0x000002b60260a800 DEOPT UNPACKING pc=0x000002b661d5a1af sp=0x000000f8635fa2c8 mode 2
Event: 3584.319 Thread 0x000002b60260a800 DEOPT PACKING pc=0x000002b6638e03a3 sp=0x000000f8635fa370
Event: 3584.319 Thread 0x000002b60260a800 DEOPT UNPACKING pc=0x000002b661d5a95e sp=0x000000f8635f9890 mode 0
Event: 3584.359 Thread 0x000002b67b8e3000 DEOPT PACKING pc=0x000002b6638e03a3 sp=0x000000f861dfa930
Event: 3584.359 Thread 0x000002b67b8e3000 DEOPT UNPACKING pc=0x000002b661d5a95e sp=0x000000f861df9e50 mode 0
Event: 3584.406 Thread 0x000002b67b8e3000 DEOPT PACKING pc=0x000002b6646fd9ed sp=0x000000f861dfa150
Event: 3584.406 Thread 0x000002b67b8e3000 DEOPT UNPACKING pc=0x000002b661d5a95e sp=0x000000f861df9608 mode 0
Event: 3584.681 Thread 0x000002b67b8e3000 DEOPT PACKING pc=0x000002b66273c8b6 sp=0x000000f861dfac90
Event: 3584.681 Thread 0x000002b67b8e3000 DEOPT UNPACKING pc=0x000002b661d5a95e sp=0x000000f861dfa378 mode 0
Event: 3584.800 Thread 0x000002b67b8e3000 DEOPT PACKING pc=0x000002b6646fd9ed sp=0x000000f861dfa150
Event: 3584.800 Thread 0x000002b67b8e3000 DEOPT UNPACKING pc=0x000002b661d5a95e sp=0x000000f861df9608 mode 0

Classes redefined (0 events):
No events

Internal exceptions (20 events):
Event: 3580.534 Thread 0x000002b67e20b800 Exception <a 'sun/nio/fs/WindowsException'{0x000000008e05f1b0}> (0x000000008e05f1b0) thrown at [./src/hotspot/share/prims/jni.cpp, line 615]
Event: 3580.534 Thread 0x000002b67e20b800 Exception <a 'sun/nio/fs/WindowsException'{0x000000008e0603e0}> (0x000000008e0603e0) thrown at [./src/hotspot/share/prims/jni.cpp, line 615]
Event: 3580.544 Thread 0x000002b67e20b800 Exception <a 'sun/nio/fs/WindowsException'{0x000000008e0ba238}> (0x000000008e0ba238) thrown at [./src/hotspot/share/prims/jni.cpp, line 615]
Event: 3580.544 Thread 0x000002b67e20b800 Exception <a 'sun/nio/fs/WindowsException'{0x000000008e0ba370}> (0x000000008e0ba370) thrown at [./src/hotspot/share/prims/jni.cpp, line 615]
Event: 3580.553 Thread 0x000002b67e20b800 Exception <a 'sun/nio/fs/WindowsException'{0x000000008df60600}> (0x000000008df60600) thrown at [./src/hotspot/share/prims/jni.cpp, line 615]
Event: 3580.565 Thread 0x000002b67e20b800 Exception <a 'sun/nio/fs/WindowsException'{0x000000008df90198}> (0x000000008df90198) thrown at [./src/hotspot/share/prims/jni.cpp, line 615]
Event: 3580.577 Thread 0x000002b67e20b800 Exception <a 'sun/nio/fs/WindowsException'{0x000000008dfbe360}> (0x000000008dfbe360) thrown at [./src/hotspot/share/prims/jni.cpp, line 615]
Event: 3580.601 Thread 0x000002b67e20b800 Exception <a 'sun/nio/fs/WindowsException'{0x000000008de2fbc8}> (0x000000008de2fbc8) thrown at [./src/hotspot/share/prims/jni.cpp, line 615]
Event: 3580.633 Thread 0x000002b67e20b800 Exception <a 'sun/nio/fs/WindowsException'{0x000000008dede888}> (0x000000008dede888) thrown at [./src/hotspot/share/prims/jni.cpp, line 615]
Event: 3580.983 Thread 0x000002b67c0e4800 Exception <a 'sun/nio/fs/WindowsException'{0x0000000090890df0}> (0x0000000090890df0) thrown at [./src/hotspot/share/prims/jni.cpp, line 615]
Event: 3580.996 Thread 0x000002b67e217000 Exception <a 'sun/nio/fs/WindowsException'{0x00000000908cf3d8}> (0x00000000908cf3d8) thrown at [./src/hotspot/share/prims/jni.cpp, line 615]
Event: 3580.999 Thread 0x000002b60260a800 Exception <a 'sun/nio/fs/WindowsException'{0x00000000907b20d8}> (0x00000000907b20d8) thrown at [./src/hotspot/share/prims/jni.cpp, line 615]
Event: 3581.239 Thread 0x000002b605fe4000 Exception <a 'sun/nio/fs/WindowsException'{0x00000000908ec2d8}> (0x00000000908ec2d8) thrown at [./src/hotspot/share/prims/jni.cpp, line 615]
Event: 3581.254 Thread 0x000002b605fe8000 Exception <a 'sun/nio/fs/WindowsException'{0x0000000090795e58}> (0x0000000090795e58) thrown at [./src/hotspot/share/prims/jni.cpp, line 615]
Event: 3581.335 Thread 0x000002b605fe8000 Exception <a 'sun/nio/fs/WindowsException'{0x00000000904df928}> (0x00000000904df928) thrown at [./src/hotspot/share/prims/jni.cpp, line 615]
Event: 3581.405 Thread 0x000002b605fe4000 Exception <a 'sun/nio/fs/WindowsException'{0x00000000901efca0}> (0x00000000901efca0) thrown at [./src/hotspot/share/prims/jni.cpp, line 615]
Event: 3581.440 Thread 0x000002b605fe4000 Exception <a 'sun/nio/fs/WindowsException'{0x00000000900c64e8}> (0x00000000900c64e8) thrown at [./src/hotspot/share/prims/jni.cpp, line 615]
Event: 3581.473 Thread 0x000002b605fe4000 Exception <a 'sun/nio/fs/WindowsException'{0x000000008ffddc98}> (0x000000008ffddc98) thrown at [./src/hotspot/share/prims/jni.cpp, line 615]
Event: 3582.917 Thread 0x000002b60260a800 Exception <a 'sun/nio/fs/WindowsException'{0x000000009074aa08}> (0x000000009074aa08) thrown at [./src/hotspot/share/prims/jni.cpp, line 615]
Event: 3583.222 Thread 0x000002b67b8e3000 Exception <a 'sun/nio/fs/WindowsException'{0x0000000090d3bf90}> (0x0000000090d3bf90) thrown at [./src/hotspot/share/prims/jni.cpp, line 615]

Events (20 events):
Event: 3583.784 loading class com/android/tools/r8/internal/hb done
Event: 3584.002 loading class com/android/tools/r8/internal/x7
Event: 3584.002 loading class com/android/tools/r8/internal/x7 done
Event: 3584.004 loading class com/android/tools/r8/internal/ED
Event: 3584.004 loading class com/android/tools/r8/internal/ED done
Event: 3584.078 Executing VM operation: CGC_Operation
Event: 3584.108 Executing VM operation: CGC_Operation done
Event: 3584.118 Executing VM operation: G1CollectForAllocation
Event: 3584.156 Executing VM operation: G1CollectForAllocation done
Event: 3584.460 Executing VM operation: CGC_Operation
Event: 3584.461 Executing VM operation: CGC_Operation done
Event: 3584.509 Executing VM operation: G1CollectForAllocation
Event: 3584.540 Executing VM operation: G1CollectForAllocation done
Event: 3584.612 Executing VM operation: G1CollectForAllocation
Event: 3584.649 Executing VM operation: G1CollectForAllocation done
Event: 3584.876 Executing VM operation: RevokeBias
Event: 3584.877 Executing VM operation: RevokeBias done
Event: 3584.882 Executing VM operation: RevokeBias
Event: 3584.884 Executing VM operation: RevokeBias done
Event: 3584.896 Executing VM operation: G1CollectForAllocation


Dynamic libraries:
0x00007ff726670000 - 0x00007ff72667a000 	F:\AndroidStudio\jre\bin\java.exe
0x00007ff862d70000 - 0x00007ff862f68000 	C:\WINDOWS\SYSTEM32\ntdll.dll
0x00007ff862070000 - 0x00007ff86212d000 	C:\WINDOWS\System32\KERNEL32.DLL
0x00007ff860730000 - 0x00007ff8609fe000 	C:\WINDOWS\System32\KERNELBASE.dll
0x00007ff860a30000 - 0x00007ff860b30000 	C:\WINDOWS\System32\ucrtbase.dll
0x00007ff857dc0000 - 0x00007ff857dd9000 	F:\AndroidStudio\jre\bin\jli.dll
0x00007ff861d90000 - 0x00007ff861f30000 	C:\WINDOWS\System32\USER32.dll
0x00007ff860490000 - 0x00007ff8604b2000 	C:\WINDOWS\System32\win32u.dll
0x00007ff862130000 - 0x00007ff86215a000 	C:\WINDOWS\System32\GDI32.dll
0x00007ff860620000 - 0x00007ff86072b000 	C:\WINDOWS\System32\gdi32full.dll
0x00007ff84da50000 - 0x00007ff84dcea000 	C:\WINDOWS\WinSxS\amd64_microsoft.windows.common-controls_6595b64144ccf1df_6.0.19041.1110_none_60b5254171f9507e\COMCTL32.dll
0x00007ff8604c0000 - 0x00007ff86055d000 	C:\WINDOWS\System32\msvcp_win.dll
0x00007ff8614d0000 - 0x00007ff86156e000 	C:\WINDOWS\System32\msvcrt.dll
0x00007ff8551e0000 - 0x00007ff8551f7000 	F:\AndroidStudio\jre\bin\VCRUNTIME140.dll
0x00007ff861f90000 - 0x00007ff861fc0000 	C:\WINDOWS\System32\IMM32.DLL
0x00007ff84a800000 - 0x00007ff84a89d000 	F:\AndroidStudio\jre\bin\msvcp140.dll
0x00007ffff1f30000 - 0x00007ffff2a15000 	F:\AndroidStudio\jre\bin\server\jvm.dll
0x00007ff862160000 - 0x00007ff86220e000 	C:\WINDOWS\System32\ADVAPI32.dll
0x00007ff862710000 - 0x00007ff8627ac000 	C:\WINDOWS\System32\sechost.dll
0x00007ff862210000 - 0x00007ff862335000 	C:\WINDOWS\System32\RPCRT4.dll
0x00007ff861d80000 - 0x00007ff861d88000 	C:\WINDOWS\System32\PSAPI.DLL
0x00007ff847ac0000 - 0x00007ff847ac9000 	C:\WINDOWS\SYSTEM32\WSOCK32.dll
0x00007ff862ba0000 - 0x00007ff862c0b000 	C:\WINDOWS\System32\WS2_32.dll
0x00007ff83acc0000 - 0x00007ff83ace7000 	C:\WINDOWS\SYSTEM32\WINMM.dll
0x00007ff856d10000 - 0x00007ff856d1a000 	C:\WINDOWS\SYSTEM32\VERSION.dll
0x00007ff85ed10000 - 0x00007ff85ed22000 	C:\WINDOWS\SYSTEM32\kernel.appcore.dll
0x00007ff85af00000 - 0x00007ff85af11000 	F:\AndroidStudio\jre\bin\verify.dll
0x00007ff85e280000 - 0x00007ff85e464000 	C:\WINDOWS\SYSTEM32\DBGHELP.DLL
0x00007ff846680000 - 0x00007ff8466ac000 	C:\WINDOWS\SYSTEM32\dbgcore.DLL
0x00007ff860be0000 - 0x00007ff860c62000 	C:\WINDOWS\System32\bcryptPrimitives.dll
0x00007ff84b9a0000 - 0x00007ff84b9c9000 	F:\AndroidStudio\jre\bin\java.dll
0x00007ff85aee0000 - 0x00007ff85aeeb000 	F:\AndroidStudio\jre\bin\jimage.dll
0x00007ff8576d0000 - 0x00007ff8576e8000 	F:\AndroidStudio\jre\bin\zip.dll
0x00007ff861630000 - 0x00007ff861d73000 	C:\WINDOWS\System32\SHELL32.dll
0x00007ff85e470000 - 0x00007ff85ec05000 	C:\WINDOWS\SYSTEM32\windows.storage.dll
0x00007ff862820000 - 0x00007ff862b74000 	C:\WINDOWS\System32\combase.dll
0x00007ff85fe20000 - 0x00007ff85fe50000 	C:\WINDOWS\SYSTEM32\Wldp.dll
0x00007ff861580000 - 0x00007ff86162d000 	C:\WINDOWS\System32\SHCORE.dll
0x00007ff861240000 - 0x00007ff861295000 	C:\WINDOWS\System32\shlwapi.dll
0x00007ff8603d0000 - 0x00007ff8603ef000 	C:\WINDOWS\SYSTEM32\profapi.dll
0x00007ff857610000 - 0x00007ff85762a000 	F:\AndroidStudio\jre\bin\net.dll
0x00007ff8550a0000 - 0x00007ff8551aa000 	C:\WINDOWS\SYSTEM32\WINHTTP.dll
0x00007ff85fb80000 - 0x00007ff85fbea000 	C:\WINDOWS\system32\mswsock.dll
0x00007ff855e70000 - 0x00007ff855e84000 	F:\AndroidStudio\jre\bin\nio.dll
0x00007ff84aab0000 - 0x00007ff84aad7000 	C:\Users\Sultan\.gradle\native\e1d6ef7f7dcc3fd88c89a11ec53ec762bb8ba0a96d01ffa2cd45eb1d1d8dd5c5\windows-amd64\native-platform.dll
0x00007ff83ee20000 - 0x00007ff83ef64000 	C:\Users\Sultan\.gradle\native\5664cfc778a61ccfe75a443a1ab52a65af34e5dc3c78e0209fed803814484fcb\windows-amd64\native-platform-file-events.dll
0x00007ff85aed0000 - 0x00007ff85aeda000 	F:\AndroidStudio\jre\bin\management.dll
0x00007ff85ae20000 - 0x00007ff85ae2d000 	F:\AndroidStudio\jre\bin\management_ext.dll
0x00007ff85fd70000 - 0x00007ff85fd88000 	C:\WINDOWS\SYSTEM32\CRYPTSP.dll
0x00007ff85f500000 - 0x00007ff85f534000 	C:\WINDOWS\system32\rsaenh.dll
0x00007ff860a00000 - 0x00007ff860a27000 	C:\WINDOWS\System32\bcrypt.dll
0x00007ff860390000 - 0x00007ff8603be000 	C:\WINDOWS\SYSTEM32\USERENV.dll
0x00007ff85fd90000 - 0x00007ff85fd9c000 	C:\WINDOWS\SYSTEM32\CRYPTBASE.dll
0x00007ff85f870000 - 0x00007ff85f8ab000 	C:\WINDOWS\SYSTEM32\IPHLPAPI.DLL
0x00007ff862810000 - 0x00007ff862818000 	C:\WINDOWS\System32\NSI.dll
0x00007ff854f20000 - 0x00007ff854f37000 	C:\WINDOWS\SYSTEM32\dhcpcsvc6.DLL
0x00007ff854f80000 - 0x00007ff854f9d000 	C:\WINDOWS\SYSTEM32\dhcpcsvc.DLL
0x00007ff85f8b0000 - 0x00007ff85f97a000 	C:\WINDOWS\SYSTEM32\DNSAPI.dll
0x00007ff85f190000 - 0x00007ff85f1c3000 	C:\WINDOWS\SYSTEM32\ntmarta.dll
0x00007ff83ee00000 - 0x00007ff83ee1e000 	C:\Users\Sultan\AppData\Local\Temp\native-platform5499898004927354080dir\native-platform.dll
0x00007ff85aef0000 - 0x00007ff85aef8000 	F:\AndroidStudio\jre\bin\rmi.dll
0x00007ff859510000 - 0x00007ff859527000 	C:\WINDOWS\system32\napinsp.dll
0x00007ff8595d0000 - 0x00007ff8595eb000 	C:\WINDOWS\system32\pnrpnsp.dll
0x00007ff85a1b0000 - 0x00007ff85a1c5000 	C:\WINDOWS\system32\wshbth.dll
0x00007ff85b090000 - 0x00007ff85b0ad000 	C:\WINDOWS\system32\NLAapi.dll
0x00007ff85af20000 - 0x00007ff85af32000 	C:\WINDOWS\System32\winrnr.dll
0x00007ff84cf00000 - 0x00007ff84cf0a000 	C:\Windows\System32\rasadhlp.dll
0x00007ff84cf70000 - 0x00007ff84cff0000 	C:\WINDOWS\System32\fwpuclnt.dll
0x00007ff846000000 - 0x00007ff846027000 	F:\AndroidStudio\jre\bin\sunec.dll

dbghelp: loaded successfully - version: 4.0.5 - missing functions: none
symbol engine: initialized successfully - sym options: 0x614 - pdb path: .;F:\AndroidStudio\jre\bin;C:\WINDOWS\SYSTEM32;C:\WINDOWS\WinSxS\amd64_microsoft.windows.common-controls_6595b64144ccf1df_6.0.19041.1110_none_60b5254171f9507e;F:\AndroidStudio\jre\bin\server;C:\Users\Sultan\.gradle\native\e1d6ef7f7dcc3fd88c89a11ec53ec762bb8ba0a96d01ffa2cd45eb1d1d8dd5c5\windows-amd64;C:\Users\Sultan\.gradle\native\5664cfc778a61ccfe75a443a1ab52a65af34e5dc3c78e0209fed803814484fcb\windows-amd64;C:\Users\Sultan\AppData\Local\Temp\native-platform5499898004927354080dir

VM Arguments:
jvm_args: --add-opens=java.base/java.util=ALL-UNNAMED --add-opens=java.base/java.lang=ALL-UNNAMED --add-opens=java.base/java.lang.invoke=ALL-UNNAMED --add-opens=java.base/java.util=ALL-UNNAMED --add-opens=java.prefs/java.util.prefs=ALL-UNNAMED --add-opens=java.prefs/java.util.prefs=ALL-UNNAMED --add-opens=java.base/java.nio.charset=ALL-UNNAMED --add-opens=java.base/java.net=ALL-UNNAMED --add-opens=java.base/java.util.concurrent.atomic=ALL-UNNAMED -Xmx2048m -Dfile.encoding=UTF-8 -Duser.country=RU -Duser.language=ru -Duser.variant 
java_command: org.gradle.launcher.daemon.bootstrap.GradleDaemon 7.3.3
java_class_path (initial): C:\Users\Sultan\.gradle\wrapper\dists\gradle-7.3.3-bin\6a41zxkdtcxs8rphpq6y0069z\gradle-7.3.3\lib\gradle-launcher-7.3.3.jar
Launcher Type: SUN_STANDARD

[Global flags]
     intx CICompilerCount                          = 3                                         {product} {ergonomic}
     uint ConcGCThreads                            = 1                                         {product} {ergonomic}
     uint G1ConcRefinementThreads                  = 4                                         {product} {ergonomic}
   size_t G1HeapRegionSize                         = 1048576                                   {product} {ergonomic}
    uintx GCDrainStackTargetSize                   = 64                                        {product} {ergonomic}
   size_t InitialHeapSize                          = 134217728                                 {product} {ergonomic}
   size_t MarkStackSize                            = 4194304                                   {product} {ergonomic}
   size_t MaxHeapSize                              = 2147483648                                {product} {command line}
   size_t MaxNewSize                               = 1287651328                                {product} {ergonomic}
   size_t MinHeapDeltaBytes                        = 1048576                                   {product} {ergonomic}
    uintx NonNMethodCodeHeapSize                   = 5830732                                {pd product} {ergonomic}
    uintx NonProfiledCodeHeapSize                  = 122913754                              {pd product} {ergonomic}
    uintx ProfiledCodeHeapSize                     = 122913754                              {pd product} {ergonomic}
    uintx ReservedCodeCacheSize                    = 251658240                              {pd product} {ergonomic}
     bool SegmentedCodeCache                       = true                                      {product} {ergonomic}
     bool UseCompressedClassPointers               = true                                 {lp64_product} {ergonomic}
     bool UseCompressedOops                        = true                                 {lp64_product} {ergonomic}
     bool UseG1GC                                  = true                                      {product} {ergonomic}
     bool UseLargePagesIndividualAllocation        = false                                  {pd product} {ergonomic}

Logging:
Log output configuration:
 #0: stdout all=warning uptime,level,tags
 #1: stderr all=off uptime,level,tags

Environment Variables:
JAVA_HOME=C:\Program Files\Java\jdk-18.0.2.1
PATH=C:\Program Files\Common Files\Oracle\Java\javapath;C:\WINDOWS\system32;C:\WINDOWS;C:\WINDOWS\System32\Wbem;C:\WINDOWS\System32\WindowsPowerShell\v1.0\;C:\WINDOWS\System32\OpenSSH\;C:\Program Files\Java\jdk-18.0.2.1\bin;F:\Git\cmd;C:\Users\Sultan\AppData\Local\Microsoft\WindowsApps;;C:\Program Files\JetBrains\IntelliJ IDEA Community Edition 2022.2.1\bin;;F:\Microsoft VS Code\bin
USERNAME=Sultan
OS=Windows_NT
PROCESSOR_IDENTIFIER=Intel64 Family 6 Model 142 Stepping 10, GenuineIntel



---------------  S Y S T E M  ---------------

OS: Windows 10 , 64 bit Build 19041 (10.0.19041.1889)
OS uptime: 0 days 13:38 hours

CPU:total 4 (initial active 4) (2 cores per cpu, 2 threads per core) family 6 model 142 stepping 10 microcode 0xb4, cmov, cx8, fxsr, mmx, sse, sse2, sse3, ssse3, sse4.1, sse4.2, popcnt, avx, avx2, aes, clmul, erms, 3dnowpref, lzcnt, ht, tsc, tscinvbit, bmi1, bmi2, adx, fma

Memory: 4k page, system-wide physical 8108M (563M free)
TotalPageFile size 10156M (AvailPageFile size 23M)
current process WorkingSet (physical memory assigned to process): 745M, peak: 749M
current process commit charge ("private bytes"): 902M, peak: 1106M

vm_info: OpenJDK 64-Bit Server VM (11.0.12+7-b1504.28-7817840) for windows-amd64 JRE (11.0.12+7-b1504.28-7817840), built on Oct 13 2021 22:12:33 by "builder" with MS VC++ 14.0 (VS2015)

END.
